TN:
SF:C:\Users\Vladislav Volosnikov\Desktop\Algebra2\Algebra\src\core\contracts\AlgebraFactory.sol
FN:24,onlyOwner
FN:32,constructor
FN:40,createPool
FN:59,setOwner
FN:65,setStakerAddress
FN:75,computeAddress
FNF:6
FNH:5
FNDA:5,onlyOwner
FNDA:939,constructor
FNDA:18,createPool
FNDA:3,setOwner
FNDA:0,setStakerAddress
FNDA:6,computeAddress
DA:25,5
DA:26,3
DA:33,939
DA:34,939
DA:36,939
DA:41,18
DA:42,16
DA:43,16
DA:44,14
DA:46,6
DA:50,6
DA:52,6
DA:54,6
DA:55,6
DA:60,3
DA:61,3
DA:66,0
DA:76,6
LF:18
LH:17
BRDA:25,1,0,3
BRDA:25,1,1,2
BRDA:41,2,0,16
BRDA:41,2,1,2
BRDA:43,3,0,14
BRDA:43,3,1,2
BRDA:44,4,0,6
BRDA:44,4,1,8
BRF:8
BRH:8
end_of_record
TN:
SF:C:\Users\Vladislav Volosnikov\Desktop\Algebra2\Algebra\src\core\contracts\AlgebraPool.sol
FN:68,onlyFactoryOwner
FN:73,constructor
FN:77,balanceToken0
FN:81,balanceToken1
FN:86,timepoints
FN:102,tickValidation
FN:115,getInnerCumulatives
FN:176,getTimepoints
FN:198,initialize
FN:221,_recalculatePosition
FN:261,_modifyPosition
FN:368,_getAmountsForLiquidity
FN:420,getOrCreatePosition
FN:443,mint
FN:515,collect
FN:538,burn
FN:558,_changeFee
FN:569,swap
FN:617,swapSupportingFeeOnInputTokens
FN:723,_calculateSwap
FN:959,flash
FN:1001,setCommunityFee
FN:1019,collectCommunityFee
FN:1040,setIncentive
FNF:24
FNH:23
FNDA:47,onlyFactoryOwner
FNDA:509,constructor
FNDA:1814,balanceToken0
FNDA:1625,balanceToken1
FNDA:7,timepoints
FNDA:1186,tickValidation
FNDA:28,getInnerCumulatives
FNDA:4,getTimepoints
FNDA:470,initialize
FNDA:1148,_recalculatePosition
FNDA:1155,_modifyPosition
FNDA:1792,_getAmountsForLiquidity
FNDA:1569,getOrCreatePosition
FNDA:687,mint
FNDA:414,collect
FNDA:472,burn
FNDA:1274,_changeFee
FNDA:556,swap
FNDA:60,swapSupportingFeeOnInputTokens
FNDA:616,_calculateSwap
FNDA:38,flash
FNDA:42,setCommunityFee
FNDA:3,collectCommunityFee
FNDA:0,setIncentive
DA:69,47
DA:70,45
DA:74,509
DA:78,1814
DA:82,1625
DA:99,7
DA:103,1186
DA:104,1183
DA:105,1182
DA:125,28
DA:127,26
DA:128,26
DA:130,26
DA:131,26
DA:132,26
DA:133,26
DA:139,26
DA:144,26
DA:145,24
DA:148,22
DA:150,22
DA:151,5
DA:157,10
DA:158,10
DA:161,10
DA:167,7
DA:187,4
DA:199,470
DA:201,469
DA:204,465
DA:207,465
DA:208,465
DA:209,465
DA:211,465
DA:227,1148
DA:228,1148
DA:229,1148
DA:231,1148
DA:232,1148
DA:233,39
DA:235,1109
DA:238,1147
DA:244,1147
DA:245,1147
DA:246,1147
DA:249,1147
DA:250,242
DA:251,242
DA:274,1155
DA:276,1155
DA:278,1155
DA:280,1155
DA:281,1155
DA:282,1155
DA:283,1116
DA:284,1116
DA:288,1116
DA:301,1012
DA:302,1012
DA:305,1111
DA:318,1015
DA:319,1015
DA:323,1148
DA:331,1148
DA:335,1147
DA:336,432
DA:337,396
DA:339,432
DA:340,395
DA:344,1147
DA:345,1109
DA:346,1109
DA:352,1109
DA:353,722
DA:354,722
DA:361,722
DA:362,722
DA:363,722
DA:383,1792
DA:384,273
DA:390,1149
DA:395,1149
DA:401,1149
DA:405,370
DA:425,1569
DA:426,1569
DA:429,1569
DA:450,687
DA:451,686
DA:452,683
DA:453,683
DA:460,683
DA:461,683
DA:464,683
DA:465,683
DA:466,683
DA:467,683
DA:468,683
DA:469,683
DA:470,683
DA:471,683
DA:474,683
DA:475,26
DA:477,683
DA:478,26
DA:479,26
DA:480,26
DA:484,683
DA:486,683
DA:487,683
DA:494,677
DA:495,677
DA:498,677
DA:499,26
DA:501,677
DA:502,26
DA:504,677
DA:505,677
DA:516,414
DA:518,414
DA:519,414
DA:521,414
DA:522,329
DA:523,329
DA:525,414
DA:526,316
DA:527,316
DA:530,414
DA:539,472
DA:540,472
DA:547,470
DA:548,470
DA:550,470
DA:551,432
DA:554,470
DA:564,1274
DA:565,1274
DA:576,556
DA:577,556
DA:578,556
DA:579,556
DA:580,556
DA:582,556
DA:592,505
DA:594,313
DA:596,313
DA:598,313
DA:599,313
DA:602,192
DA:604,192
DA:606,192
DA:607,191
DA:610,496
DA:612,496
DA:613,496
DA:625,60
DA:626,60
DA:627,60
DA:628,60
DA:629,60
DA:633,60
DA:634,30
DA:635,30
DA:636,30
DA:638,30
DA:639,30
DA:640,30
DA:643,60
DA:654,56
DA:655,28
DA:658,28
DA:659,3
DA:662,28
DA:665,28
DA:666,3
DA:670,56
DA:672,56
DA:673,56
DA:739,616
DA:740,616
DA:741,616
DA:742,616
DA:743,616
DA:744,615
DA:746,615
DA:753,561
DA:754,561
DA:755,561
DA:756,561
DA:758,561
DA:759,561
DA:760,561
DA:762,561
DA:763,561
DA:764,561
DA:765,561
DA:767,561
DA:768,561
DA:769,0
DA:770,0
DA:773,0
DA:774,0
DA:777,0
DA:783,561
DA:785,561
DA:786,3993
DA:788,3993
DA:790,3993
DA:794,3993
DA:805,3993
DA:807,3393
DA:809,3393
DA:812,600
DA:814,600
DA:817,3993
DA:818,548
DA:819,548
DA:820,548
DA:823,3993
DA:824,2847
DA:826,3993
DA:828,3433
DA:830,195
DA:831,157
DA:834,157
DA:835,157
DA:838,195
DA:839,0
DA:840,0
DA:843,195
DA:844,195
DA:849,144
DA:863,51
DA:873,195
DA:886,3433
DA:890,548
DA:894,561
DA:899,561
DA:900,492
DA:907,492
DA:908,40
DA:909,40
DA:911,492
DA:918,492
DA:919,0
DA:920,0
DA:921,0
DA:922,0
DA:924,0
DA:930,69
DA:933,561
DA:944,561
DA:945,341
DA:946,341
DA:948,220
DA:949,220
DA:960,38
DA:961,38
DA:963,35
DA:965,35
DA:966,35
DA:967,35
DA:968,35
DA:970,35
DA:971,34
DA:973,33
DA:975,33
DA:976,33
DA:978,33
DA:979,31
DA:981,29
DA:982,29
DA:984,29
DA:985,25
DA:986,25
DA:987,25
DA:988,25
DA:990,29
DA:991,18
DA:992,18
DA:993,18
DA:994,18
DA:997,29
DA:1002,42
DA:1006,34
DA:1010,34
DA:1011,34
DA:1020,3
DA:1022,3
DA:1023,3
DA:1025,3
DA:1026,2
DA:1027,2
DA:1028,2
DA:1030,3
DA:1031,1
DA:1032,1
DA:1033,1
DA:1036,3
DA:1045,0
DA:1046,0
DA:1047,0
DA:1049,0
LF:303
LH:287
BRDA:69,1,0,45
BRDA:69,1,1,2
BRDA:103,2,0,1183
BRDA:103,2,1,3
BRDA:104,3,0,1182
BRDA:104,3,1,1
BRDA:105,4,0,1181
BRDA:105,4,1,1
BRDA:144,5,0,24
BRDA:144,5,1,2
BRDA:145,6,0,22
BRDA:145,6,1,2
BRDA:150,7,0,5
BRDA:150,7,1,17
BRDA:156,8,0,10
BRDA:156,8,1,7
BRDA:199,9,0,469
BRDA:199,9,1,1
BRDA:232,10,0,39
BRDA:232,10,1,1109
BRDA:233,11,0,38
BRDA:233,11,1,1
BRDA:244,12,0,1109
BRDA:244,12,1,38
BRDA:249,13,0,242
BRDA:249,13,1,905
BRDA:282,14,0,1116
BRDA:282,14,1,39
BRDA:288,15,0,1012
BRDA:288,15,1,100
BRDA:305,16,0,1015
BRDA:305,16,1,95
BRDA:335,17,0,432
BRDA:335,17,1,715
BRDA:336,18,0,396
BRDA:336,18,1,36
BRDA:339,19,0,395
BRDA:339,19,1,37
BRDA:344,20,0,1109
BRDA:344,20,1,38
BRDA:352,21,0,722
BRDA:352,21,1,387
BRDA:383,22,0,273
BRDA:383,22,1,1519
BRDA:389,23,0,1149
BRDA:389,23,1,370
BRDA:450,24,0,686
BRDA:450,24,1,1
BRDA:467,25,0,530
BRDA:467,25,1,153
BRDA:468,26,0,557
BRDA:468,26,1,126
BRDA:470,27,0,530
BRDA:470,27,1,153
BRDA:470,28,0,530
BRDA:470,28,1,0
BRDA:471,29,0,557
BRDA:471,29,1,126
BRDA:471,30,0,557
BRDA:471,30,1,0
BRDA:474,31,0,26
BRDA:474,31,1,657
BRDA:477,32,0,26
BRDA:477,32,1,657
BRDA:479,33,0,26
BRDA:479,33,1,0
BRDA:484,34,0,683
BRDA:484,34,1,0
BRDA:494,35,0,677
BRDA:494,35,1,0
BRDA:495,36,0,677
BRDA:495,36,1,0
BRDA:498,37,0,26
BRDA:498,37,1,651
BRDA:501,38,0,26
BRDA:501,38,1,651
BRDA:521,39,0,329
BRDA:521,39,1,85
BRDA:525,40,0,316
BRDA:525,40,1,98
BRDA:550,41,0,432
BRDA:550,41,1,38
BRDA:592,42,0,313
BRDA:592,42,1,192
BRDA:594,43,0,295
BRDA:594,43,1,18
BRDA:599,44,0,309
BRDA:599,44,1,4
BRDA:602,45,0,176
BRDA:602,45,1,16
BRDA:607,46,0,187
BRDA:607,46,1,4
BRDA:633,47,0,30
BRDA:633,47,1,30
BRDA:636,48,0,30
BRDA:636,48,1,0
BRDA:640,49,0,30
BRDA:640,49,1,0
BRDA:654,50,0,28
BRDA:654,50,1,28
BRDA:655,51,0,23
BRDA:655,51,1,5
BRDA:658,52,0,3
BRDA:658,52,1,25
BRDA:662,53,0,23
BRDA:662,53,1,5
BRDA:665,54,0,3
BRDA:665,54,1,25
BRDA:743,55,0,615
BRDA:743,55,1,1
BRDA:744,56,0,615
BRDA:744,56,1,0
BRDA:746,57,0,561
BRDA:746,57,1,54
BRDA:768,58,0,0
BRDA:768,58,1,561
BRDA:773,59,0,0
BRDA:773,59,1,0
BRDA:774,60,0,0
BRDA:774,60,1,0
BRDA:805,61,0,3393
BRDA:805,61,1,600
BRDA:817,62,0,548
BRDA:817,62,1,3445
BRDA:823,63,0,2847
BRDA:823,63,1,1146
BRDA:826,64,0,3433
BRDA:826,64,1,560
BRDA:828,65,0,195
BRDA:828,65,1,3238
BRDA:830,66,0,157
BRDA:830,66,1,38
BRDA:838,67,0,0
BRDA:838,67,1,195
BRDA:839,68,0,0
BRDA:839,68,1,0
BRDA:844,69,0,144
BRDA:844,69,1,51
BRDA:887,70,0,548
BRDA:887,70,1,12
BRDA:899,71,0,492
BRDA:899,71,1,69
BRDA:907,72,0,40
BRDA:907,72,1,452
BRDA:918,73,0,0
BRDA:918,73,1,492
BRDA:919,74,0,0
BRDA:919,74,1,0
BRDA:920,75,0,0
BRDA:920,75,1,0
BRDA:944,76,0,341
BRDA:944,76,1,220
BRDA:946,77,0,89
BRDA:946,77,1,252
BRDA:949,78,0,37
BRDA:949,78,1,183
BRDA:961,79,0,35
BRDA:961,79,1,3
BRDA:970,80,0,13
BRDA:970,80,1,22
BRDA:971,81,0,12
BRDA:971,81,1,22
BRDA:978,82,0,31
BRDA:978,82,1,2
BRDA:979,83,0,29
BRDA:979,83,1,2
BRDA:984,84,0,25
BRDA:984,84,1,4
BRDA:987,85,0,2
BRDA:987,85,1,23
BRDA:990,86,0,18
BRDA:990,86,1,11
BRDA:993,87,0,3
BRDA:993,87,1,15
BRDA:1002,88,0,34
BRDA:1002,88,1,8
BRDA:1025,89,0,2
BRDA:1025,89,1,1
BRDA:1026,90,0,2
BRDA:1026,90,1,0
BRDA:1030,91,0,1
BRDA:1030,91,1,2
BRDA:1031,92,0,1
BRDA:1031,92,1,0
BRDA:1045,93,0,0
BRDA:1045,93,1,0
BRDA:1046,94,0,0
BRDA:1046,94,1,0
BRF:188
BRH:160
end_of_record
TN:
SF:C:\Users\Vladislav Volosnikov\Desktop\Algebra2\Algebra\src\core\contracts\AlgebraPoolDeployer.sol
FN:21,onlyFactory
FN:26,onlyOwner
FN:31,constructor
FN:36,setFactory
FN:47,deploy
FNF:5
FNH:5
FNDA:6,onlyFactory
FNDA:1,onlyOwner
FNDA:939,constructor
FNDA:1,setFactory
FNDA:6,deploy
DA:22,6
DA:23,6
DA:27,1
DA:28,1
DA:32,939
DA:37,1
DA:38,1
DA:48,6
DA:49,6
LF:9
LH:9
BRDA:22,1,0,6
BRDA:22,1,1,0
BRDA:27,2,0,1
BRDA:27,2,1,0
BRDA:37,3,0,1
BRDA:37,3,1,0
BRF:6
BRH:3
end_of_record
TN:
SF:C:\Users\Vladislav Volosnikov\Desktop\Algebra2\Algebra\src\core\contracts\base\PoolImmutables.sol
FN:25,constructor
FNF:1
FNH:1
FNDA:509,constructor
DA:26,509
LF:1
LH:1
BRF:0
BRH:0
end_of_record
TN:
SF:C:\Users\Vladislav Volosnikov\Desktop\Algebra2\Algebra\src\core\contracts\base\PoolState.sol
FN:51,lock
FN:62,_blockTimestamp
FNF:2
FNH:1
FNDA:1667,lock
FNDA:0,_blockTimestamp
DA:52,1667
DA:53,1658
DA:54,1658
DA:55,1627
DA:63,0
LF:5
LH:4
BRDA:52,1,0,1658
BRDA:52,1,1,9
BRF:2
BRH:2
end_of_record
TN:
SF:C:\Users\Vladislav Volosnikov\Desktop\Algebra2\Algebra\src\core\contracts\DataStorageOperator.sol
FN:21,onlyPool
FN:26,onlyFactory
FN:31,constructor
FN:46,initialize
FN:50,changeFeeConfiguration
FN:74,getSingleTimepoint
FN:95,getTimepoints
FN:111,getAverages
FN:121,write
FN:125,calculateVolumePerLiquidity
FN:138,timeAgo
FN:147,getFee
FNF:12
FNH:8
FNDA:4240,onlyPool
FNDA:0,onlyFactory
FNDA:509,constructor
FNDA:465,initialize
FNDA:0,changeFeeConfiguration
FNDA:1283,getSingleTimepoint
FNDA:4,getTimepoints
FNDA:0,getAverages
FNDA:1214,write
FNDA:561,calculateVolumePerLiquidity
FNDA:0,timeAgo
FNDA:1274,getFee
DA:22,4240
DA:23,4240
DA:27,0
DA:28,0
DA:32,509
DA:33,509
DA:34,509
DA:47,465
DA:60,0
DA:61,0
DA:82,1283
DA:103,4
DA:112,0
DA:122,1214
DA:130,561
DA:131,561
DA:132,561
DA:134,561
DA:135,523
DA:139,0
DA:148,1274
DA:155,1274
LF:22
LH:16
BRDA:22,1,0,4240
BRDA:22,1,1,0
BRDA:27,2,0,0
BRDA:27,2,1,0
BRDA:60,3,0,0
BRDA:60,3,1,0
BRDA:132,4,0,0
BRDA:132,4,1,561
BRDA:134,5,0,38
BRDA:134,5,1,523
BRF:10
BRH:4
end_of_record
TN:
SF:C:\Users\Vladislav Volosnikov\Desktop\Algebra2\Algebra\src\core\contracts\interfaces\callback\IAlgebraFlashCallback.sol
FNF:0
FNH:0
LF:0
LH:0
BRF:0
BRH:0
end_of_record
TN:
SF:C:\Users\Vladislav Volosnikov\Desktop\Algebra2\Algebra\src\core\contracts\interfaces\callback\IAlgebraMintCallback.sol
FNF:0
FNH:0
LF:0
LH:0
BRF:0
BRH:0
end_of_record
TN:
SF:C:\Users\Vladislav Volosnikov\Desktop\Algebra2\Algebra\src\core\contracts\interfaces\callback\IAlgebraSwapCallback.sol
FNF:0
FNH:0
LF:0
LH:0
BRF:0
BRH:0
end_of_record
TN:
SF:C:\Users\Vladislav Volosnikov\Desktop\Algebra2\Algebra\src\core\contracts\interfaces\IAlgebraFactory.sol
FNF:0
FNH:0
LF:0
LH:0
BRF:0
BRH:0
end_of_record
TN:
SF:C:\Users\Vladislav Volosnikov\Desktop\Algebra2\Algebra\src\core\contracts\interfaces\IAlgebraPool.sol
FNF:0
FNH:0
LF:0
LH:0
BRF:0
BRH:0
end_of_record
TN:
SF:C:\Users\Vladislav Volosnikov\Desktop\Algebra2\Algebra\src\core\contracts\interfaces\IAlgebraPoolDeployer.sol
FNF:0
FNH:0
LF:0
LH:0
BRF:0
BRH:0
end_of_record
TN:
SF:C:\Users\Vladislav Volosnikov\Desktop\Algebra2\Algebra\src\core\contracts\interfaces\IAlgebraVirtualPool.sol
FNF:0
FNH:0
LF:0
LH:0
BRF:0
BRH:0
end_of_record
TN:
SF:C:\Users\Vladislav Volosnikov\Desktop\Algebra2\Algebra\src\core\contracts\interfaces\IDataStorageOperator.sol
FNF:0
FNH:0
LF:0
LH:0
BRF:0
BRH:0
end_of_record
TN:
SF:C:\Users\Vladislav Volosnikov\Desktop\Algebra2\Algebra\src\core\contracts\interfaces\IERC20Minimal.sol
FNF:0
FNH:0
LF:0
LH:0
BRF:0
BRH:0
end_of_record
TN:
SF:C:\Users\Vladislav Volosnikov\Desktop\Algebra2\Algebra\src\core\contracts\interfaces\pool\IAlgebraPoolActions.sol
FNF:0
FNH:0
LF:0
LH:0
BRF:0
BRH:0
end_of_record
TN:
SF:C:\Users\Vladislav Volosnikov\Desktop\Algebra2\Algebra\src\core\contracts\interfaces\pool\IAlgebraPoolDerivedState.sol
FNF:0
FNH:0
LF:0
LH:0
BRF:0
BRH:0
end_of_record
TN:
SF:C:\Users\Vladislav Volosnikov\Desktop\Algebra2\Algebra\src\core\contracts\interfaces\pool\IAlgebraPoolEvents.sol
FNF:0
FNH:0
LF:0
LH:0
BRF:0
BRH:0
end_of_record
TN:
SF:C:\Users\Vladislav Volosnikov\Desktop\Algebra2\Algebra\src\core\contracts\interfaces\pool\IAlgebraPoolImmutables.sol
FNF:0
FNH:0
LF:0
LH:0
BRF:0
BRH:0
end_of_record
TN:
SF:C:\Users\Vladislav Volosnikov\Desktop\Algebra2\Algebra\src\core\contracts\interfaces\pool\IAlgebraPoolPermissionedActions.sol
FNF:0
FNH:0
LF:0
LH:0
BRF:0
BRH:0
end_of_record
TN:
SF:C:\Users\Vladislav Volosnikov\Desktop\Algebra2\Algebra\src\core\contracts\interfaces\pool\IAlgebraPoolState.sol
FNF:0
FNH:0
LF:0
LH:0
BRF:0
BRH:0
end_of_record
TN:
SF:C:\Users\Vladislav Volosnikov\Desktop\Algebra2\Algebra\src\core\contracts\libraries\AdaptiveFee.sol
FN:19,getFee
FN:30,sigmoid
FN:49,exp
FNF:3
FNH:3
FNDA:1350,getFee
FNDA:4050,sigmoid
FNDA:1487,exp
DA:24,1350
DA:25,1350
DA:27,1350
DA:36,4050
DA:37,174
DA:38,174
DA:39,51
DA:40,51
DA:42,3876
DA:43,3876
DA:44,1436
DA:45,1436
DA:50,1487
LF:13
LH:13
BRDA:36,1,0,174
BRDA:36,1,1,3876
BRDA:38,2,0,123
BRDA:38,2,1,51
BRDA:43,3,0,2440
BRDA:43,3,1,1436
BRF:6
BRH:6
end_of_record
TN:
SF:C:\Users\Vladislav Volosnikov\Desktop\Algebra2\Algebra\src\core\contracts\libraries\Constants.sol
FNF:0
FNH:0
LF:0
LH:0
BRF:0
BRH:0
end_of_record
TN:
SF:C:\Users\Vladislav Volosnikov\Desktop\Algebra2\Algebra\src\core\contracts\libraries\DataStorage.sol
FN:36,createNewTimepoint
FN:64,lteConsideringOverflow
FN:75,_averages
FN:132,binarySearch
FN:190,getSurroundingTimepoints
FN:238,getSingleTimepoint
FN:329,getTimepoints
FN:368,getAverages
FN:406,initialize
FN:427,write
FNF:10
FNH:10
FNDA:302,createNewTimepoint
FNDA:4453,lteConsideringOverflow
FNDA:2716,_averages
FNDA:79,binarySearch
FNDA:108,getSurroundingTimepoints
FNDA:2696,getSingleTimepoint
FNDA:72,getTimepoints
FNDA:1274,getAverages
FNDA:495,initialize
FNDA:1253,write
DA:44,302
DA:46,302
DA:69,4453
DA:71,4453
DA:82,2716
DA:84,2716
DA:85,2716
DA:87,2716
DA:88,10
DA:89,6
DA:105,6
DA:107,4
DA:108,4
DA:116,2706
DA:138,79
DA:139,79
DA:140,79
DA:141,79
DA:142,79
DA:143,1201
DA:144,1201
DA:145,1201
DA:158,1201
DA:159,1056
DA:160,1056
DA:164,145
DA:165,115
DA:166,115
DA:167,79
DA:168,79
DA:169,79
DA:170,79
DA:172,36
DA:174,30
DA:199,108
DA:200,23
DA:201,23
DA:203,5
DA:205,18
DA:207,18
DA:213,85
DA:214,85
DA:216,0
DA:220,85
DA:223,79
DA:255,2696
DA:256,2588
DA:258,2588
DA:259,2588
DA:260,2588
DA:268,108
DA:270,108
DA:279,102
DA:281,18
DA:289,30
DA:297,54
DA:298,54
DA:299,54
DA:346,72
DA:347,72
DA:348,72
DA:349,72
DA:350,72
DA:351,129
DA:375,1274
DA:376,1274
DA:377,1274
DA:385,1274
DA:386,4
DA:394,4
DA:399,1270
DA:407,495
DA:435,1253
DA:438,1253
DA:439,1143
DA:442,110
DA:443,110
DA:444,110
LF:78
LH:77
BRDA:71,1,0,4353
BRDA:71,1,1,100
BRDA:85,2,0,2716
BRDA:85,2,1,0
BRDA:87,3,0,10
BRDA:87,3,1,2706
BRDA:88,4,0,6
BRDA:88,4,1,4
BRDA:158,5,0,1056
BRDA:158,5,1,145
BRDA:164,6,0,115
BRDA:164,6,1,30
BRDA:166,7,0,79
BRDA:166,7,1,36
BRDA:199,8,0,23
BRDA:199,8,1,85
BRDA:201,9,0,5
BRDA:201,9,1,18
BRDA:213,10,0,85
BRDA:213,10,1,0
BRDA:220,11,0,79
BRDA:220,11,1,6
BRDA:255,12,0,2588
BRDA:255,12,1,108
BRDA:259,13,0,174
BRDA:259,13,1,2414
BRDA:279,14,0,18
BRDA:279,14,1,84
BRDA:287,15,0,30
BRDA:287,15,1,54
BRDA:376,16,0,1274
BRDA:376,16,1,0
BRDA:385,17,0,4
BRDA:385,17,1,1270
BRDA:438,18,0,1143
BRDA:438,18,1,110
BRF:36
BRH:33
end_of_record
TN:
SF:C:\Users\Vladislav Volosnikov\Desktop\Algebra2\Algebra\src\core\contracts\libraries\FullMath.sol
FN:15,mulDiv
FN:109,mulDivRoundingUp
FN:134,divRoundingUp
FNF:3
FNH:3
FNDA:15036,mulDiv
FNDA:10589,mulDivRoundingUp
FNDA:3585,divRoundingUp
DA:25,15036
DA:26,15036
DA:27,15036
DA:34,15036
DA:37,15027
DA:38,11894
DA:41,11894
DA:51,3133
DA:60,3133
DA:62,3133
DA:67,3133
DA:73,3133
DA:76,3133
DA:83,3133
DA:87,3133
DA:88,3133
DA:89,3133
DA:90,3133
DA:91,3133
DA:92,3133
DA:100,3133
DA:101,3133
DA:114,10589
DA:115,9012
DA:116,9011
DA:119,9011
DA:122,1577
DA:123,1573
DA:124,1537
DA:125,1535
DA:135,3585
LF:31
LH:31
BRDA:34,1,0,15027
BRDA:34,1,1,9
BRDA:37,2,0,11894
BRDA:37,2,1,3133
BRDA:114,3,0,9012
BRDA:114,3,1,1577
BRDA:115,4,0,9011
BRDA:115,4,1,1
BRDA:123,5,0,1537
BRDA:123,5,1,36
BRDA:124,6,0,1535
BRDA:124,6,1,2
BRF:12
BRH:12
end_of_record
TN:
SF:C:\Users\Vladislav Volosnikov\Desktop\Algebra2\Algebra\src\core\contracts\libraries\LiquidityMath.sol
FN:10,addDelta
FNF:1
FNH:1
FNDA:4282,addDelta
DA:11,4282
DA:12,1671
DA:14,2611
LF:3
LH:3
BRDA:11,1,0,1671
BRDA:11,1,1,2611
BRDA:12,2,0,1668
BRDA:12,2,1,3
BRDA:14,3,0,2610
BRDA:14,3,1,1
BRF:6
BRH:6
end_of_record
TN:
SF:C:\Users\Vladislav Volosnikov\Desktop\Algebra2\Algebra\src\core\contracts\libraries\LowGasSafeMath.sol
FN:11,add
FN:19,sub
FN:27,mul
FN:35,add
FN:43,sub
FNF:5
FNH:4
FNDA:654,add
FNDA:60,sub
FNDA:0,mul
FNDA:1729,add
FNDA:4512,sub
DA:12,654
DA:20,60
DA:28,0
DA:36,1729
DA:44,4512
LF:5
LH:4
BRDA:12,1,0,654
BRDA:12,1,1,0
BRDA:20,2,0,60
BRDA:20,2,1,0
BRDA:28,3,0,0
BRDA:28,3,1,0
BRDA:36,4,0,1729
BRDA:36,4,1,0
BRDA:44,5,0,4512
BRDA:44,5,1,0
BRF:10
BRH:4
end_of_record
TN:
SF:C:\Users\Vladislav Volosnikov\Desktop\Algebra2\Algebra\src\core\contracts\libraries\PriceMovementMath.sol
FN:20,getNewPriceAfterInput
FN:36,getNewPriceAfterOutput
FN:45,getNewPrice
FN:102,getTokenADelta01
FN:110,getTokenADelta10
FN:118,getTokenBDelta01
FN:126,getTokenBDelta10
FN:145,movePriceTowardsTarget
FNF:8
FNH:8
FNDA:326,getNewPriceAfterInput
FNDA:82,getNewPriceAfterOutput
FNDA:408,getNewPrice
FNDA:2481,getTokenADelta01
FNDA:1839,getTokenADelta10
FNDA:2282,getTokenBDelta01
FNDA:1792,getTokenBDelta10
FNDA:4010,movePriceTowardsTarget
DA:26,326
DA:42,82
DA:52,408
DA:53,406
DA:55,404
DA:57,280
DA:58,275
DA:60,275
DA:61,236
DA:62,236
DA:63,234
DA:64,234
DA:66,234
DA:69,2
DA:71,39
DA:74,39
DA:75,38
DA:76,35
DA:81,124
DA:82,84
DA:91,40
DA:95,39
DA:97,37
DA:107,2481
DA:115,1839
DA:123,2282
DA:131,1792
DA:162,4010
DA:166,4010
DA:168,3403
DA:169,3403
DA:170,3403
DA:171,3093
DA:172,3093
DA:174,310
DA:175,310
DA:177,310
DA:180,310
DA:182,0
DA:186,3403
DA:188,607
DA:192,607
DA:193,607
DA:195,64
DA:197,64
DA:199,64
DA:203,64
DA:204,13
DA:208,607
DA:209,607
LF:50
LH:49
BRDA:52,1,0,406
BRDA:52,1,1,2
BRDA:53,2,0,404
BRDA:53,2,1,2
BRDA:55,3,0,280
BRDA:55,3,1,124
BRDA:57,4,0,5
BRDA:57,4,1,275
BRDA:60,5,0,236
BRDA:60,5,1,39
BRDA:62,6,0,234
BRDA:62,6,1,2
BRDA:64,7,0,234
BRDA:64,7,1,0
BRDA:74,8,0,38
BRDA:74,8,1,1
BRDA:75,9,0,35
BRDA:75,9,1,3
BRDA:81,10,0,84
BRDA:81,10,1,40
BRDA:95,11,0,37
BRDA:95,11,1,2
BRDA:166,12,0,3403
BRDA:166,12,1,607
BRDA:170,13,0,3093
BRDA:170,13,1,310
BRDA:175,14,0,310
BRDA:175,14,1,0
BRDA:193,15,0,543
BRDA:193,15,1,64
BRDA:197,16,0,64
BRDA:197,16,1,0
BRDA:203,17,0,13
BRDA:203,17,1,51
BRF:34
BRH:31
end_of_record
TN:
SF:C:\Users\Vladislav Volosnikov\Desktop\Algebra2\Algebra\src\core\contracts\libraries\SafeCast.sol
FN:10,toUint160
FN:17,toInt128
FN:24,toInt256
FNF:3
FNH:3
FNDA:119,toUint160
FNDA:4080,toInt128
FNDA:11307,toInt256
DA:11,119
DA:18,4080
DA:25,11307
DA:26,11307
LF:4
LH:4
BRDA:11,1,0,118
BRDA:11,1,1,1
BRDA:18,2,0,4080
BRDA:18,2,1,0
BRDA:25,3,0,11307
BRDA:25,3,1,0
BRF:6
BRH:4
end_of_record
TN:
SF:C:\Users\Vladislav Volosnikov\Desktop\Algebra2\Algebra\src\core\contracts\libraries\Sqrt.sol
FN:5,sqrt
FNF:1
FNH:1
FNDA:1122,sqrt
DA:7,1122
DA:8,1122
DA:9,1122
DA:11,1060
DA:12,1060
DA:13,1060
DA:14,0
DA:15,0
DA:17,1060
DA:18,46
DA:19,46
DA:21,1060
DA:22,848
DA:23,848
DA:25,1060
DA:26,822
DA:27,822
DA:29,1060
DA:30,918
DA:31,918
DA:33,1060
DA:34,495
DA:35,495
DA:37,1060
DA:38,464
DA:40,1060
DA:41,1060
DA:42,1060
DA:43,1060
DA:44,1060
DA:45,1060
DA:46,1060
DA:47,1060
DA:48,1060
LF:34
LH:32
BRDA:9,1,0,62
BRDA:9,1,1,1060
BRDA:13,2,0,0
BRDA:13,2,1,1060
BRDA:17,3,0,46
BRDA:17,3,1,1014
BRDA:21,4,0,848
BRDA:21,4,1,212
BRDA:25,5,0,822
BRDA:25,5,1,238
BRDA:29,6,0,918
BRDA:29,6,1,142
BRDA:33,7,0,495
BRDA:33,7,1,565
BRDA:37,8,0,464
BRDA:37,8,1,596
BRF:16
BRH:15
end_of_record
TN:
SF:C:\Users\Vladislav Volosnikov\Desktop\Algebra2\Algebra\src\core\contracts\libraries\TickManager.sol
FN:48,getInnerFeeGrowth
FN:86,update
FN:134,cross
FNF:3
FNH:3
FNDA:1155,getInnerFeeGrowth
FNDA:2248,update
FNDA:198,cross
DA:56,1155
DA:57,1155
DA:59,1155
DA:60,937
DA:61,760
DA:62,760
DA:64,177
DA:65,177
DA:67,937
DA:68,937
DA:70,218
DA:71,218
DA:98,2248
DA:100,2248
DA:101,2248
DA:102,2247
DA:104,2242
DA:106,2242
DA:108,1247
DA:109,678
DA:110,678
DA:111,678
DA:112,678
DA:113,678
DA:115,1247
DA:118,2242
DA:121,2242
DA:143,198
DA:144,198
DA:145,198
DA:146,198
DA:147,198
DA:148,198
DA:149,198
LF:34
LH:34
BRDA:59,1,0,937
BRDA:59,1,1,218
BRDA:60,2,0,760
BRDA:60,2,1,177
BRDA:102,3,0,2242
BRDA:102,3,1,5
BRDA:106,4,0,1247
BRDA:106,4,1,995
BRDA:108,5,0,678
BRDA:108,5,1,569
BRF:10
BRH:10
end_of_record
TN:
SF:C:\Users\Vladislav Volosnikov\Desktop\Algebra2\Algebra\src\core\contracts\libraries\TickMath.sol
FN:23,getSqrtRatioAtTick
FN:63,getTickAtSqrtRatio
FNF:2
FNH:2
FNDA:8591,getSqrtRatioAtTick
FNDA:1033,getTickAtSqrtRatio
DA:25,8591
DA:26,8591
DA:27,8591
DA:29,8591
DA:30,8591
DA:31,8591
DA:32,8591
DA:33,8591
DA:34,8591
DA:35,8591
DA:36,8591
DA:37,8591
DA:38,8591
DA:39,8591
DA:40,8591
DA:41,8591
DA:42,8591
DA:43,8591
DA:44,8591
DA:45,8591
DA:46,8591
DA:47,8591
DA:48,8591
DA:50,8591
DA:55,8591
DA:65,1033
DA:66,1029
DA:68,1029
DA:69,1029
DA:71,1029
DA:76,1029
DA:81,1029
DA:86,1029
DA:91,1029
DA:96,1029
DA:101,1029
DA:106,1029
DA:111,1029
DA:114,1029
DA:116,1029
DA:122,1029
DA:128,1029
DA:134,1029
DA:140,1029
DA:146,1029
DA:152,1029
DA:158,1029
DA:164,1029
DA:170,1029
DA:176,1029
DA:182,1029
DA:188,1029
DA:194,1029
DA:200,1029
DA:202,1029
DA:203,1029
DA:205,1029
LF:57
LH:57
BRDA:27,1,0,8591
BRDA:27,1,1,0
BRDA:30,2,0,243
BRDA:30,2,1,8348
BRDA:31,3,0,5042
BRDA:31,3,1,3549
BRDA:32,4,0,2187
BRDA:32,4,1,6404
BRDA:33,5,0,4456
BRDA:33,5,1,4135
BRDA:34,6,0,4623
BRDA:34,6,1,3968
BRDA:35,7,0,1802
BRDA:35,7,1,6789
BRDA:36,8,0,3779
BRDA:36,8,1,4812
BRDA:37,9,0,3672
BRDA:37,9,1,4919
BRDA:38,10,0,1254
BRDA:38,10,1,7337
BRDA:39,11,0,2217
BRDA:39,11,1,6374
BRDA:40,12,0,4735
BRDA:40,12,1,3856
BRDA:41,13,0,2540
BRDA:41,13,1,6051
BRDA:42,14,0,2325
BRDA:42,14,1,6266
BRDA:43,15,0,1891
BRDA:43,15,1,6700
BRDA:44,16,0,3959
BRDA:44,16,1,4632
BRDA:45,17,0,4032
BRDA:45,17,1,4559
BRDA:46,18,0,1284
BRDA:46,18,1,7307
BRDA:47,19,0,3439
BRDA:47,19,1,5152
BRDA:48,20,0,3503
BRDA:48,20,1,5088
BRDA:50,21,0,3298
BRDA:50,21,1,5293
BRDA:65,22,0,1029
BRDA:65,22,1,4
BRDA:111,23,0,558
BRDA:111,23,1,471
BRF:46
BRH:45
end_of_record
TN:
SF:C:\Users\Vladislav Volosnikov\Desktop\Algebra2\Algebra\src\core\contracts\libraries\TickTable.sol
FN:11,toggleTick
FN:26,getSingleSignificantBit
FN:60,getMostSignificantBit
FN:83,nextTickInTheSameRow
FN:134,uncompressAndBoundTick
FNF:5
FNH:5
FNDA:2273,toggleTick
FNDA:796,getSingleSignificantBit
FNDA:465,getMostSignificantBit
FNDA:4036,nextTickInTheSameRow
FNDA:4036,uncompressAndBoundTick
DA:12,2273
DA:13,2271
DA:14,2271
DA:15,2271
DA:17,2271
DA:21,2271
DA:27,796
DA:65,465
DA:73,465
DA:89,4036
DA:93,4036
DA:95,2272
DA:96,2272
DA:97,2272
DA:102,2272
DA:104,2272
DA:105,203
DA:106,203
DA:108,2069
DA:109,2069
DA:113,1764
DA:114,1764
DA:115,1764
DA:116,1764
DA:122,1764
DA:124,1764
DA:125,69
DA:126,69
DA:128,1695
DA:129,1695
DA:135,4036
DA:136,4036
DA:137,14
DA:139,14
LF:34
LH:34
BRDA:12,1,0,2271
BRDA:12,1,1,2
BRDA:93,2,0,2272
BRDA:93,2,1,1764
BRDA:104,3,0,203
BRDA:104,3,1,2069
BRDA:124,4,0,69
BRDA:124,4,1,1695
BRDA:136,5,0,14
BRDA:136,5,1,4022
BRDA:138,6,0,14
BRDA:138,6,1,4008
BRF:12
BRH:12
end_of_record
TN:
SF:C:\Users\Vladislav Volosnikov\Desktop\Algebra2\Algebra\src\core\contracts\libraries\TokenDeltaMath.sol
FN:24,getToken0Delta
FN:46,getToken1Delta
FN:63,getToken0Delta
FN:78,getToken1Delta
FNF:4
FNH:4
FNDA:5707,getToken0Delta
FNDA:5643,getToken1Delta
FNDA:1422,getToken0Delta
FNDA:1519,getToken1Delta
DA:30,5707
DA:31,5707
DA:32,5707
DA:34,5707
DA:52,5643
DA:53,5643
DA:68,1422
DA:83,1519
LF:8
LH:8
BRDA:30,1,0,5707
BRDA:30,1,1,0
BRF:2
BRH:1
end_of_record
TN:
SF:C:\Users\Vladislav Volosnikov\Desktop\Algebra2\Algebra\src\core\contracts\libraries\TransferHelper.sol
FN:14,safeTransfer
FNF:1
FNH:1
FNDA:1248,safeTransfer
DA:19,1248
DA:22,1248
LF:2
LH:2
BRDA:22,1,0,1246
BRDA:22,1,1,2
BRF:2
BRH:2
end_of_record
