TN:
SF:C:\Users\Vladislav Volosnikov\Desktop\Algebra2\Algebra\src\periphery\contracts\base\BlockTimestamp.sol
FN:9,_blockTimestamp
FNF:1
FNH:0
FNDA:0,_blockTimestamp
DA:10,0
LF:1
LH:0
BRF:0
BRH:0
end_of_record
TN:
SF:C:\Users\Vladislav Volosnikov\Desktop\Algebra2\Algebra\src\periphery\contracts\base\ERC721Permit.sol
FN:29,constructor
FN:35,DOMAIN_SEPARATOR
FN:55,permit
FNF:3
FNH:1
FNDA:21,constructor
FNDA:0,DOMAIN_SEPARATOR
FNDA:0,permit
DA:30,21
DA:31,21
DA:36,0
DA:63,0
DA:65,0
DA:72,0
DA:73,0
DA:75,0
DA:76,0
DA:78,0
DA:79,0
DA:80,0
DA:83,0
LF:13
LH:2
BRDA:63,1,0,0
BRDA:63,1,1,0
BRDA:73,2,0,0
BRDA:73,2,1,0
BRDA:75,3,0,0
BRDA:75,3,1,0
BRDA:76,4,0,0
BRDA:76,4,1,0
BRDA:79,5,0,0
BRDA:79,5,1,0
BRDA:80,6,0,0
BRDA:80,6,1,0
BRF:12
BRH:0
end_of_record
TN:
SF:C:\Users\Vladislav Volosnikov\Desktop\Algebra2\Algebra\src\periphery\contracts\base\LiquidityManagement.sol
FN:25,AlgebraMintCallback
FN:50,addLiquidity
FNF:2
FNH:1
FNDA:0,AlgebraMintCallback
FNDA:1,addLiquidity
DA:30,0
DA:31,0
DA:33,0
DA:34,0
DA:60,1
DA:62,1
DA:65,1
DA:66,1
DA:67,0
DA:68,0
DA:70,0
DA:79,0
DA:88,0
LF:13
LH:4
BRDA:33,1,0,0
BRDA:33,1,1,0
BRDA:34,2,0,0
BRDA:34,2,1,0
BRDA:88,3,0,0
BRDA:88,3,1,0
BRF:6
BRH:0
end_of_record
TN:
SF:C:\Users\Vladislav Volosnikov\Desktop\Algebra2\Algebra\src\periphery\contracts\base\Multicall.sol
FN:11,multicall
FNF:1
FNH:1
FNDA:7,multicall
DA:12,7
DA:13,7
DA:14,8
DA:16,8
DA:18,3
DA:19,3
DA:22,3
DA:25,5
LF:8
LH:8
BRDA:16,1,0,3
BRDA:16,1,1,5
BRDA:18,2,0,0
BRDA:18,2,1,3
BRF:4
BRH:3
end_of_record
TN:
SF:C:\Users\Vladislav Volosnikov\Desktop\Algebra2\Algebra\src\periphery\contracts\base\PeripheryImmutableState.sol
FN:16,constructor
FNF:1
FNH:1
FNDA:54,constructor
DA:21,54
DA:22,54
DA:23,54
LF:3
LH:3
BRF:0
BRH:0
end_of_record
TN:
SF:C:\Users\Vladislav Volosnikov\Desktop\Algebra2\Algebra\src\periphery\contracts\base\PeripheryPayments.sol
FN:19,unwrapWNativeToken
FN:30,sweepToken
FN:44,refundNativeToken
FN:52,pay
FNF:4
FNH:0
FNDA:0,unwrapWNativeToken
FNDA:0,sweepToken
FNDA:0,refundNativeToken
FNDA:0,pay
DA:15,0
DA:20,0
DA:21,0
DA:23,0
DA:24,0
DA:25,0
DA:35,0
DA:36,0
DA:38,0
DA:39,0
DA:45,0
DA:58,0
DA:60,0
DA:61,0
DA:64,0
DA:67,0
LF:16
LH:0
BRDA:15,1,0,0
BRDA:15,1,1,0
BRDA:21,2,0,0
BRDA:21,2,1,0
BRDA:23,3,0,0
BRDA:23,3,1,0
BRDA:36,4,0,0
BRDA:36,4,1,0
BRDA:38,5,0,0
BRDA:38,5,1,0
BRDA:45,6,0,0
BRDA:45,6,1,0
BRDA:58,7,0,0
BRDA:58,7,1,0
BRDA:62,8,0,0
BRDA:62,8,1,0
BRF:16
BRH:0
end_of_record
TN:
SF:C:\Users\Vladislav Volosnikov\Desktop\Algebra2\Algebra\src\periphery\contracts\base\PeripheryPaymentsWithFee.sol
FN:17,unwrapWNativeTokenWithFee
FN:37,sweepTokenWithFee
FNF:2
FNH:0
FNDA:0,unwrapWNativeTokenWithFee
FNDA:0,sweepTokenWithFee
DA:23,0
DA:25,0
DA:26,0
DA:28,0
DA:29,0
DA:30,0
DA:31,0
DA:32,0
DA:44,0
DA:46,0
DA:47,0
DA:49,0
DA:50,0
DA:51,0
DA:52,0
LF:15
LH:0
BRDA:23,1,0,0
BRDA:23,1,1,0
BRDA:26,2,0,0
BRDA:26,2,1,0
BRDA:28,3,0,0
BRDA:28,3,1,0
BRDA:31,4,0,0
BRDA:31,4,1,0
BRDA:44,5,0,0
BRDA:44,5,1,0
BRDA:47,6,0,0
BRDA:47,6,1,0
BRDA:49,7,0,0
BRDA:49,7,1,0
BRDA:51,8,0,0
BRDA:51,8,1,0
BRF:16
BRH:0
end_of_record
TN:
SF:C:\Users\Vladislav Volosnikov\Desktop\Algebra2\Algebra\src\periphery\contracts\base\PeripheryValidation.sol
FN:7,checkDeadline
FNF:1
FNH:1
FNDA:1,checkDeadline
DA:8,1
DA:9,1
LF:2
LH:2
BRDA:8,1,0,1
BRDA:8,1,1,0
BRF:2
BRH:1
end_of_record
TN:
SF:C:\Users\Vladislav Volosnikov\Desktop\Algebra2\Algebra\src\periphery\contracts\base\PoolInitializer.sol
FN:13,createAndInitializePoolIfNecessary
FNF:1
FNH:1
FNDA:29,createAndInitializePoolIfNecessary
DA:18,29
DA:19,29
DA:21,29
DA:22,28
DA:23,28
DA:25,1
DA:26,1
DA:27,1
LF:8
LH:8
BRDA:18,1,0,29
BRDA:18,1,1,0
BRDA:21,2,0,28
BRDA:21,2,1,1
BRDA:26,3,0,1
BRDA:26,3,1,0
BRF:6
BRH:4
end_of_record
TN:
SF:C:\Users\Vladislav Volosnikov\Desktop\Algebra2\Algebra\src\periphery\contracts\base\SelfPermit.sol
FN:16,selfPermit
FN:28,selfPermitIfNecessary
FN:40,selfPermitAllowed
FN:52,selfPermitAllowedIfNecessary
FNF:4
FNH:4
FNDA:3,selfPermit
FNDA:2,selfPermitIfNecessary
FNDA:3,selfPermitAllowed
FNDA:3,selfPermitAllowedIfNecessary
DA:24,3
DA:36,2
DA:48,3
DA:60,3
DA:61,1
LF:5
LH:5
BRDA:36,1,0,1
BRDA:36,1,1,1
BRDA:60,2,0,1
BRDA:60,2,1,2
BRF:4
BRH:4
end_of_record
TN:
SF:C:\Users\Vladislav Volosnikov\Desktop\Algebra2\Algebra\src\periphery\contracts\interfaces\external\IERC1271.sol
FNF:0
FNH:0
LF:0
LH:0
BRF:0
BRH:0
end_of_record
TN:
SF:C:\Users\Vladislav Volosnikov\Desktop\Algebra2\Algebra\src\periphery\contracts\interfaces\external\IERC20PermitAllowed.sol
FNF:0
FNH:0
LF:0
LH:0
BRF:0
BRH:0
end_of_record
TN:
SF:C:\Users\Vladislav Volosnikov\Desktop\Algebra2\Algebra\src\periphery\contracts\interfaces\external\IWNativeToken.sol
FNF:0
FNH:0
LF:0
LH:0
BRF:0
BRH:0
end_of_record
TN:
SF:C:\Users\Vladislav Volosnikov\Desktop\Algebra2\Algebra\src\periphery\contracts\interfaces\IERC20Metadata.sol
FNF:0
FNH:0
LF:0
LH:0
BRF:0
BRH:0
end_of_record
TN:
SF:C:\Users\Vladislav Volosnikov\Desktop\Algebra2\Algebra\src\periphery\contracts\interfaces\IERC721Permit.sol
FNF:0
FNH:0
LF:0
LH:0
BRF:0
BRH:0
end_of_record
TN:
SF:C:\Users\Vladislav Volosnikov\Desktop\Algebra2\Algebra\src\periphery\contracts\interfaces\IMulticall.sol
FNF:0
FNH:0
LF:0
LH:0
BRF:0
BRH:0
end_of_record
TN:
SF:C:\Users\Vladislav Volosnikov\Desktop\Algebra2\Algebra\src\periphery\contracts\interfaces\INonfungiblePositionManager.sol
FNF:0
FNH:0
LF:0
LH:0
BRF:0
BRH:0
end_of_record
TN:
SF:C:\Users\Vladislav Volosnikov\Desktop\Algebra2\Algebra\src\periphery\contracts\interfaces\INonfungibleTokenPositionDescriptor.sol
FNF:0
FNH:0
LF:0
LH:0
BRF:0
BRH:0
end_of_record
TN:
SF:C:\Users\Vladislav Volosnikov\Desktop\Algebra2\Algebra\src\periphery\contracts\interfaces\IPeripheryImmutableState.sol
FNF:0
FNH:0
LF:0
LH:0
BRF:0
BRH:0
end_of_record
TN:
SF:C:\Users\Vladislav Volosnikov\Desktop\Algebra2\Algebra\src\periphery\contracts\interfaces\IPeripheryPayments.sol
FNF:0
FNH:0
LF:0
LH:0
BRF:0
BRH:0
end_of_record
TN:
SF:C:\Users\Vladislav Volosnikov\Desktop\Algebra2\Algebra\src\periphery\contracts\interfaces\IPeripheryPaymentsWithFee.sol
FNF:0
FNH:0
LF:0
LH:0
BRF:0
BRH:0
end_of_record
TN:
SF:C:\Users\Vladislav Volosnikov\Desktop\Algebra2\Algebra\src\periphery\contracts\interfaces\IPoolInitializer.sol
FNF:0
FNH:0
LF:0
LH:0
BRF:0
BRH:0
end_of_record
TN:
SF:C:\Users\Vladislav Volosnikov\Desktop\Algebra2\Algebra\src\periphery\contracts\interfaces\IQuoter.sol
FNF:0
FNH:0
LF:0
LH:0
BRF:0
BRH:0
end_of_record
TN:
SF:C:\Users\Vladislav Volosnikov\Desktop\Algebra2\Algebra\src\periphery\contracts\interfaces\IQuoterV2.sol
FNF:0
FNH:0
LF:0
LH:0
BRF:0
BRH:0
end_of_record
TN:
SF:C:\Users\Vladislav Volosnikov\Desktop\Algebra2\Algebra\src\periphery\contracts\interfaces\ISelfPermit.sol
FNF:0
FNH:0
LF:0
LH:0
BRF:0
BRH:0
end_of_record
TN:
SF:C:\Users\Vladislav Volosnikov\Desktop\Algebra2\Algebra\src\periphery\contracts\interfaces\ISwapRouter.sol
FNF:0
FNH:0
LF:0
LH:0
BRF:0
BRH:0
end_of_record
TN:
SF:C:\Users\Vladislav Volosnikov\Desktop\Algebra2\Algebra\src\periphery\contracts\interfaces\ITickLens.sol
FNF:0
FNH:0
LF:0
LH:0
BRF:0
BRH:0
end_of_record
TN:
SF:C:\Users\Vladislav Volosnikov\Desktop\Algebra2\Algebra\src\periphery\contracts\interfaces\IV3Migrator.sol
FNF:0
FNH:0
LF:0
LH:0
BRF:0
BRH:0
end_of_record
TN:
SF:C:\Users\Vladislav Volosnikov\Desktop\Algebra2\Algebra\src\periphery\contracts\lens\AlgebraInterfaceMulticall.sol
FN:19,getCurrentBlockTimestamp
FN:23,getEthBalance
FN:27,multicall
FNF:3
FNH:0
FNDA:0,getCurrentBlockTimestamp
FNDA:0,getEthBalance
FNDA:0,multicall
DA:20,0
DA:24,0
DA:28,0
DA:29,0
DA:30,0
DA:31,0
DA:36,0
DA:37,0
DA:38,0
DA:39,0
LF:10
LH:0
BRF:0
BRH:0
end_of_record
TN:
SF:C:\Users\Vladislav Volosnikov\Desktop\Algebra2\Algebra\src\periphery\contracts\lens\Quoter.sol
FN:31,constructor
FN:33,getPool
FN:38,AlgebraSwapCallback
FN:68,parseRevertReason
FN:80,quoteExactInputSingle
FN:104,quoteExactInput
FN:123,quoteExactOutputSingle
FN:150,quoteExactOutput
FNF:8
FNH:1
FNDA:3,constructor
FNDA:0,getPool
FNDA:0,AlgebraSwapCallback
FNDA:0,parseRevertReason
FNDA:0,quoteExactInputSingle
FNDA:0,quoteExactInput
FNDA:0,quoteExactOutputSingle
FNDA:0,quoteExactOutput
DA:34,0
DA:43,0
DA:44,0
DA:45,0
DA:47,0
DA:50,0
DA:51,0
DA:58,0
DA:59,0
DA:69,0
DA:70,0
DA:71,0
DA:74,0
DA:76,0
DA:86,0
DA:88,0
DA:99,0
DA:105,0
DA:106,0
DA:108,0
DA:111,0
DA:114,0
DA:115,0
DA:117,0
DA:129,0
DA:132,0
DA:133,0
DA:144,0
DA:145,0
DA:151,0
DA:152,0
DA:154,0
DA:157,0
DA:160,0
DA:161,0
DA:163,0
LF:36
LH:0
BRDA:43,1,0,0
BRDA:43,1,1,0
BRDA:50,2,0,0
BRDA:50,2,1,0
BRDA:58,3,0,0
BRDA:58,3,1,0
BRDA:58,4,0,0
BRDA:58,4,1,0
BRDA:69,5,0,0
BRDA:69,5,1,0
BRDA:70,6,0,0
BRDA:70,6,1,0
BRDA:114,7,0,0
BRDA:114,7,1,0
BRDA:132,8,0,0
BRDA:132,8,1,0
BRDA:144,9,0,0
BRDA:144,9,1,0
BRDA:160,10,0,0
BRDA:160,10,1,0
BRF:20
BRH:0
end_of_record
TN:
SF:C:\Users\Vladislav Volosnikov\Desktop\Algebra2\Algebra\src\periphery\contracts\lens\QuoterV2.sol
FN:34,constructor
FN:36,getPool
FN:41,AlgebraSwapCallback
FN:79,parseRevertReason
FN:98,handleRevert
FN:122,quoteExactInputSingle
FN:152,quoteExactInput
FN:199,quoteExactOutputSingle
FN:232,quoteExactOutput
FNF:9
FNH:1
FNDA:3,constructor
FNDA:0,getPool
FNDA:0,AlgebraSwapCallback
FNDA:0,parseRevertReason
FNDA:0,handleRevert
FNDA:0,quoteExactInputSingle
FNDA:0,quoteExactInput
FNDA:0,quoteExactOutputSingle
FNDA:0,quoteExactOutput
DA:37,0
DA:46,0
DA:47,0
DA:48,0
DA:50,0
DA:54,0
DA:55,0
DA:57,0
DA:58,0
DA:67,0
DA:68,0
DA:88,0
DA:89,0
DA:90,0
DA:93,0
DA:95,0
DA:112,0
DA:113,0
DA:114,0
DA:115,0
DA:117,0
DA:119,0
DA:132,0
DA:133,0
DA:135,0
DA:136,0
DA:147,0
DA:148,0
DA:162,0
DA:163,0
DA:165,0
DA:166,0
DA:167,0
DA:170,0
DA:184,0
DA:185,0
DA:186,0
DA:187,0
DA:188,0
DA:191,0
DA:192,0
DA:194,0
DA:209,0
DA:210,0
DA:213,0
DA:214,0
DA:215,0
DA:226,0
DA:227,0
DA:228,0
DA:242,0
DA:243,0
DA:245,0
DA:246,0
DA:247,0
DA:250,0
DA:264,0
DA:265,0
DA:266,0
DA:267,0
DA:268,0
DA:271,0
DA:272,0
DA:274,0
LF:64
LH:0
BRDA:46,1,0,0
BRDA:46,1,1,0
BRDA:57,2,0,0
BRDA:57,2,1,0
BRDA:67,3,0,0
BRDA:67,3,1,0
BRDA:67,4,0,0
BRDA:67,4,1,0
BRDA:88,5,0,0
BRDA:88,5,1,0
BRDA:89,6,0,0
BRDA:89,6,1,0
BRDA:191,7,0,0
BRDA:191,7,1,0
BRDA:213,8,0,0
BRDA:213,8,1,0
BRDA:227,9,0,0
BRDA:227,9,1,0
BRDA:271,10,0,0
BRDA:271,10,1,0
BRF:20
BRH:0
end_of_record
TN:
SF:C:\Users\Vladislav Volosnikov\Desktop\Algebra2\Algebra\src\periphery\contracts\lens\TickLens.sol
FN:12,getPopulatedTicksInWord
FNF:1
FNH:0
FNDA:0,getPopulatedTicksInWord
DA:19,0
DA:22,0
DA:23,0
DA:24,0
DA:28,0
DA:29,0
DA:30,0
DA:31,0
DA:32,0
DA:33,0
DA:34,0
LF:11
LH:0
BRDA:24,1,0,0
BRDA:24,1,1,0
BRDA:31,2,0,0
BRDA:31,2,1,0
BRF:4
BRH:0
end_of_record
TN:
SF:C:\Users\Vladislav Volosnikov\Desktop\Algebra2\Algebra\src\periphery\contracts\libraries\AddressStringUtil.sol
FN:7,toAsciiString
FN:28,char
FNF:2
FNH:0
FNDA:0,toAsciiString
FNDA:0,char
DA:8,0
DA:10,0
DA:11,0
DA:12,0
DA:14,0
DA:16,0
DA:18,0
DA:19,0
DA:20,0
DA:22,0
DA:29,0
DA:30,0
DA:32,0
LF:13
LH:0
BRDA:8,1,0,0
BRDA:8,1,1,0
BRDA:29,2,0,0
BRDA:29,2,1,0
BRF:4
BRH:0
end_of_record
TN:
SF:C:\Users\Vladislav Volosnikov\Desktop\Algebra2\Algebra\src\periphery\contracts\libraries\BytesLib.sol
FN:12,slice
FN:78,toAddress
FN:90,toUint24
FNF:3
FNH:2
FNDA:2,slice
FNDA:8,toAddress
FNDA:0,toUint24
DA:17,2
DA:18,2
DA:19,2
DA:21,2
DA:23,2
DA:75,2
DA:79,8
DA:80,8
DA:81,8
DA:83,8
DA:87,8
DA:91,0
DA:92,0
DA:93,0
DA:95,0
DA:99,0
LF:16
LH:11
BRDA:17,1,0,2
BRDA:17,1,1,0
BRDA:18,2,0,2
BRDA:18,2,1,0
BRDA:19,3,0,2
BRDA:19,3,1,0
BRDA:79,4,0,8
BRDA:79,4,1,0
BRDA:80,5,0,8
BRDA:80,5,1,0
BRDA:91,6,0,0
BRDA:91,6,1,0
BRDA:92,7,0,0
BRDA:92,7,1,0
BRF:14
BRH:5
end_of_record
TN:
SF:C:\Users\Vladislav Volosnikov\Desktop\Algebra2\Algebra\src\periphery\contracts\libraries\CallbackValidation.sol
FN:14,verifyCallback
FN:26,verifyCallback
FNF:2
FNH:2
FNDA:1,verifyCallback
FNDA:1,verifyCallback
DA:19,1
DA:31,1
DA:32,1
LF:3
LH:3
BRDA:32,1,0,0
BRDA:32,1,1,1
BRF:2
BRH:1
end_of_record
TN:
SF:C:\Users\Vladislav Volosnikov\Desktop\Algebra2\Algebra\src\periphery\contracts\libraries\ChainId.sol
FN:8,get
FNF:1
FNH:0
FNDA:0,get
DA:9,0
LF:1
LH:0
BRF:0
BRH:0
end_of_record
TN:
SF:C:\Users\Vladislav Volosnikov\Desktop\Algebra2\Algebra\src\periphery\contracts\libraries\DataStorageLibrary.sol
FN:17,consult
FN:39,getQuoteAtTick
FNF:2
FNH:2
FNDA:8,consult
FNDA:7,getQuoteAtTick
DA:18,8
DA:20,7
DA:21,7
DA:22,7
DA:24,7
DA:25,7
DA:27,7
DA:30,7
DA:45,7
DA:48,7
DA:49,5
DA:50,5
DA:54,2
DA:55,2
LF:14
LH:14
BRDA:18,1,0,7
BRDA:18,1,1,1
BRDA:30,2,0,3
BRDA:30,2,1,4
BRDA:48,3,0,5
BRDA:48,3,1,2
BRF:6
BRH:6
end_of_record
TN:
SF:C:\Users\Vladislav Volosnikov\Desktop\Algebra2\Algebra\src\periphery\contracts\libraries\HexStrings.sol
FN:9,toHexString
FN:21,toHexStringNoPrefix
FNF:2
FNH:2
FNDA:41,toHexString
FNDA:40,toHexStringNoPrefix
DA:10,41
DA:11,41
DA:12,41
DA:13,41
DA:14,1640
DA:15,1640
DA:17,41
DA:18,41
DA:22,40
DA:23,40
DA:24,240
DA:25,240
DA:27,40
LF:13
LH:13
BRDA:17,1,0,41
BRDA:17,1,1,0
BRF:2
BRH:1
end_of_record
TN:
SF:C:\Users\Vladislav Volosnikov\Desktop\Algebra2\Algebra\src\periphery\contracts\libraries\LiquidityAmounts.sol
FN:13,toUint128
FN:23,getLiquidityForAmount0
FN:39,getLiquidityForAmount1
FN:56,getLiquidityForAmounts
FN:82,getAmount0ForLiquidity
FN:99,getAmount1ForLiquidity
FN:117,getAmountsForLiquidity
FNF:7
FNH:7
FNDA:13,toUint128
FNDA:6,getLiquidityForAmount0
FNDA:7,getLiquidityForAmount1
FNDA:8,getLiquidityForAmounts
FNDA:6,getAmount0ForLiquidity
FNDA:5,getAmount1ForLiquidity
FNDA:8,getAmountsForLiquidity
DA:14,13
DA:28,6
DA:29,6
DA:30,6
DA:44,7
DA:45,7
DA:63,8
DA:65,8
DA:66,3
DA:68,2
DA:69,2
DA:71,2
DA:73,3
DA:87,6
DA:89,6
DA:104,5
DA:106,5
DA:123,8
DA:125,8
DA:126,3
DA:128,2
DA:129,2
DA:131,3
LF:23
LH:23
BRDA:14,1,0,13
BRDA:14,1,1,0
BRDA:28,2,0,0
BRDA:28,2,1,6
BRDA:44,3,0,0
BRDA:44,3,1,7
BRDA:63,4,0,0
BRDA:63,4,1,8
BRDA:65,5,0,3
BRDA:65,5,1,5
BRDA:67,6,0,2
BRDA:67,6,1,3
BRDA:87,7,0,0
BRDA:87,7,1,6
BRDA:104,8,0,0
BRDA:104,8,1,5
BRDA:123,9,0,0
BRDA:123,9,1,8
BRDA:125,10,0,3
BRDA:125,10,1,5
BRDA:127,11,0,2
BRDA:127,11,1,3
BRF:22
BRH:15
end_of_record
TN:
SF:C:\Users\Vladislav Volosnikov\Desktop\Algebra2\Algebra\src\periphery\contracts\libraries\NFTDescriptor.sol
FN:42,constructTokenURI
FN:80,escapeQuotes
FN:102,generateDescriptionPartOne
FN:124,generateDescriptionPartTwo
FN:147,generateName
FN:194,generateDecimalString
FN:219,tickToDecimalString
FN:239,sigfigsRounded
FN:257,adjustForDecimalPrecision
FN:280,abs
FN:286,fixedPointToDecimalString
FN:347,feeToPercentString
FN:391,addressToString
FN:395,generateSVGImage
FN:422,overRange
FN:436,scale
FN:446,tokenToColorHex
FN:450,getCircleCoord
FN:458,sliceTokenHex
FNF:19
FNH:19
FNDA:7,constructTokenURI
FNDA:35,escapeQuotes
FNDA:7,generateDescriptionPartOne
FNDA:7,generateDescriptionPartTwo
FNDA:7,generateName
FNDA:73,generateDecimalString
FNDA:29,tickToDecimalString
FNDA:58,sigfigsRounded
FNDA:58,adjustForDecimalPrecision
FNDA:58,abs
FNDA:58,fixedPointToDecimalString
FNDA:16,feeToPercentString
FNDA:41,addressToString
FNDA:9,generateSVGImage
FNDA:9,overRange
FNDA:54,scale
FNDA:40,tokenToColorHex
FNDA:54,getCircleCoord
FNDA:54,sliceTokenHex
DA:43,7
DA:44,7
DA:49,7
DA:55,7
DA:57,7
DA:81,35
DA:82,35
DA:83,35
DA:84,198
DA:85,6
DA:88,35
DA:89,2
DA:90,2
DA:91,2
DA:92,16
DA:93,6
DA:95,16
DA:97,2
DA:99,33
DA:107,7
DA:130,7
DA:148,7
DA:195,73
DA:196,73
DA:197,15
DA:199,73
DA:200,32
DA:201,32
DA:205,73
DA:206,570
DA:209,73
DA:210,316
DA:211,20
DA:213,316
DA:214,316
DA:216,73
DA:226,29
DA:227,6
DA:229,6
DA:231,17
DA:232,17
DA:233,8
DA:235,17
DA:240,58
DA:241,58
DA:242,45
DA:244,58
DA:245,58
DA:246,58
DA:247,26
DA:250,58
DA:251,3
DA:252,3
DA:254,58
DA:262,58
DA:263,58
DA:264,25
DA:265,16
DA:266,16
DA:267,7
DA:270,9
DA:271,9
DA:272,4
DA:276,33
DA:281,58
DA:291,58
DA:292,58
DA:294,58
DA:295,58
DA:297,26
DA:300,32
DA:304,58
DA:305,58
DA:306,58
DA:307,1168
DA:308,1168
DA:311,58
DA:314,58
DA:315,58
DA:316,3
DA:319,58
DA:320,58
DA:322,26
DA:323,26
DA:324,26
DA:325,26
DA:328,15
DA:329,15
DA:330,15
DA:331,15
DA:334,17
DA:335,17
DA:336,17
DA:338,58
DA:339,58
DA:340,58
DA:342,58
DA:348,16
DA:349,1
DA:351,15
DA:352,15
DA:353,15
DA:354,15
DA:355,74
DA:357,11
DA:359,15
DA:361,74
DA:362,74
DA:365,15
DA:366,15
DA:367,15
DA:369,9
DA:370,9
DA:371,9
DA:372,9
DA:373,9
DA:374,9
DA:377,6
DA:378,6
DA:379,6
DA:380,6
DA:381,6
DA:382,6
DA:384,15
DA:385,15
DA:386,15
DA:388,15
DA:392,41
DA:396,9
DA:419,9
DA:427,9
DA:428,1
DA:430,0
DA:432,8
DA:443,54
DA:447,40
DA:455,54
DA:459,54
LF:138
LH:137
BRDA:84,1,0,6
BRDA:84,1,1,192
BRDA:88,2,0,2
BRDA:88,2,1,33
BRDA:92,3,0,6
BRDA:92,3,1,10
BRDA:196,4,0,15
BRDA:196,4,1,58
BRDA:199,5,0,32
BRDA:199,5,1,41
BRDA:210,6,0,20
BRDA:210,6,1,296
BRDA:226,7,0,6
BRDA:226,7,1,23
BRDA:228,8,0,6
BRDA:228,8,1,17
BRDA:232,9,0,8
BRDA:232,9,1,9
BRDA:241,10,0,45
BRDA:241,10,1,13
BRDA:246,11,0,26
BRDA:246,11,1,32
BRDA:250,12,0,3
BRDA:250,12,1,55
BRDA:263,13,0,25
BRDA:263,13,1,33
BRDA:264,14,0,16
BRDA:264,14,1,9
BRDA:266,15,0,7
BRDA:266,15,1,9
BRDA:271,16,0,4
BRDA:271,16,1,5
BRDA:295,17,0,26
BRDA:295,17,1,32
BRDA:315,18,0,3
BRDA:315,18,1,55
BRDA:320,19,0,26
BRDA:320,19,1,32
BRDA:326,20,0,15
BRDA:326,20,1,17
BRDA:348,21,0,1
BRDA:348,21,1,15
BRDA:355,22,0,11
BRDA:355,22,1,63
BRDA:358,23,0,15
BRDA:358,23,1,48
BRDA:367,24,0,9
BRDA:367,24,1,6
BRDA:427,25,0,1
BRDA:427,25,1,8
BRDA:429,26,0,0
BRDA:429,26,1,8
BRF:52
BRH:51
end_of_record
TN:
SF:C:\Users\Vladislav Volosnikov\Desktop\Algebra2\Algebra\src\periphery\contracts\libraries\NFTSVG.sol
FN:45,generateSVG
FN:75,generateSVGDefs
FN:160,generateSVGBorderText
FN:193,generateSVGCardMantle
FN:210,generageSvgCurve
FN:241,getCurve
FN:266,generateSVGCurveCircle
FN:303,generateSVGPositionDataAndLocationCurve
FN:349,tickToString
FN:358,rangeLocation
FN:383,generateSVGRareSparkle
FN:399,isRare
FNF:12
FNH:12
FNDA:9,generateSVG
FNDA:9,generateSVGDefs
FNDA:9,generateSVGBorderText
FNDA:9,generateSVGCardMantle
FNDA:9,generageSvgCurve
FNDA:9,getCurve
FNDA:9,generateSVGCurveCircle
FNDA:9,generateSVGPositionDataAndLocationCurve
FNDA:18,tickToString
FNDA:20,rangeLocation
FNDA:9,generateSVGRareSparkle
FNDA:11,isRare
DA:52,9
DA:76,9
DA:166,9
DA:198,9
DA:216,9
DA:217,9
DA:218,9
DA:246,9
DA:247,9
DA:248,2
DA:250,0
DA:252,1
DA:254,0
DA:256,2
DA:258,0
DA:260,0
DA:262,4
DA:267,9
DA:268,9
DA:269,9
DA:270,9
DA:271,9
DA:272,1
DA:286,8
DA:308,9
DA:309,9
DA:310,9
DA:311,9
DA:312,9
DA:313,9
DA:314,9
DA:350,18
DA:351,18
DA:352,8
DA:353,8
DA:355,18
DA:359,20
DA:360,20
DA:361,1
DA:363,1
DA:365,1
DA:367,1
DA:369,1
DA:371,10
DA:373,1
DA:375,1
DA:377,1
DA:379,2
DA:384,9
DA:385,1
DA:395,8
DA:400,11
DA:401,11
LF:53
LH:49
BRDA:247,1,0,2
BRDA:247,1,1,7
BRDA:249,2,0,0
BRDA:249,2,1,7
BRDA:251,3,0,1
BRDA:251,3,1,6
BRDA:253,4,0,0
BRDA:253,4,1,6
BRDA:255,5,0,2
BRDA:255,5,1,4
BRDA:257,6,0,0
BRDA:257,6,1,4
BRDA:259,7,0,0
BRDA:259,7,1,4
BRDA:271,8,0,1
BRDA:271,8,1,8
BRDA:351,9,0,8
BRDA:351,9,1,10
BRDA:360,10,0,1
BRDA:360,10,1,19
BRDA:362,11,0,1
BRDA:362,11,1,18
BRDA:364,12,0,1
BRDA:364,12,1,17
BRDA:366,13,0,1
BRDA:366,13,1,16
BRDA:368,14,0,1
BRDA:368,14,1,15
BRDA:370,15,0,10
BRDA:370,15,1,5
BRDA:372,16,0,1
BRDA:372,16,1,4
BRDA:374,17,0,1
BRDA:374,17,1,3
BRDA:376,18,0,1
BRDA:376,18,1,2
BRDA:384,19,0,1
BRDA:384,19,1,8
BRF:38
BRH:34
end_of_record
TN:
SF:C:\Users\Vladislav Volosnikov\Desktop\Algebra2\Algebra\src\periphery\contracts\libraries\Path.sol
FN:25,hasMultiplePools
FN:32,numPools
FN:41,decodeFirstPool
FN:49,getFirstPool
FN:56,skipToken
FNF:5
FNH:4
FNDA:2,hasMultiplePools
FNDA:0,numPools
FNDA:4,decodeFirstPool
FNDA:1,getFirstPool
FNDA:1,skipToken
DA:26,2
DA:34,0
DA:42,4
DA:43,4
DA:50,1
DA:57,1
LF:6
LH:5
BRF:0
BRH:0
end_of_record
TN:
SF:C:\Users\Vladislav Volosnikov\Desktop\Algebra2\Algebra\src\periphery\contracts\libraries\PoolAddress.sol
FN:18,getPoolKey
FN:27,computeAddress
FNF:2
FNH:2
FNDA:1,getPoolKey
FNDA:6,computeAddress
DA:19,1
DA:20,1
DA:28,6
DA:29,4
LF:4
LH:4
BRDA:19,1,0,0
BRDA:19,1,1,1
BRDA:28,2,0,4
BRDA:28,2,1,2
BRF:4
BRH:3
end_of_record
TN:
SF:C:\Users\Vladislav Volosnikov\Desktop\Algebra2\Algebra\src\periphery\contracts\libraries\PoolTicksCounter.sol
FN:11,countInitializedTicksCrossed
FN:88,countOneBits
FNF:2
FNH:2
FNDA:78,countInitializedTicksCrossed
FNDA:135,countOneBits
DA:16,78
DA:17,78
DA:18,78
DA:19,78
DA:20,78
DA:21,78
DA:23,78
DA:25,78
DA:26,78
DA:28,78
DA:29,78
DA:35,78
DA:42,78
DA:47,78
DA:48,42
DA:49,42
DA:50,42
DA:51,42
DA:53,36
DA:54,36
DA:55,36
DA:56,36
DA:62,78
DA:63,78
DA:66,135
DA:67,78
DA:70,135
DA:71,135
DA:72,135
DA:74,135
DA:77,78
DA:78,21
DA:81,78
DA:82,24
DA:85,78
DA:89,135
DA:90,135
DA:91,1944
DA:92,1944
DA:94,135
LF:40
LH:40
BRDA:47,1,0,42
BRDA:47,1,1,36
BRDA:66,2,0,78
BRDA:66,2,1,57
BRDA:77,3,0,21
BRDA:77,3,1,57
BRDA:81,4,0,24
BRDA:81,4,1,54
BRF:8
BRH:8
end_of_record
TN:
SF:C:\Users\Vladislav Volosnikov\Desktop\Algebra2\Algebra\src\periphery\contracts\libraries\PositionKey.sol
FN:6,compute
FNF:1
FNH:0
FNDA:0,compute
DA:11,0
LF:1
LH:0
BRF:0
BRH:0
end_of_record
TN:
SF:C:\Users\Vladislav Volosnikov\Desktop\Algebra2\Algebra\src\periphery\contracts\libraries\SafeERC20Namer.sol
FN:10,bytes32ToString
FN:28,parseStringData
FN:46,addressToName
FN:52,addressToSymbol
FN:57,callAndParseStringReturn
FN:74,tokenSymbol
FN:85,tokenName
FNF:7
FNH:0
FNDA:0,bytes32ToString
FNDA:0,parseStringData
FNDA:0,addressToName
FNDA:0,addressToSymbol
FNDA:0,callAndParseStringReturn
FNDA:0,tokenSymbol
FNDA:0,tokenName
DA:11,0
DA:12,0
DA:13,0
DA:14,0
DA:15,0
DA:16,0
DA:17,0
DA:20,0
DA:21,0
DA:22,0
DA:24,0
DA:29,0
DA:31,0
DA:32,0
DA:33,0
DA:36,0
DA:37,0
DA:38,0
DA:41,0
DA:47,0
DA:53,0
DA:58,0
DA:60,0
DA:61,0
DA:64,0
DA:65,0
DA:66,0
DA:68,0
DA:70,0
DA:76,0
DA:77,0
DA:79,0
DA:81,0
DA:87,0
DA:88,0
DA:90,0
DA:92,0
LF:37
LH:0
BRDA:15,1,0,0
BRDA:15,1,1,0
BRDA:60,2,0,0
BRDA:60,2,1,0
BRDA:64,3,0,0
BRDA:64,3,1,0
BRDA:67,4,0,0
BRDA:67,4,1,0
BRDA:77,5,0,0
BRDA:77,5,1,0
BRDA:88,6,0,0
BRDA:88,6,1,0
BRF:12
BRH:0
end_of_record
TN:
SF:C:\Users\Vladislav Volosnikov\Desktop\Algebra2\Algebra\src\periphery\contracts\libraries\TokenRatioSortOrder.sol
FNF:0
FNH:0
LF:0
LH:0
BRF:0
BRH:0
end_of_record
TN:
SF:C:\Users\Vladislav Volosnikov\Desktop\Algebra2\Algebra\src\periphery\contracts\libraries\TransferHelper.sol
FN:13,safeTransferFrom
FN:30,safeTransfer
FN:44,safeApprove
FN:57,safeTransferNative
FNF:4
FNH:0
FNDA:0,safeTransferFrom
FNDA:0,safeTransfer
FNDA:0,safeApprove
FNDA:0,safeTransferNative
DA:19,0
DA:22,0
DA:35,0
DA:36,0
DA:49,0
DA:50,0
DA:58,0
DA:59,0
LF:8
LH:0
BRDA:22,1,0,0
BRDA:22,1,1,0
BRDA:36,2,0,0
BRDA:36,2,1,0
BRDA:50,3,0,0
BRDA:50,3,1,0
BRDA:59,4,0,0
BRDA:59,4,1,0
BRF:8
BRH:0
end_of_record
TN:
SF:C:\Users\Vladislav Volosnikov\Desktop\Algebra2\Algebra\src\periphery\contracts\libraries\WeightedDataStorageLibrary.sol
FN:19,consult
FN:49,getArithmeticMeanTickWeightedByLiquidity
FNF:2
FNH:2
FNDA:4,consult
FNDA:4,getArithmeticMeanTickWeightedByLiquidity
DA:20,4
DA:22,3
DA:24,3
DA:25,3
DA:26,3
DA:28,3
DA:30,3
DA:31,3
DA:34,3
DA:36,3
DA:39,3
DA:56,4
DA:60,4
DA:62,4
DA:63,7
DA:64,7
DA:67,4
DA:70,4
LF:18
LH:18
BRDA:20,1,0,3
BRDA:20,1,1,1
BRDA:36,2,0,1
BRDA:36,2,1,2
BRDA:70,3,0,1
BRDA:70,3,1,3
BRF:6
BRH:6
end_of_record
TN:
SF:C:\Users\Vladislav Volosnikov\Desktop\Algebra2\Algebra\src\periphery\contracts\NonfungiblePositionManager.sol
FN:78,constructor
FN:84,positions
FN:121,cachePoolKey
FN:134,mint
FN:185,isAuthorizedForToken
FN:190,tokenURI
FN:196,baseURI
FN:203,increaseLiquidity
FN:263,decreaseLiquidity
FN:314,collect
FN:378,burn
FN:385,_getAndIncrementNonce
FN:390,getApproved
FN:397,_approve
FNF:14
FNH:2
FNDA:21,constructor
FNDA:0,positions
FNDA:0,cachePoolKey
FNDA:1,mint
FNDA:0,isAuthorizedForToken
FNDA:0,tokenURI
FNDA:0,baseURI
FNDA:0,increaseLiquidity
FNDA:0,decreaseLiquidity
FNDA:0,collect
FNDA:0,burn
FNDA:0,_getAndIncrementNonce
FNDA:0,getApproved
FNDA:0,_approve
DA:80,21
DA:102,0
DA:103,0
DA:104,0
DA:105,0
DA:122,0
DA:123,0
DA:124,0
DA:125,0
DA:142,1
DA:143,1
DA:144,1
DA:158,0
DA:160,0
DA:161,0
DA:164,0
DA:169,0
DA:182,0
DA:186,0
DA:187,0
DA:191,0
DA:192,0
DA:210,0
DA:212,0
DA:214,0
DA:215,0
DA:216,0
DA:230,0
DA:233,0
DA:235,0
DA:242,0
DA:250,0
DA:251,0
DA:252,0
DA:254,0
DA:266,0
DA:267,0
DA:269,0
DA:270,0
DA:272,0
DA:273,0
DA:274,0
DA:276,0
DA:278,0
DA:280,0
DA:282,0
DA:291,0
DA:301,0
DA:302,0
DA:304,0
DA:306,0
DA:317,0
DA:319,0
DA:321,0
DA:323,0
DA:325,0
DA:327,0
DA:330,0
DA:331,0
DA:332,0
DA:336,0
DA:343,0
DA:351,0
DA:352,0
DA:356,0
DA:362,0
DA:372,0
DA:374,0
DA:379,0
DA:380,0
DA:381,0
DA:382,0
DA:386,0
DA:391,0
DA:393,0
DA:398,0
DA:399,0
LF:77
LH:4
BRDA:103,1,0,0
BRDA:103,1,1,0
BRDA:123,2,0,0
BRDA:123,2,1,0
BRDA:186,3,0,0
BRDA:186,3,1,0
BRDA:191,4,0,0
BRDA:191,4,1,0
BRDA:266,5,0,0
BRDA:266,5,1,0
BRDA:270,6,0,0
BRDA:270,6,1,0
BRDA:276,7,0,0
BRDA:276,7,1,0
BRDA:317,8,0,0
BRDA:317,8,1,0
BRDA:330,9,0,0
BRDA:330,9,1,0
BRDA:380,10,0,0
BRDA:380,10,1,0
BRDA:391,11,0,0
BRDA:391,11,1,0
BRF:22
BRH:0
end_of_record
TN:
SF:C:\Users\Vladislav Volosnikov\Desktop\Algebra2\Algebra\src\periphery\contracts\NonfungibleTokenPositionDescriptor.sol
FN:35,constructor
FN:40,tokenURI
FN:86,flipRatio
FN:94,tokenRatioPriority
FNF:4
FNH:3
FNDA:21,constructor
FNDA:0,tokenURI
FNDA:5,flipRatio
FNDA:17,tokenRatioPriority
DA:36,21
DA:46,0
DA:50,0
DA:57,0
DA:58,0
DA:59,0
DA:60,0
DA:62,0
DA:91,5
DA:95,17
DA:96,2
DA:98,15
DA:99,15
DA:100,2
DA:102,1
DA:104,4
DA:106,1
DA:108,4
DA:110,3
DA:113,0
LF:20
LH:12
BRDA:95,1,0,2
BRDA:95,1,1,15
BRDA:98,2,0,15
BRDA:98,2,1,0
BRDA:99,3,0,2
BRDA:99,3,1,13
BRDA:101,4,0,1
BRDA:101,4,1,12
BRDA:103,5,0,4
BRDA:103,5,1,8
BRDA:105,6,0,1
BRDA:105,6,1,7
BRDA:107,7,0,4
BRDA:107,7,1,3
BRF:14
BRH:13
end_of_record
TN:
SF:C:\Users\Vladislav Volosnikov\Desktop\Algebra2\Algebra\src\periphery\contracts\SwapRouter.sol
FN:44,constructor
FN:47,getPool
FN:57,AlgebraSwapCallback
FN:86,exactInputInternal
FN:117,exactInputSingle
FN:134,exactInput
FN:168,exactInputSingleSupportingFeeOnTransferTokens
FN:196,exactOutputInternal
FN:233,exactOutputSingle
FN:254,exactOutput
FNF:10
FNH:1
FNDA:24,constructor
FNDA:0,getPool
FNDA:0,AlgebraSwapCallback
FNDA:0,exactInputInternal
FNDA:0,exactInputSingle
FNDA:0,exactInput
FNDA:0,exactInputSingleSupportingFeeOnTransferTokens
FNDA:0,exactOutputInternal
FNDA:0,exactOutputSingle
FNDA:0,exactOutput
DA:48,0
DA:62,0
DA:63,0
DA:64,0
DA:65,0
DA:67,0
DA:70,0
DA:71,0
DA:74,0
DA:75,0
DA:76,0
DA:78,0
DA:79,0
DA:80,0
DA:93,0
DA:95,0
DA:97,0
DA:99,0
DA:109,0
DA:120,0
DA:126,0
DA:137,0
DA:139,0
DA:140,0
DA:143,0
DA:154,0
DA:155,0
DA:156,0
DA:158,0
DA:159,0
DA:163,0
DA:171,0
DA:175,0
DA:177,0
DA:179,0
DA:190,0
DA:192,0
DA:203,0
DA:205,0
DA:207,0
DA:209,0
DA:219,0
DA:220,0
DA:225,0
DA:237,0
DA:244,0
DA:246,0
DA:259,0
DA:266,0
DA:267,0
DA:268,0
LF:51
LH:0
BRDA:62,1,0,0
BRDA:62,1,1,0
BRDA:70,2,0,0
BRDA:70,2,1,0
BRDA:74,3,0,0
BRDA:74,3,1,0
BRDA:93,4,0,0
BRDA:93,4,1,0
BRDA:126,5,0,0
BRDA:126,5,1,0
BRDA:154,6,0,0
BRDA:154,6,1,0
BRDA:163,7,0,0
BRDA:163,7,1,0
BRDA:192,8,0,0
BRDA:192,8,1,0
BRDA:203,9,0,0
BRDA:203,9,1,0
BRDA:225,10,0,0
BRDA:225,10,1,0
BRDA:225,11,0,0
BRDA:225,11,1,0
BRDA:244,12,0,0
BRDA:244,12,1,0
BRDA:267,13,0,0
BRDA:267,13,1,0
BRF:26
BRH:0
end_of_record
TN:
SF:C:\Users\Vladislav Volosnikov\Desktop\Algebra2\Algebra\src\periphery\contracts\V3Migrator.sol
FN:30,constructor
FN:38,migrate
FNF:2
FNH:0
FNDA:0,constructor
FNDA:0,migrate
DA:31,0
DA:35,0
DA:39,0
DA:40,0
DA:43,0
DA:44,0
DA:47,0
DA:48,0
DA:51,0
DA:52,0
DA:55,0
DA:71,0
DA:72,0
DA:73,0
DA:76,0
DA:77,0
DA:78,0
DA:79,0
DA:81,0
DA:84,0
DA:85,0
DA:86,0
DA:89,0
DA:90,0
DA:91,0
DA:92,0
DA:94,0
LF:27
LH:0
BRDA:35,1,0,0
BRDA:35,1,1,0
BRDA:39,2,0,0
BRDA:39,2,1,0
BRDA:40,3,0,0
BRDA:40,3,1,0
BRDA:71,4,0,0
BRDA:71,4,1,0
BRDA:72,5,0,0
BRDA:72,5,1,0
BRDA:77,6,0,0
BRDA:77,6,1,0
BRDA:84,7,0,0
BRDA:84,7,1,0
BRDA:85,8,0,0
BRDA:85,8,1,0
BRDA:90,9,0,0
BRDA:90,9,1,0
BRF:18
BRH:0
end_of_record
