{"contracts\\AlgebraFactory.sol":{"l":{"25":5,"26":3,"33":939,"34":939,"36":939,"41":18,"42":16,"43":16,"44":14,"46":6,"50":6,"52":6,"54":6,"55":6,"60":3,"61":3,"66":0,"76":6},"path":"C:\\Users\\Vladislav Volosnikov\\Desktop\\Algebra2\\Algebra\\src\\core\\contracts\\AlgebraFactory.sol","s":{"1":5,"2":939,"3":939,"4":939,"5":18,"6":16,"7":16,"8":14,"9":6,"10":6,"11":6,"12":6,"13":6,"14":3,"15":3,"16":0,"17":6},"b":{"1":[3,2],"2":[16,2],"3":[14,2],"4":[6,8]},"f":{"1":5,"2":939,"3":18,"4":3,"5":0,"6":6},"fnMap":{"1":{"name":"onlyOwner","line":24,"loc":{"start":{"line":24,"column":4},"end":{"line":27,"column":4}}},"2":{"name":"constructor","line":32,"loc":{"start":{"line":32,"column":4},"end":{"line":37,"column":4}}},"3":{"name":"createPool","line":40,"loc":{"start":{"line":40,"column":4},"end":{"line":56,"column":4}}},"4":{"name":"setOwner","line":59,"loc":{"start":{"line":59,"column":4},"end":{"line":62,"column":4}}},"5":{"name":"setFarmingAddress","line":65,"loc":{"start":{"line":65,"column":4},"end":{"line":67,"column":4}}},"6":{"name":"computeAddress","line":75,"loc":{"start":{"line":75,"column":4},"end":{"line":83,"column":4}}}},"statementMap":{"1":{"start":{"line":25,"column":8},"end":{"line":25,"column":35}},"2":{"start":{"line":33,"column":8},"end":{"line":33,"column":25}},"3":{"start":{"line":34,"column":8},"end":{"line":34,"column":49}},"4":{"start":{"line":36,"column":8},"end":{"line":36,"column":35}},"5":{"start":{"line":41,"column":8},"end":{"line":41,"column":32}},"6":{"start":{"line":42,"column":8},"end":{"line":42,"column":96}},"7":{"start":{"line":43,"column":8},"end":{"line":43,"column":36}},"8":{"start":{"line":44,"column":8},"end":{"line":44,"column":56}},"9":{"start":{"line":46,"column":8},"end":{"line":46,"column":1360}},"10":{"start":{"line":50,"column":8},"end":{"line":50,"column":108}},"11":{"start":{"line":52,"column":8},"end":{"line":52,"column":40}},"12":{"start":{"line":54,"column":8},"end":{"line":54,"column":40}},"13":{"start":{"line":55,"column":8},"end":{"line":55,"column":46}},"14":{"start":{"line":60,"column":8},"end":{"line":60,"column":40}},"15":{"start":{"line":61,"column":8},"end":{"line":61,"column":21}},"16":{"start":{"line":66,"column":8},"end":{"line":66,"column":37}},"17":{"start":{"line":76,"column":8},"end":{"line":76,"column":2627}}},"branchMap":{"1":{"line":25,"type":"if","locations":[{"start":{"line":25,"column":8},"end":{"line":25,"column":8}},{"start":{"line":25,"column":8},"end":{"line":25,"column":8}}]},"2":{"line":41,"type":"if","locations":[{"start":{"line":41,"column":8},"end":{"line":41,"column":8}},{"start":{"line":41,"column":8},"end":{"line":41,"column":8}}]},"3":{"line":43,"type":"if","locations":[{"start":{"line":43,"column":8},"end":{"line":43,"column":8}},{"start":{"line":43,"column":8},"end":{"line":43,"column":8}}]},"4":{"line":44,"type":"if","locations":[{"start":{"line":44,"column":8},"end":{"line":44,"column":8}},{"start":{"line":44,"column":8},"end":{"line":44,"column":8}}]}}},"contracts\\AlgebraPool.sol":{"l":{"69":47,"70":45,"74":509,"78":1814,"82":1625,"99":7,"103":1186,"104":1183,"105":1182,"125":28,"127":26,"128":26,"130":26,"131":26,"132":26,"133":26,"139":26,"144":26,"145":24,"148":22,"150":22,"151":5,"157":10,"158":10,"161":10,"167":7,"187":4,"199":470,"201":469,"204":465,"207":465,"208":465,"209":465,"211":465,"227":1148,"228":1148,"229":1148,"231":1148,"232":1148,"233":39,"235":1109,"238":1147,"244":1147,"245":1147,"246":1147,"249":1147,"250":242,"251":242,"274":1155,"276":1155,"278":1155,"280":1155,"281":1155,"282":1155,"283":1116,"284":1116,"288":1116,"301":1012,"302":1012,"305":1111,"318":1015,"319":1015,"323":1148,"331":1148,"335":1147,"336":432,"337":396,"339":432,"340":395,"344":1147,"345":1109,"346":1109,"352":1109,"353":722,"354":722,"361":722,"362":722,"363":722,"383":1792,"384":273,"390":1149,"395":1149,"401":1149,"405":370,"425":1569,"426":1569,"429":1569,"450":687,"451":686,"452":683,"453":683,"460":683,"461":683,"464":683,"465":683,"466":683,"467":683,"468":683,"469":683,"470":683,"471":683,"474":683,"475":26,"477":683,"478":26,"479":26,"480":26,"484":683,"486":683,"487":683,"494":677,"495":677,"498":677,"499":26,"501":677,"502":26,"504":677,"505":677,"516":414,"518":414,"519":414,"521":414,"522":329,"523":329,"525":414,"526":316,"527":316,"530":414,"539":472,"540":472,"547":470,"548":470,"550":470,"551":432,"554":470,"564":1274,"565":1274,"576":556,"577":556,"578":556,"579":556,"580":556,"582":556,"592":505,"594":313,"596":313,"598":313,"599":313,"602":192,"604":192,"606":192,"607":191,"610":496,"612":496,"613":496,"625":60,"626":60,"627":60,"628":60,"629":60,"633":60,"634":30,"635":30,"636":30,"638":30,"639":30,"640":30,"643":60,"654":56,"655":28,"658":28,"659":3,"662":28,"665":28,"666":3,"670":56,"672":56,"673":56,"739":616,"740":616,"741":616,"742":616,"743":616,"744":615,"746":615,"753":561,"754":561,"755":561,"756":561,"758":561,"759":561,"760":561,"762":561,"763":561,"764":561,"765":561,"767":561,"768":561,"769":0,"770":0,"773":0,"774":0,"777":0,"783":561,"785":561,"786":3993,"788":3993,"790":3993,"794":3993,"805":3993,"807":3393,"809":3393,"812":600,"814":600,"817":3993,"818":548,"819":548,"820":548,"823":3993,"824":2847,"826":3993,"828":3433,"830":195,"831":157,"834":157,"835":157,"838":195,"839":0,"840":0,"843":195,"844":195,"849":144,"863":51,"873":195,"886":3433,"890":548,"894":561,"899":561,"900":492,"907":492,"908":40,"909":40,"911":492,"918":492,"919":0,"920":0,"921":0,"922":0,"924":0,"930":69,"933":561,"944":561,"945":341,"946":341,"948":220,"949":220,"960":38,"961":38,"963":35,"965":35,"966":35,"967":35,"968":35,"970":35,"971":34,"973":33,"975":33,"976":33,"978":33,"979":31,"981":29,"982":29,"984":29,"985":25,"986":25,"987":25,"988":25,"990":29,"991":18,"992":18,"993":18,"994":18,"997":29,"1002":42,"1006":34,"1010":34,"1011":34,"1020":3,"1022":3,"1023":3,"1025":3,"1026":2,"1027":2,"1028":2,"1030":3,"1031":1,"1032":1,"1033":1,"1036":3,"1045":0,"1046":0,"1047":0,"1049":0},"path":"C:\\Users\\Vladislav Volosnikov\\Desktop\\Algebra2\\Algebra\\src\\core\\contracts\\AlgebraPool.sol","s":{"1":47,"2":509,"3":1814,"4":1625,"5":7,"6":1186,"7":1183,"8":1182,"9":28,"10":26,"11":26,"12":26,"13":26,"14":26,"15":26,"16":26,"17":24,"18":22,"19":22,"20":5,"21":17,"22":10,"23":10,"24":10,"25":7,"26":4,"27":470,"28":469,"29":465,"30":465,"31":465,"32":465,"33":465,"34":1148,"35":1148,"36":1148,"37":1148,"38":1148,"39":39,"40":1109,"41":1147,"42":1147,"43":1109,"44":1147,"45":1147,"46":1147,"47":242,"48":242,"49":1155,"50":1155,"51":1155,"52":1155,"53":1155,"54":1155,"55":1116,"56":1116,"57":1116,"58":1012,"59":1012,"60":1111,"61":1015,"62":1015,"63":1148,"64":1148,"65":1147,"66":432,"67":432,"68":1147,"69":1109,"70":1109,"71":1109,"72":722,"73":722,"74":722,"75":722,"76":722,"77":1792,"78":273,"79":1519,"80":1149,"81":1149,"82":1149,"83":370,"84":1569,"85":1569,"86":687,"87":686,"88":683,"89":683,"90":683,"91":683,"92":683,"93":683,"94":530,"95":683,"96":557,"97":683,"98":683,"99":530,"100":683,"101":557,"102":683,"103":26,"104":683,"105":26,"106":26,"107":26,"108":683,"109":683,"110":677,"111":677,"112":677,"113":26,"114":677,"115":26,"116":677,"117":677,"118":414,"119":414,"120":414,"121":414,"122":329,"123":329,"124":414,"125":316,"126":316,"127":414,"128":472,"129":472,"130":470,"131":470,"132":470,"133":432,"134":470,"135":1274,"136":1274,"137":556,"138":556,"139":556,"140":556,"141":556,"142":556,"143":505,"144":313,"145":295,"146":313,"147":313,"148":313,"149":192,"150":176,"151":192,"152":192,"153":191,"154":496,"155":496,"156":496,"157":60,"158":60,"159":60,"160":60,"161":60,"162":60,"163":30,"164":30,"165":30,"166":30,"167":30,"168":30,"169":60,"170":56,"171":28,"172":23,"173":28,"174":3,"175":28,"176":23,"177":28,"178":3,"179":56,"180":56,"181":56,"182":616,"183":616,"184":616,"185":616,"186":615,"187":615,"188":561,"189":561,"190":561,"191":561,"192":561,"193":561,"194":561,"195":561,"196":561,"197":561,"198":561,"199":561,"200":561,"201":0,"202":0,"203":0,"204":0,"205":0,"206":561,"207":561,"208":3993,"209":3993,"210":3993,"211":3993,"212":3993,"213":3393,"214":3393,"215":600,"216":600,"217":3993,"218":548,"219":548,"220":548,"221":3993,"222":2847,"223":3993,"224":3433,"225":195,"226":157,"227":157,"228":157,"229":195,"230":0,"231":0,"232":195,"233":195,"234":144,"235":51,"236":195,"237":3433,"238":560,"239":548,"240":561,"241":561,"242":492,"243":492,"244":40,"245":40,"246":492,"247":492,"248":0,"249":0,"250":0,"251":0,"252":0,"253":69,"254":561,"255":561,"256":341,"257":341,"258":89,"259":220,"260":220,"261":37,"262":38,"263":38,"264":35,"265":35,"266":35,"267":35,"268":35,"269":35,"270":13,"271":34,"272":12,"273":33,"274":33,"275":33,"276":33,"277":31,"278":29,"279":29,"280":29,"281":25,"282":25,"283":25,"284":2,"285":25,"286":29,"287":18,"288":18,"289":18,"290":3,"291":18,"292":29,"293":42,"294":34,"295":34,"296":34,"297":3,"298":3,"299":3,"300":3,"301":2,"302":2,"303":2,"304":3,"305":1,"306":1,"307":1,"308":3,"309":0,"310":0,"311":0,"312":0},"b":{"1":[45,2],"2":[1183,3],"3":[1182,1],"4":[1181,1],"5":[24,2],"6":[22,2],"7":[5,17],"8":[10,7],"9":[469,1],"10":[39,1109],"11":[38,1],"12":[1109,38],"13":[242,905],"14":[1116,39],"15":[1012,100],"16":[1015,95],"17":[432,715],"18":[396,36],"19":[395,37],"20":[1109,38],"21":[722,387],"22":[273,1519],"23":[1149,370],"24":[686,1],"25":[530,153],"26":[557,126],"27":[530,153],"28":[530,0],"29":[557,126],"30":[557,0],"31":[26,657],"32":[26,657],"33":[26,0],"34":[683,0],"35":[677,0],"36":[677,0],"37":[26,651],"38":[26,651],"39":[329,85],"40":[316,98],"41":[432,38],"42":[313,192],"43":[295,18],"44":[309,4],"45":[176,16],"46":[187,4],"47":[30,30],"48":[30,0],"49":[30,0],"50":[28,28],"51":[23,5],"52":[3,25],"53":[23,5],"54":[3,25],"55":[615,1],"56":[615,0],"57":[561,54],"58":[0,561],"59":[0,0],"60":[0,0],"61":[3393,600],"62":[548,3445],"63":[2847,1146],"64":[3433,560],"65":[195,3238],"66":[157,38],"67":[0,195],"68":[0,0],"69":[144,51],"70":[548,12],"71":[492,69],"72":[40,452],"73":[0,492],"74":[0,0],"75":[0,0],"76":[341,220],"77":[89,252],"78":[37,183],"79":[35,3],"80":[13,22],"81":[12,22],"82":[31,2],"83":[29,2],"84":[25,4],"85":[2,23],"86":[18,11],"87":[3,15],"88":[34,8],"89":[2,1],"90":[2,0],"91":[1,2],"92":[1,0],"93":[0,0],"94":[0,0]},"f":{"1":47,"2":509,"3":1814,"4":1625,"5":7,"6":1186,"7":28,"8":4,"9":470,"10":1148,"11":1155,"12":1792,"13":1569,"14":687,"15":414,"16":472,"17":1274,"18":556,"19":60,"20":616,"21":38,"22":42,"23":3,"24":0},"fnMap":{"1":{"name":"onlyFactoryOwner","line":68,"loc":{"start":{"line":68,"column":4},"end":{"line":71,"column":4}}},"2":{"name":"constructor","line":73,"loc":{"start":{"line":73,"column":4},"end":{"line":75,"column":4}}},"3":{"name":"balanceToken0","line":77,"loc":{"start":{"line":77,"column":4},"end":{"line":79,"column":4}}},"4":{"name":"balanceToken1","line":81,"loc":{"start":{"line":81,"column":4},"end":{"line":83,"column":4}}},"5":{"name":"timepoints","line":86,"loc":{"start":{"line":86,"column":4},"end":{"line":100,"column":4}}},"6":{"name":"tickValidation","line":102,"loc":{"start":{"line":102,"column":4},"end":{"line":106,"column":4}}},"7":{"name":"getInnerCumulatives","line":115,"loc":{"start":{"line":115,"column":4},"end":{"line":173,"column":4}}},"8":{"name":"getTimepoints","line":176,"loc":{"start":{"line":176,"column":4},"end":{"line":195,"column":4}}},"9":{"name":"initialize","line":198,"loc":{"start":{"line":198,"column":4},"end":{"line":212,"column":4}}},"10":{"name":"_recalculatePosition","line":221,"loc":{"start":{"line":221,"column":4},"end":{"line":253,"column":4}}},"11":{"name":"_modifyPosition","line":261,"loc":{"start":{"line":261,"column":4},"end":{"line":366,"column":4}}},"12":{"name":"_getAmountsForLiquidity","line":368,"loc":{"start":{"line":368,"column":4},"end":{"line":411,"column":4}}},"13":{"name":"getOrCreatePosition","line":420,"loc":{"start":{"line":420,"column":4},"end":{"line":430,"column":4}}},"14":{"name":"mint","line":443,"loc":{"start":{"line":433,"column":4},"end":{"line":506,"column":4}}},"15":{"name":"collect","line":515,"loc":{"start":{"line":509,"column":4},"end":{"line":531,"column":4}}},"16":{"name":"burn","line":538,"loc":{"start":{"line":534,"column":4},"end":{"line":555,"column":4}}},"17":{"name":"_changeFee","line":558,"loc":{"start":{"line":558,"column":4},"end":{"line":566,"column":4}}},"18":{"name":"swap","line":569,"loc":{"start":{"line":569,"column":4},"end":{"line":614,"column":4}}},"19":{"name":"swapSupportingFeeOnInputTokens","line":617,"loc":{"start":{"line":617,"column":4},"end":{"line":674,"column":4}}},"20":{"name":"_calculateSwap","line":723,"loc":{"start":{"line":723,"column":4},"end":{"line":951,"column":4}}},"21":{"name":"flash","line":959,"loc":{"start":{"line":954,"column":4},"end":{"line":998,"column":4}}},"22":{"name":"setCommunityFee","line":1001,"loc":{"start":{"line":1001,"column":4},"end":{"line":1012,"column":4}}},"23":{"name":"collectCommunityFee","line":1019,"loc":{"start":{"line":1015,"column":4},"end":{"line":1037,"column":4}}},"24":{"name":"setIncentive","line":1040,"loc":{"start":{"line":1040,"column":4},"end":{"line":1050,"column":4}}}},"statementMap":{"1":{"start":{"line":69,"column":8},"end":{"line":69,"column":62}},"2":{"start":{"line":74,"column":8},"end":{"line":74,"column":43}},"3":{"start":{"line":78,"column":8},"end":{"line":78,"column":61}},"4":{"start":{"line":82,"column":8},"end":{"line":82,"column":61}},"5":{"start":{"line":99,"column":8},"end":{"line":99,"column":74}},"6":{"start":{"line":103,"column":8},"end":{"line":103,"column":43}},"7":{"start":{"line":104,"column":8},"end":{"line":104,"column":54}},"8":{"start":{"line":105,"column":8},"end":{"line":105,"column":51}},"9":{"start":{"line":125,"column":8},"end":{"line":125,"column":42}},"10":{"start":{"line":127,"column":8},"end":{"line":127,"column":32}},"11":{"start":{"line":128,"column":8},"end":{"line":128,"column":32}},"12":{"start":{"line":131,"column":12},"end":{"line":131,"column":63}},"13":{"start":{"line":132,"column":12},"end":{"line":132,"column":60}},"14":{"start":{"line":133,"column":12},"end":{"line":133,"column":4383}},"15":{"start":{"line":139,"column":12},"end":{"line":139,"column":4634}},"16":{"start":{"line":144,"column":12},"end":{"line":144,"column":38}},"17":{"start":{"line":145,"column":12},"end":{"line":145,"column":38}},"18":{"start":{"line":148,"column":8},"end":{"line":148,"column":53}},"19":{"start":{"line":150,"column":8},"end":{"line":150,"column":5030}},"20":{"start":{"line":151,"column":12},"end":{"line":151,"column":5086}},"21":{"start":{"line":156,"column":15},"end":{"line":156,"column":5331}},"22":{"start":{"line":157,"column":12},"end":{"line":157,"column":49}},"23":{"start":{"line":158,"column":12},"end":{"line":158,"column":5529}},"24":{"start":{"line":161,"column":12},"end":{"line":161,"column":5697}},"25":{"start":{"line":167,"column":12},"end":{"line":167,"column":6036}},"26":{"start":{"line":187,"column":8},"end":{"line":187,"column":6703}},"27":{"start":{"line":199,"column":8},"end":{"line":199,"column":44}},"28":{"start":{"line":201,"column":8},"end":{"line":201,"column":62}},"29":{"start":{"line":204,"column":8},"end":{"line":204,"column":78}},"30":{"start":{"line":207,"column":8},"end":{"line":207,"column":39}},"31":{"start":{"line":208,"column":8},"end":{"line":208,"column":34}},"32":{"start":{"line":209,"column":8},"end":{"line":209,"column":30}},"33":{"start":{"line":211,"column":8},"end":{"line":211,"column":43}},"34":{"start":{"line":227,"column":8},"end":{"line":227,"column":54}},"35":{"start":{"line":228,"column":8},"end":{"line":228,"column":70}},"36":{"start":{"line":229,"column":8},"end":{"line":229,"column":70}},"37":{"start":{"line":231,"column":8},"end":{"line":231,"column":29}},"38":{"start":{"line":232,"column":8},"end":{"line":232,"column":8454}},"39":{"start":{"line":233,"column":12},"end":{"line":233,"column":46}},"40":{"start":{"line":235,"column":12},"end":{"line":235,"column":83}},"41":{"start":{"line":238,"column":8},"end":{"line":238,"column":8698}},"42":{"start":{"line":244,"column":8},"end":{"line":244,"column":68}},"43":{"start":{"line":244,"column":33},"end":{"line":244,"column":67}},"44":{"start":{"line":245,"column":8},"end":{"line":245,"column":60}},"45":{"start":{"line":246,"column":8},"end":{"line":246,"column":60}},"46":{"start":{"line":249,"column":8},"end":{"line":249,"column":9290}},"47":{"start":{"line":250,"column":12},"end":{"line":250,"column":35}},"48":{"start":{"line":251,"column":12},"end":{"line":251,"column":35}},"49":{"start":{"line":274,"column":8},"end":{"line":274,"column":53}},"50":{"start":{"line":276,"column":8},"end":{"line":276,"column":65}},"51":{"start":{"line":278,"column":8},"end":{"line":278,"column":117}},"52":{"start":{"line":280,"column":8},"end":{"line":280,"column":26}},"53":{"start":{"line":281,"column":8},"end":{"line":281,"column":23}},"54":{"start":{"line":282,"column":8},"end":{"line":282,"column":10378}},"55":{"start":{"line":283,"column":12},"end":{"line":283,"column":43}},"56":{"start":{"line":284,"column":12},"end":{"line":284,"column":10554}},"57":{"start":{"line":288,"column":12},"end":{"line":288,"column":10711}},"58":{"start":{"line":301,"column":16},"end":{"line":301,"column":35}},"59":{"start":{"line":302,"column":16},"end":{"line":302,"column":47}},"60":{"start":{"line":305,"column":12},"end":{"line":305,"column":11244}},"61":{"start":{"line":318,"column":16},"end":{"line":318,"column":32}},"62":{"start":{"line":319,"column":16},"end":{"line":319,"column":44}},"63":{"start":{"line":323,"column":8},"end":{"line":323,"column":11771}},"64":{"start":{"line":331,"column":8},"end":{"line":331,"column":97}},"65":{"start":{"line":335,"column":8},"end":{"line":335,"column":12320}},"66":{"start":{"line":336,"column":12},"end":{"line":336,"column":12363}},"67":{"start":{"line":339,"column":12},"end":{"line":339,"column":12455}},"68":{"start":{"line":344,"column":8},"end":{"line":344,"column":12546}},"69":{"start":{"line":345,"column":12},"end":{"line":345,"column":39}},"70":{"start":{"line":346,"column":12},"end":{"line":346,"column":12632}},"71":{"start":{"line":352,"column":12},"end":{"line":352,"column":12847}},"72":{"start":{"line":353,"column":16},"end":{"line":353,"column":51}},"73":{"start":{"line":354,"column":16},"end":{"line":354,"column":12956}},"74":{"start":{"line":361,"column":16},"end":{"line":361,"column":61}},"75":{"start":{"line":362,"column":16},"end":{"line":362,"column":99}},"76":{"start":{"line":363,"column":16},"end":{"line":363,"column":82}},"77":{"start":{"line":383,"column":8},"end":{"line":383,"column":13974}},"78":{"start":{"line":384,"column":12},"end":{"line":384,"column":14029}},"79":{"start":{"line":389,"column":15},"end":{"line":389,"column":14243}},"80":{"start":{"line":390,"column":12},"end":{"line":390,"column":14295}},"81":{"start":{"line":395,"column":12},"end":{"line":395,"column":14489}},"82":{"start":{"line":401,"column":12},"end":{"line":401,"column":48}},"83":{"start":{"line":405,"column":12},"end":{"line":405,"column":14872}},"84":{"start":{"line":425,"column":8},"end":{"line":425,"column":19}},"85":{"start":{"line":429,"column":8},"end":{"line":429,"column":29}},"86":{"start":{"line":450,"column":8},"end":{"line":450,"column":36}},"87":{"start":{"line":451,"column":8},"end":{"line":451,"column":42}},"88":{"start":{"line":453,"column":12},"end":{"line":453,"column":16250}},"89":{"start":{"line":460,"column":12},"end":{"line":460,"column":40}},"90":{"start":{"line":461,"column":12},"end":{"line":461,"column":40}},"91":{"start":{"line":464,"column":8},"end":{"line":464,"column":31}},"92":{"start":{"line":465,"column":8},"end":{"line":465,"column":31}},"93":{"start":{"line":467,"column":12},"end":{"line":467,"column":62}},"94":{"start":{"line":467,"column":29},"end":{"line":467,"column":61}},"95":{"start":{"line":468,"column":12},"end":{"line":468,"column":62}},"96":{"start":{"line":468,"column":29},"end":{"line":468,"column":61}},"97":{"start":{"line":469,"column":12},"end":{"line":469,"column":87}},"98":{"start":{"line":470,"column":12},"end":{"line":470,"column":103}},"99":{"start":{"line":470,"column":29},"end":{"line":470,"column":102}},"100":{"start":{"line":471,"column":12},"end":{"line":471,"column":103}},"101":{"start":{"line":471,"column":29},"end":{"line":471,"column":102}},"102":{"start":{"line":474,"column":8},"end":{"line":474,"column":17098}},"103":{"start":{"line":475,"column":12},"end":{"line":475,"column":95}},"104":{"start":{"line":477,"column":8},"end":{"line":477,"column":17250}},"105":{"start":{"line":478,"column":12},"end":{"line":478,"column":109}},"106":{"start":{"line":479,"column":12},"end":{"line":479,"column":17412}},"107":{"start":{"line":480,"column":16},"end":{"line":480,"column":43}},"108":{"start":{"line":484,"column":8},"end":{"line":484,"column":38}},"109":{"start":{"line":487,"column":12},"end":{"line":487,"column":17592}},"110":{"start":{"line":494,"column":12},"end":{"line":494,"column":79}},"111":{"start":{"line":495,"column":12},"end":{"line":495,"column":79}},"112":{"start":{"line":498,"column":8},"end":{"line":498,"column":17983}},"113":{"start":{"line":499,"column":12},"end":{"line":499,"column":81}},"114":{"start":{"line":501,"column":8},"end":{"line":501,"column":18121}},"115":{"start":{"line":502,"column":12},"end":{"line":502,"column":81}},"116":{"start":{"line":504,"column":8},"end":{"line":504,"column":35}},"117":{"start":{"line":505,"column":8},"end":{"line":505,"column":91}},"118":{"start":{"line":516,"column":8},"end":{"line":516,"column":88}},"119":{"start":{"line":518,"column":8},"end":{"line":518,"column":86}},"120":{"start":{"line":519,"column":8},"end":{"line":519,"column":86}},"121":{"start":{"line":521,"column":8},"end":{"line":521,"column":18962}},"122":{"start":{"line":522,"column":12},"end":{"line":522,"column":36}},"123":{"start":{"line":523,"column":12},"end":{"line":523,"column":66}},"124":{"start":{"line":525,"column":8},"end":{"line":525,"column":19111}},"125":{"start":{"line":526,"column":12},"end":{"line":526,"column":36}},"126":{"start":{"line":527,"column":12},"end":{"line":527,"column":66}},"127":{"start":{"line":530,"column":8},"end":{"line":530,"column":82}},"128":{"start":{"line":539,"column":8},"end":{"line":539,"column":42}},"129":{"start":{"line":540,"column":8},"end":{"line":540,"column":19613}},"130":{"start":{"line":547,"column":8},"end":{"line":547,"column":37}},"131":{"start":{"line":548,"column":8},"end":{"line":548,"column":37}},"132":{"start":{"line":550,"column":8},"end":{"line":550,"column":19916}},"133":{"start":{"line":551,"column":12},"end":{"line":551,"column":116}},"134":{"start":{"line":554,"column":8},"end":{"line":554,"column":76}},"135":{"start":{"line":564,"column":8},"end":{"line":564,"column":107}},"136":{"start":{"line":565,"column":8},"end":{"line":565,"column":39}},"137":{"start":{"line":576,"column":8},"end":{"line":576,"column":29}},"138":{"start":{"line":577,"column":8},"end":{"line":577,"column":28}},"139":{"start":{"line":578,"column":8},"end":{"line":578,"column":25}},"140":{"start":{"line":579,"column":8},"end":{"line":579,"column":32}},"141":{"start":{"line":580,"column":8},"end":{"line":580,"column":29}},"142":{"start":{"line":582,"column":8},"end":{"line":582,"column":21038}},"143":{"start":{"line":592,"column":8},"end":{"line":592,"column":21248}},"144":{"start":{"line":594,"column":12},"end":{"line":594,"column":94}},"145":{"start":{"line":594,"column":29},"end":{"line":594,"column":93}},"146":{"start":{"line":596,"column":12},"end":{"line":596,"column":52}},"147":{"start":{"line":598,"column":12},"end":{"line":598,"column":87}},"148":{"start":{"line":599,"column":12},"end":{"line":599,"column":82}},"149":{"start":{"line":602,"column":12},"end":{"line":602,"column":94}},"150":{"start":{"line":602,"column":29},"end":{"line":602,"column":93}},"151":{"start":{"line":604,"column":12},"end":{"line":604,"column":52}},"152":{"start":{"line":606,"column":12},"end":{"line":606,"column":87}},"153":{"start":{"line":607,"column":12},"end":{"line":607,"column":82}},"154":{"start":{"line":610,"column":8},"end":{"line":610,"column":80}},"155":{"start":{"line":612,"column":8},"end":{"line":612,"column":103}},"156":{"start":{"line":613,"column":8},"end":{"line":613,"column":34}},"157":{"start":{"line":625,"column":8},"end":{"line":625,"column":29}},"158":{"start":{"line":626,"column":8},"end":{"line":626,"column":28}},"159":{"start":{"line":627,"column":8},"end":{"line":627,"column":25}},"160":{"start":{"line":628,"column":8},"end":{"line":628,"column":32}},"161":{"start":{"line":629,"column":8},"end":{"line":629,"column":29}},"162":{"start":{"line":633,"column":8},"end":{"line":633,"column":23057}},"163":{"start":{"line":634,"column":12},"end":{"line":634,"column":52}},"164":{"start":{"line":635,"column":12},"end":{"line":635,"column":88}},"165":{"start":{"line":636,"column":12},"end":{"line":636,"column":93}},"166":{"start":{"line":638,"column":12},"end":{"line":638,"column":52}},"167":{"start":{"line":639,"column":12},"end":{"line":639,"column":88}},"168":{"start":{"line":640,"column":12},"end":{"line":640,"column":93}},"169":{"start":{"line":643,"column":8},"end":{"line":643,"column":23664}},"170":{"start":{"line":654,"column":8},"end":{"line":654,"column":23917}},"171":{"start":{"line":655,"column":12},"end":{"line":655,"column":94}},"172":{"start":{"line":655,"column":29},"end":{"line":655,"column":93}},"173":{"start":{"line":658,"column":12},"end":{"line":658,"column":24088}},"174":{"start":{"line":659,"column":16},"end":{"line":659,"column":96}},"175":{"start":{"line":662,"column":12},"end":{"line":662,"column":94}},"176":{"start":{"line":662,"column":29},"end":{"line":662,"column":93}},"177":{"start":{"line":665,"column":12},"end":{"line":665,"column":24402}},"178":{"start":{"line":666,"column":16},"end":{"line":666,"column":96}},"179":{"start":{"line":670,"column":8},"end":{"line":670,"column":80}},"180":{"start":{"line":672,"column":8},"end":{"line":672,"column":103}},"181":{"start":{"line":673,"column":8},"end":{"line":673,"column":34}},"182":{"start":{"line":739,"column":8},"end":{"line":739,"column":30}},"183":{"start":{"line":741,"column":12},"end":{"line":741,"column":57}},"184":{"start":{"line":742,"column":12},"end":{"line":742,"column":39}},"185":{"start":{"line":743,"column":12},"end":{"line":743,"column":48}},"186":{"start":{"line":744,"column":12},"end":{"line":744,"column":45}},"187":{"start":{"line":746,"column":12},"end":{"line":746,"column":27421}},"188":{"start":{"line":753,"column":12},"end":{"line":753,"column":44}},"189":{"start":{"line":754,"column":12},"end":{"line":754,"column":42}},"190":{"start":{"line":755,"column":12},"end":{"line":755,"column":55}},"191":{"start":{"line":756,"column":12},"end":{"line":756,"column":39}},"192":{"start":{"line":758,"column":12},"end":{"line":758,"column":50}},"193":{"start":{"line":759,"column":12},"end":{"line":759,"column":55}},"194":{"start":{"line":760,"column":12},"end":{"line":760,"column":48}},"195":{"start":{"line":762,"column":12},"end":{"line":762,"column":90}},"196":{"start":{"line":763,"column":12},"end":{"line":763,"column":114}},"197":{"start":{"line":764,"column":12},"end":{"line":764,"column":39}},"198":{"start":{"line":765,"column":12},"end":{"line":765,"column":46}},"199":{"start":{"line":767,"column":12},"end":{"line":767,"column":45}},"200":{"start":{"line":768,"column":12},"end":{"line":768,"column":28483}},"201":{"start":{"line":769,"column":16},"end":{"line":769,"column":46}},"202":{"start":{"line":770,"column":16},"end":{"line":770,"column":28604}},"203":{"start":{"line":773,"column":16},"end":{"line":773,"column":28774}},"204":{"start":{"line":774,"column":20},"end":{"line":774,"column":28830}},"205":{"start":{"line":777,"column":24},"end":{"line":777,"column":113}},"206":{"start":{"line":783,"column":8},"end":{"line":783,"column":36}},"207":{"start":{"line":785,"column":8},"end":{"line":785,"column":29298}},"208":{"start":{"line":786,"column":12},"end":{"line":786,"column":44}},"209":{"start":{"line":788,"column":12},"end":{"line":788,"column":102}},"210":{"start":{"line":790,"column":12},"end":{"line":790,"column":74}},"211":{"start":{"line":794,"column":12},"end":{"line":794,"column":29756}},"212":{"start":{"line":805,"column":12},"end":{"line":805,"column":30242}},"213":{"start":{"line":807,"column":16},"end":{"line":807,"column":73}},"214":{"start":{"line":809,"column":16},"end":{"line":809,"column":90}},"215":{"start":{"line":812,"column":16},"end":{"line":812,"column":55}},"216":{"start":{"line":814,"column":16},"end":{"line":814,"column":108}},"217":{"start":{"line":817,"column":12},"end":{"line":817,"column":30893}},"218":{"start":{"line":818,"column":16},"end":{"line":818,"column":67}},"219":{"start":{"line":819,"column":16},"end":{"line":819,"column":38}},"220":{"start":{"line":820,"column":16},"end":{"line":820,"column":53}},"221":{"start":{"line":823,"column":12},"end":{"line":823,"column":31215}},"222":{"start":{"line":824,"column":16},"end":{"line":824,"column":104}},"223":{"start":{"line":826,"column":12},"end":{"line":826,"column":31271}},"224":{"start":{"line":828,"column":16},"end":{"line":828,"column":31414}},"225":{"start":{"line":830,"column":20},"end":{"line":830,"column":31555}},"226":{"start":{"line":831,"column":24},"end":{"line":831,"column":31715}},"227":{"start":{"line":834,"column":24},"end":{"line":834,"column":59}},"228":{"start":{"line":835,"column":24},"end":{"line":835,"column":103}},"229":{"start":{"line":838,"column":20},"end":{"line":838,"column":32176}},"230":{"start":{"line":839,"column":24},"end":{"line":839,"column":32237}},"231":{"start":{"line":840,"column":28},"end":{"line":840,"column":108}},"232":{"start":{"line":843,"column":20},"end":{"line":843,"column":41}},"233":{"start":{"line":844,"column":20},"end":{"line":844,"column":32513}},"234":{"start":{"line":849,"column":24},"end":{"line":849,"column":32761}},"235":{"start":{"line":863,"column":24},"end":{"line":863,"column":33432}},"236":{"start":{"line":873,"column":20},"end":{"line":873,"column":94}},"237":{"start":{"line":886,"column":16},"end":{"line":886,"column":75}},"238":{"start":{"line":887,"column":19},"end":{"line":887,"column":34507}},"239":{"start":{"line":890,"column":16},"end":{"line":890,"column":70}},"240":{"start":{"line":894,"column":8},"end":{"line":894,"column":34808}},"241":{"start":{"line":899,"column":8},"end":{"line":899,"column":35214}},"242":{"start":{"line":900,"column":12},"end":{"line":900,"column":35270}},"243":{"start":{"line":907,"column":12},"end":{"line":907,"column":35556}},"244":{"start":{"line":908,"column":16},"end":{"line":908,"column":49}},"245":{"start":{"line":909,"column":16},"end":{"line":909,"column":44}},"246":{"start":{"line":911,"column":12},"end":{"line":911,"column":35728}},"247":{"start":{"line":918,"column":12},"end":{"line":918,"column":36061}},"248":{"start":{"line":919,"column":16},"end":{"line":919,"column":36114}},"249":{"start":{"line":920,"column":20},"end":{"line":920,"column":36195}},"250":{"start":{"line":921,"column":24},"end":{"line":921,"column":55}},"251":{"start":{"line":922,"column":24},"end":{"line":922,"column":63}},"252":{"start":{"line":924,"column":24},"end":{"line":924,"column":85}},"253":{"start":{"line":930,"column":12},"end":{"line":930,"column":43}},"254":{"start":{"line":933,"column":8},"end":{"line":933,"column":36704}},"255":{"start":{"line":944,"column":8},"end":{"line":944,"column":37129}},"256":{"start":{"line":945,"column":12},"end":{"line":945,"column":54}},"257":{"start":{"line":946,"column":12},"end":{"line":946,"column":113}},"258":{"start":{"line":946,"column":51},"end":{"line":946,"column":112}},"259":{"start":{"line":948,"column":12},"end":{"line":948,"column":54}},"260":{"start":{"line":949,"column":12},"end":{"line":949,"column":113}},"261":{"start":{"line":949,"column":51},"end":{"line":949,"column":112}},"262":{"start":{"line":960,"column":8},"end":{"line":960,"column":38}},"263":{"start":{"line":961,"column":8},"end":{"line":961,"column":35}},"264":{"start":{"line":963,"column":8},"end":{"line":963,"column":37}},"265":{"start":{"line":965,"column":8},"end":{"line":965,"column":68}},"266":{"start":{"line":966,"column":8},"end":{"line":966,"column":68}},"267":{"start":{"line":967,"column":8},"end":{"line":967,"column":48}},"268":{"start":{"line":968,"column":8},"end":{"line":968,"column":48}},"269":{"start":{"line":970,"column":8},"end":{"line":970,"column":80}},"270":{"start":{"line":970,"column":25},"end":{"line":970,"column":79}},"271":{"start":{"line":971,"column":8},"end":{"line":971,"column":80}},"272":{"start":{"line":971,"column":25},"end":{"line":971,"column":79}},"273":{"start":{"line":973,"column":8},"end":{"line":973,"column":79}},"274":{"start":{"line":975,"column":8},"end":{"line":975,"column":39}},"275":{"start":{"line":976,"column":8},"end":{"line":976,"column":39}},"276":{"start":{"line":978,"column":8},"end":{"line":978,"column":55}},"277":{"start":{"line":979,"column":8},"end":{"line":979,"column":55}},"278":{"start":{"line":981,"column":8},"end":{"line":981,"column":30}},"279":{"start":{"line":982,"column":8},"end":{"line":982,"column":30}},"280":{"start":{"line":984,"column":8},"end":{"line":984,"column":38643}},"281":{"start":{"line":985,"column":12},"end":{"line":985,"column":70}},"282":{"start":{"line":986,"column":12},"end":{"line":986,"column":86}},"283":{"start":{"line":987,"column":12},"end":{"line":987,"column":74}},"284":{"start":{"line":987,"column":36},"end":{"line":987,"column":73}},"285":{"start":{"line":988,"column":12},"end":{"line":988,"column":93}},"286":{"start":{"line":990,"column":8},"end":{"line":990,"column":39016}},"287":{"start":{"line":991,"column":12},"end":{"line":991,"column":70}},"288":{"start":{"line":992,"column":12},"end":{"line":992,"column":86}},"289":{"start":{"line":993,"column":12},"end":{"line":993,"column":74}},"290":{"start":{"line":993,"column":36},"end":{"line":993,"column":73}},"291":{"start":{"line":994,"column":12},"end":{"line":994,"column":93}},"292":{"start":{"line":997,"column":8},"end":{"line":997,"column":73}},"293":{"start":{"line":1002,"column":8},"end":{"line":1002,"column":39642}},"294":{"start":{"line":1006,"column":8},"end":{"line":1006,"column":39842}},"295":{"start":{"line":1010,"column":8},"end":{"line":1010,"column":104}},"296":{"start":{"line":1011,"column":8},"end":{"line":1011,"column":94}},"297":{"start":{"line":1020,"column":8},"end":{"line":1020,"column":95}},"298":{"start":{"line":1022,"column":8},"end":{"line":1022,"column":78}},"299":{"start":{"line":1023,"column":8},"end":{"line":1023,"column":78}},"300":{"start":{"line":1025,"column":8},"end":{"line":1025,"column":40782}},"301":{"start":{"line":1026,"column":12},"end":{"line":1026,"column":48}},"302":{"start":{"line":1027,"column":12},"end":{"line":1027,"column":42}},"303":{"start":{"line":1028,"column":12},"end":{"line":1028,"column":66}},"304":{"start":{"line":1030,"column":8},"end":{"line":1030,"column":41049}},"305":{"start":{"line":1031,"column":12},"end":{"line":1031,"column":48}},"306":{"start":{"line":1032,"column":12},"end":{"line":1032,"column":42}},"307":{"start":{"line":1033,"column":12},"end":{"line":1033,"column":66}},"308":{"start":{"line":1036,"column":8},"end":{"line":1036,"column":73}},"309":{"start":{"line":1045,"column":8},"end":{"line":1045,"column":70}},"310":{"start":{"line":1046,"column":8},"end":{"line":1046,"column":64}},"311":{"start":{"line":1047,"column":8},"end":{"line":1047,"column":84}},"312":{"start":{"line":1049,"column":8},"end":{"line":1049,"column":75}}},"branchMap":{"1":{"line":69,"type":"if","locations":[{"start":{"line":69,"column":8},"end":{"line":69,"column":8}},{"start":{"line":69,"column":8},"end":{"line":69,"column":8}}]},"2":{"line":103,"type":"if","locations":[{"start":{"line":103,"column":8},"end":{"line":103,"column":8}},{"start":{"line":103,"column":8},"end":{"line":103,"column":8}}]},"3":{"line":104,"type":"if","locations":[{"start":{"line":104,"column":8},"end":{"line":104,"column":8}},{"start":{"line":104,"column":8},"end":{"line":104,"column":8}}]},"4":{"line":105,"type":"if","locations":[{"start":{"line":105,"column":8},"end":{"line":105,"column":8}},{"start":{"line":105,"column":8},"end":{"line":105,"column":8}}]},"5":{"line":144,"type":"if","locations":[{"start":{"line":144,"column":12},"end":{"line":144,"column":12}},{"start":{"line":144,"column":12},"end":{"line":144,"column":12}}]},"6":{"line":145,"type":"if","locations":[{"start":{"line":145,"column":12},"end":{"line":145,"column":12}},{"start":{"line":145,"column":12},"end":{"line":145,"column":12}}]},"7":{"line":150,"type":"if","locations":[{"start":{"line":150,"column":8},"end":{"line":150,"column":8}},{"start":{"line":150,"column":8},"end":{"line":150,"column":8}}]},"8":{"line":156,"type":"if","locations":[{"start":{"line":156,"column":15},"end":{"line":156,"column":15}},{"start":{"line":156,"column":15},"end":{"line":156,"column":15}}]},"9":{"line":199,"type":"if","locations":[{"start":{"line":199,"column":8},"end":{"line":199,"column":8}},{"start":{"line":199,"column":8},"end":{"line":199,"column":8}}]},"10":{"line":232,"type":"if","locations":[{"start":{"line":232,"column":8},"end":{"line":232,"column":8}},{"start":{"line":232,"column":8},"end":{"line":232,"column":8}}]},"11":{"line":233,"type":"if","locations":[{"start":{"line":233,"column":12},"end":{"line":233,"column":12}},{"start":{"line":233,"column":12},"end":{"line":233,"column":12}}]},"12":{"line":244,"type":"if","locations":[{"start":{"line":244,"column":8},"end":{"line":244,"column":8}},{"start":{"line":244,"column":8},"end":{"line":244,"column":8}}]},"13":{"line":249,"type":"if","locations":[{"start":{"line":249,"column":8},"end":{"line":249,"column":8}},{"start":{"line":249,"column":8},"end":{"line":249,"column":8}}]},"14":{"line":282,"type":"if","locations":[{"start":{"line":282,"column":8},"end":{"line":282,"column":8}},{"start":{"line":282,"column":8},"end":{"line":282,"column":8}}]},"15":{"line":288,"type":"if","locations":[{"start":{"line":288,"column":12},"end":{"line":288,"column":12}},{"start":{"line":288,"column":12},"end":{"line":288,"column":12}}]},"16":{"line":305,"type":"if","locations":[{"start":{"line":305,"column":12},"end":{"line":305,"column":12}},{"start":{"line":305,"column":12},"end":{"line":305,"column":12}}]},"17":{"line":335,"type":"if","locations":[{"start":{"line":335,"column":8},"end":{"line":335,"column":8}},{"start":{"line":335,"column":8},"end":{"line":335,"column":8}}]},"18":{"line":336,"type":"if","locations":[{"start":{"line":336,"column":12},"end":{"line":336,"column":12}},{"start":{"line":336,"column":12},"end":{"line":336,"column":12}}]},"19":{"line":339,"type":"if","locations":[{"start":{"line":339,"column":12},"end":{"line":339,"column":12}},{"start":{"line":339,"column":12},"end":{"line":339,"column":12}}]},"20":{"line":344,"type":"if","locations":[{"start":{"line":344,"column":8},"end":{"line":344,"column":8}},{"start":{"line":344,"column":8},"end":{"line":344,"column":8}}]},"21":{"line":352,"type":"if","locations":[{"start":{"line":352,"column":12},"end":{"line":352,"column":12}},{"start":{"line":352,"column":12},"end":{"line":352,"column":12}}]},"22":{"line":383,"type":"if","locations":[{"start":{"line":383,"column":8},"end":{"line":383,"column":8}},{"start":{"line":383,"column":8},"end":{"line":383,"column":8}}]},"23":{"line":389,"type":"if","locations":[{"start":{"line":389,"column":15},"end":{"line":389,"column":15}},{"start":{"line":389,"column":15},"end":{"line":389,"column":15}}]},"24":{"line":450,"type":"if","locations":[{"start":{"line":450,"column":8},"end":{"line":450,"column":8}},{"start":{"line":450,"column":8},"end":{"line":450,"column":8}}]},"25":{"line":467,"type":"if","locations":[{"start":{"line":467,"column":12},"end":{"line":467,"column":12}},{"start":{"line":467,"column":12},"end":{"line":467,"column":12}}]},"26":{"line":468,"type":"if","locations":[{"start":{"line":468,"column":12},"end":{"line":468,"column":12}},{"start":{"line":468,"column":12},"end":{"line":468,"column":12}}]},"27":{"line":470,"type":"if","locations":[{"start":{"line":470,"column":12},"end":{"line":470,"column":12}},{"start":{"line":470,"column":12},"end":{"line":470,"column":12}}]},"28":{"line":470,"type":"if","locations":[{"start":{"line":470,"column":29},"end":{"line":470,"column":29}},{"start":{"line":470,"column":29},"end":{"line":470,"column":29}}]},"29":{"line":471,"type":"if","locations":[{"start":{"line":471,"column":12},"end":{"line":471,"column":12}},{"start":{"line":471,"column":12},"end":{"line":471,"column":12}}]},"30":{"line":471,"type":"if","locations":[{"start":{"line":471,"column":29},"end":{"line":471,"column":29}},{"start":{"line":471,"column":29},"end":{"line":471,"column":29}}]},"31":{"line":474,"type":"if","locations":[{"start":{"line":474,"column":8},"end":{"line":474,"column":8}},{"start":{"line":474,"column":8},"end":{"line":474,"column":8}}]},"32":{"line":477,"type":"if","locations":[{"start":{"line":477,"column":8},"end":{"line":477,"column":8}},{"start":{"line":477,"column":8},"end":{"line":477,"column":8}}]},"33":{"line":479,"type":"if","locations":[{"start":{"line":479,"column":12},"end":{"line":479,"column":12}},{"start":{"line":479,"column":12},"end":{"line":479,"column":12}}]},"34":{"line":484,"type":"if","locations":[{"start":{"line":484,"column":8},"end":{"line":484,"column":8}},{"start":{"line":484,"column":8},"end":{"line":484,"column":8}}]},"35":{"line":494,"type":"if","locations":[{"start":{"line":494,"column":12},"end":{"line":494,"column":12}},{"start":{"line":494,"column":12},"end":{"line":494,"column":12}}]},"36":{"line":495,"type":"if","locations":[{"start":{"line":495,"column":12},"end":{"line":495,"column":12}},{"start":{"line":495,"column":12},"end":{"line":495,"column":12}}]},"37":{"line":498,"type":"if","locations":[{"start":{"line":498,"column":8},"end":{"line":498,"column":8}},{"start":{"line":498,"column":8},"end":{"line":498,"column":8}}]},"38":{"line":501,"type":"if","locations":[{"start":{"line":501,"column":8},"end":{"line":501,"column":8}},{"start":{"line":501,"column":8},"end":{"line":501,"column":8}}]},"39":{"line":521,"type":"if","locations":[{"start":{"line":521,"column":8},"end":{"line":521,"column":8}},{"start":{"line":521,"column":8},"end":{"line":521,"column":8}}]},"40":{"line":525,"type":"if","locations":[{"start":{"line":525,"column":8},"end":{"line":525,"column":8}},{"start":{"line":525,"column":8},"end":{"line":525,"column":8}}]},"41":{"line":550,"type":"if","locations":[{"start":{"line":550,"column":8},"end":{"line":550,"column":8}},{"start":{"line":550,"column":8},"end":{"line":550,"column":8}}]},"42":{"line":592,"type":"if","locations":[{"start":{"line":592,"column":8},"end":{"line":592,"column":8}},{"start":{"line":592,"column":8},"end":{"line":592,"column":8}}]},"43":{"line":594,"type":"if","locations":[{"start":{"line":594,"column":12},"end":{"line":594,"column":12}},{"start":{"line":594,"column":12},"end":{"line":594,"column":12}}]},"44":{"line":599,"type":"if","locations":[{"start":{"line":599,"column":12},"end":{"line":599,"column":12}},{"start":{"line":599,"column":12},"end":{"line":599,"column":12}}]},"45":{"line":602,"type":"if","locations":[{"start":{"line":602,"column":12},"end":{"line":602,"column":12}},{"start":{"line":602,"column":12},"end":{"line":602,"column":12}}]},"46":{"line":607,"type":"if","locations":[{"start":{"line":607,"column":12},"end":{"line":607,"column":12}},{"start":{"line":607,"column":12},"end":{"line":607,"column":12}}]},"47":{"line":633,"type":"if","locations":[{"start":{"line":633,"column":8},"end":{"line":633,"column":8}},{"start":{"line":633,"column":8},"end":{"line":633,"column":8}}]},"48":{"line":636,"type":"if","locations":[{"start":{"line":636,"column":12},"end":{"line":636,"column":12}},{"start":{"line":636,"column":12},"end":{"line":636,"column":12}}]},"49":{"line":640,"type":"if","locations":[{"start":{"line":640,"column":12},"end":{"line":640,"column":12}},{"start":{"line":640,"column":12},"end":{"line":640,"column":12}}]},"50":{"line":654,"type":"if","locations":[{"start":{"line":654,"column":8},"end":{"line":654,"column":8}},{"start":{"line":654,"column":8},"end":{"line":654,"column":8}}]},"51":{"line":655,"type":"if","locations":[{"start":{"line":655,"column":12},"end":{"line":655,"column":12}},{"start":{"line":655,"column":12},"end":{"line":655,"column":12}}]},"52":{"line":658,"type":"if","locations":[{"start":{"line":658,"column":12},"end":{"line":658,"column":12}},{"start":{"line":658,"column":12},"end":{"line":658,"column":12}}]},"53":{"line":662,"type":"if","locations":[{"start":{"line":662,"column":12},"end":{"line":662,"column":12}},{"start":{"line":662,"column":12},"end":{"line":662,"column":12}}]},"54":{"line":665,"type":"if","locations":[{"start":{"line":665,"column":12},"end":{"line":665,"column":12}},{"start":{"line":665,"column":12},"end":{"line":665,"column":12}}]},"55":{"line":743,"type":"if","locations":[{"start":{"line":743,"column":12},"end":{"line":743,"column":12}},{"start":{"line":743,"column":12},"end":{"line":743,"column":12}}]},"56":{"line":744,"type":"if","locations":[{"start":{"line":744,"column":12},"end":{"line":744,"column":12}},{"start":{"line":744,"column":12},"end":{"line":744,"column":12}}]},"57":{"line":746,"type":"if","locations":[{"start":{"line":746,"column":12},"end":{"line":746,"column":12}},{"start":{"line":746,"column":12},"end":{"line":746,"column":12}}]},"58":{"line":768,"type":"if","locations":[{"start":{"line":768,"column":12},"end":{"line":768,"column":12}},{"start":{"line":768,"column":12},"end":{"line":768,"column":12}}]},"59":{"line":773,"type":"if","locations":[{"start":{"line":773,"column":16},"end":{"line":773,"column":16}},{"start":{"line":773,"column":16},"end":{"line":773,"column":16}}]},"60":{"line":774,"type":"if","locations":[{"start":{"line":774,"column":20},"end":{"line":774,"column":20}},{"start":{"line":774,"column":20},"end":{"line":774,"column":20}}]},"61":{"line":805,"type":"if","locations":[{"start":{"line":805,"column":12},"end":{"line":805,"column":12}},{"start":{"line":805,"column":12},"end":{"line":805,"column":12}}]},"62":{"line":817,"type":"if","locations":[{"start":{"line":817,"column":12},"end":{"line":817,"column":12}},{"start":{"line":817,"column":12},"end":{"line":817,"column":12}}]},"63":{"line":823,"type":"if","locations":[{"start":{"line":823,"column":12},"end":{"line":823,"column":12}},{"start":{"line":823,"column":12},"end":{"line":823,"column":12}}]},"64":{"line":826,"type":"if","locations":[{"start":{"line":826,"column":12},"end":{"line":826,"column":12}},{"start":{"line":826,"column":12},"end":{"line":826,"column":12}}]},"65":{"line":828,"type":"if","locations":[{"start":{"line":828,"column":16},"end":{"line":828,"column":16}},{"start":{"line":828,"column":16},"end":{"line":828,"column":16}}]},"66":{"line":830,"type":"if","locations":[{"start":{"line":830,"column":20},"end":{"line":830,"column":20}},{"start":{"line":830,"column":20},"end":{"line":830,"column":20}}]},"67":{"line":838,"type":"if","locations":[{"start":{"line":838,"column":20},"end":{"line":838,"column":20}},{"start":{"line":838,"column":20},"end":{"line":838,"column":20}}]},"68":{"line":839,"type":"if","locations":[{"start":{"line":839,"column":24},"end":{"line":839,"column":24}},{"start":{"line":839,"column":24},"end":{"line":839,"column":24}}]},"69":{"line":844,"type":"if","locations":[{"start":{"line":844,"column":20},"end":{"line":844,"column":20}},{"start":{"line":844,"column":20},"end":{"line":844,"column":20}}]},"70":{"line":887,"type":"if","locations":[{"start":{"line":887,"column":19},"end":{"line":887,"column":19}},{"start":{"line":887,"column":19},"end":{"line":887,"column":19}}]},"71":{"line":899,"type":"if","locations":[{"start":{"line":899,"column":8},"end":{"line":899,"column":8}},{"start":{"line":899,"column":8},"end":{"line":899,"column":8}}]},"72":{"line":907,"type":"if","locations":[{"start":{"line":907,"column":12},"end":{"line":907,"column":12}},{"start":{"line":907,"column":12},"end":{"line":907,"column":12}}]},"73":{"line":918,"type":"if","locations":[{"start":{"line":918,"column":12},"end":{"line":918,"column":12}},{"start":{"line":918,"column":12},"end":{"line":918,"column":12}}]},"74":{"line":919,"type":"if","locations":[{"start":{"line":919,"column":16},"end":{"line":919,"column":16}},{"start":{"line":919,"column":16},"end":{"line":919,"column":16}}]},"75":{"line":920,"type":"if","locations":[{"start":{"line":920,"column":20},"end":{"line":920,"column":20}},{"start":{"line":920,"column":20},"end":{"line":920,"column":20}}]},"76":{"line":944,"type":"if","locations":[{"start":{"line":944,"column":8},"end":{"line":944,"column":8}},{"start":{"line":944,"column":8},"end":{"line":944,"column":8}}]},"77":{"line":946,"type":"if","locations":[{"start":{"line":946,"column":12},"end":{"line":946,"column":12}},{"start":{"line":946,"column":12},"end":{"line":946,"column":12}}]},"78":{"line":949,"type":"if","locations":[{"start":{"line":949,"column":12},"end":{"line":949,"column":12}},{"start":{"line":949,"column":12},"end":{"line":949,"column":12}}]},"79":{"line":961,"type":"if","locations":[{"start":{"line":961,"column":8},"end":{"line":961,"column":8}},{"start":{"line":961,"column":8},"end":{"line":961,"column":8}}]},"80":{"line":970,"type":"if","locations":[{"start":{"line":970,"column":8},"end":{"line":970,"column":8}},{"start":{"line":970,"column":8},"end":{"line":970,"column":8}}]},"81":{"line":971,"type":"if","locations":[{"start":{"line":971,"column":8},"end":{"line":971,"column":8}},{"start":{"line":971,"column":8},"end":{"line":971,"column":8}}]},"82":{"line":978,"type":"if","locations":[{"start":{"line":978,"column":8},"end":{"line":978,"column":8}},{"start":{"line":978,"column":8},"end":{"line":978,"column":8}}]},"83":{"line":979,"type":"if","locations":[{"start":{"line":979,"column":8},"end":{"line":979,"column":8}},{"start":{"line":979,"column":8},"end":{"line":979,"column":8}}]},"84":{"line":984,"type":"if","locations":[{"start":{"line":984,"column":8},"end":{"line":984,"column":8}},{"start":{"line":984,"column":8},"end":{"line":984,"column":8}}]},"85":{"line":987,"type":"if","locations":[{"start":{"line":987,"column":12},"end":{"line":987,"column":12}},{"start":{"line":987,"column":12},"end":{"line":987,"column":12}}]},"86":{"line":990,"type":"if","locations":[{"start":{"line":990,"column":8},"end":{"line":990,"column":8}},{"start":{"line":990,"column":8},"end":{"line":990,"column":8}}]},"87":{"line":993,"type":"if","locations":[{"start":{"line":993,"column":12},"end":{"line":993,"column":12}},{"start":{"line":993,"column":12},"end":{"line":993,"column":12}}]},"88":{"line":1002,"type":"if","locations":[{"start":{"line":1002,"column":8},"end":{"line":1002,"column":8}},{"start":{"line":1002,"column":8},"end":{"line":1002,"column":8}}]},"89":{"line":1025,"type":"if","locations":[{"start":{"line":1025,"column":8},"end":{"line":1025,"column":8}},{"start":{"line":1025,"column":8},"end":{"line":1025,"column":8}}]},"90":{"line":1026,"type":"if","locations":[{"start":{"line":1026,"column":12},"end":{"line":1026,"column":12}},{"start":{"line":1026,"column":12},"end":{"line":1026,"column":12}}]},"91":{"line":1030,"type":"if","locations":[{"start":{"line":1030,"column":8},"end":{"line":1030,"column":8}},{"start":{"line":1030,"column":8},"end":{"line":1030,"column":8}}]},"92":{"line":1031,"type":"if","locations":[{"start":{"line":1031,"column":12},"end":{"line":1031,"column":12}},{"start":{"line":1031,"column":12},"end":{"line":1031,"column":12}}]},"93":{"line":1045,"type":"if","locations":[{"start":{"line":1045,"column":8},"end":{"line":1045,"column":8}},{"start":{"line":1045,"column":8},"end":{"line":1045,"column":8}}]},"94":{"line":1046,"type":"if","locations":[{"start":{"line":1046,"column":8},"end":{"line":1046,"column":8}},{"start":{"line":1046,"column":8},"end":{"line":1046,"column":8}}]}}},"contracts\\AlgebraPoolDeployer.sol":{"l":{"22":6,"23":6,"27":1,"28":1,"32":939,"37":1,"38":1,"48":6,"49":6},"path":"C:\\Users\\Vladislav Volosnikov\\Desktop\\Algebra2\\Algebra\\src\\core\\contracts\\AlgebraPoolDeployer.sol","s":{"1":6,"2":1,"3":939,"4":1,"5":1,"6":6,"7":6},"b":{"1":[6,0],"2":[1,0],"3":[1,0]},"f":{"1":6,"2":1,"3":939,"4":1,"5":6},"fnMap":{"1":{"name":"onlyFactory","line":21,"loc":{"start":{"line":21,"column":4},"end":{"line":24,"column":4}}},"2":{"name":"onlyOwner","line":26,"loc":{"start":{"line":26,"column":4},"end":{"line":29,"column":4}}},"3":{"name":"constructor","line":31,"loc":{"start":{"line":31,"column":4},"end":{"line":33,"column":4}}},"4":{"name":"setFactory","line":36,"loc":{"start":{"line":36,"column":4},"end":{"line":39,"column":4}}},"5":{"name":"deploy","line":47,"loc":{"start":{"line":42,"column":4},"end":{"line":50,"column":4}}}},"statementMap":{"1":{"start":{"line":22,"column":8},"end":{"line":22,"column":37}},"2":{"start":{"line":27,"column":8},"end":{"line":27,"column":35}},"3":{"start":{"line":32,"column":8},"end":{"line":32,"column":25}},"4":{"start":{"line":37,"column":8},"end":{"line":37,"column":37}},"5":{"start":{"line":38,"column":8},"end":{"line":38,"column":25}},"6":{"start":{"line":48,"column":8},"end":{"line":48,"column":109}},"7":{"start":{"line":49,"column":8},"end":{"line":49,"column":85}}},"branchMap":{"1":{"line":22,"type":"if","locations":[{"start":{"line":22,"column":8},"end":{"line":22,"column":8}},{"start":{"line":22,"column":8},"end":{"line":22,"column":8}}]},"2":{"line":27,"type":"if","locations":[{"start":{"line":27,"column":8},"end":{"line":27,"column":8}},{"start":{"line":27,"column":8},"end":{"line":27,"column":8}}]},"3":{"line":37,"type":"if","locations":[{"start":{"line":37,"column":8},"end":{"line":37,"column":8}},{"start":{"line":37,"column":8},"end":{"line":37,"column":8}}]}}},"contracts\\base\\PoolImmutables.sol":{"l":{"26":509},"path":"C:\\Users\\Vladislav Volosnikov\\Desktop\\Algebra2\\Algebra\\src\\core\\contracts\\base\\PoolImmutables.sol","s":{"1":509},"b":{},"f":{"1":509},"fnMap":{"1":{"name":"constructor","line":25,"loc":{"start":{"line":25,"column":4},"end":{"line":27,"column":4}}}},"statementMap":{"1":{"start":{"line":26,"column":8},"end":{"line":26,"column":99}}},"branchMap":{}},"contracts\\base\\PoolState.sol":{"l":{"52":1667,"53":1658,"54":1658,"55":1627,"63":0},"path":"C:\\Users\\Vladislav Volosnikov\\Desktop\\Algebra2\\Algebra\\src\\core\\contracts\\base\\PoolState.sol","s":{"1":1667,"2":1658,"3":1627,"4":0},"b":{"1":[1658,9]},"f":{"1":1667,"2":0},"fnMap":{"1":{"name":"lock","line":51,"loc":{"start":{"line":51,"column":4},"end":{"line":56,"column":4}}},"2":{"name":"_blockTimestamp","line":62,"loc":{"start":{"line":62,"column":4},"end":{"line":64,"column":4}}}},"statementMap":{"1":{"start":{"line":52,"column":8},"end":{"line":52,"column":43}},"2":{"start":{"line":53,"column":8},"end":{"line":53,"column":35}},"3":{"start":{"line":55,"column":8},"end":{"line":55,"column":34}},"4":{"start":{"line":63,"column":8},"end":{"line":63,"column":38}}},"branchMap":{"1":{"line":52,"type":"if","locations":[{"start":{"line":52,"column":8},"end":{"line":52,"column":8}},{"start":{"line":52,"column":8},"end":{"line":52,"column":8}}]}}},"contracts\\DataStorageOperator.sol":{"l":{"22":4240,"23":4240,"27":0,"28":0,"32":509,"33":509,"34":509,"47":465,"60":0,"61":0,"82":1283,"103":4,"112":0,"122":1214,"130":561,"131":561,"132":561,"134":561,"135":523,"139":0,"148":1274,"155":1274},"path":"C:\\Users\\Vladislav Volosnikov\\Desktop\\Algebra2\\Algebra\\src\\core\\contracts\\DataStorageOperator.sol","s":{"1":4240,"2":0,"3":509,"4":509,"5":509,"6":465,"7":0,"8":0,"9":1283,"10":4,"11":0,"12":1214,"13":561,"14":561,"15":561,"16":0,"17":561,"18":561,"19":38,"20":523,"21":0,"22":1274,"23":1274},"b":{"1":[4240,0],"2":[0,0],"3":[0,0],"4":[0,561],"5":[38,523]},"f":{"1":4240,"2":0,"3":509,"4":465,"5":0,"6":1283,"7":4,"8":0,"9":1214,"10":561,"11":0,"12":1274},"fnMap":{"1":{"name":"onlyPool","line":21,"loc":{"start":{"line":21,"column":4},"end":{"line":24,"column":4}}},"2":{"name":"onlyFactory","line":26,"loc":{"start":{"line":26,"column":4},"end":{"line":29,"column":4}}},"3":{"name":"constructor","line":31,"loc":{"start":{"line":31,"column":4},"end":{"line":44,"column":4}}},"4":{"name":"initialize","line":46,"loc":{"start":{"line":46,"column":4},"end":{"line":48,"column":4}}},"5":{"name":"changeFeeConfiguration","line":50,"loc":{"start":{"line":50,"column":4},"end":{"line":62,"column":4}}},"6":{"name":"getSingleTimepoint","line":74,"loc":{"start":{"line":64,"column":4},"end":{"line":83,"column":4}}},"7":{"name":"getTimepoints","line":95,"loc":{"start":{"line":85,"column":4},"end":{"line":104,"column":4}}},"8":{"name":"getAverages","line":111,"loc":{"start":{"line":106,"column":4},"end":{"line":113,"column":4}}},"9":{"name":"write","line":121,"loc":{"start":{"line":115,"column":4},"end":{"line":123,"column":4}}},"10":{"name":"calculateVolumePerLiquidity","line":125,"loc":{"start":{"line":125,"column":4},"end":{"line":136,"column":4}}},"11":{"name":"timeAgo","line":138,"loc":{"start":{"line":138,"column":4},"end":{"line":140,"column":4}}},"12":{"name":"getFee","line":147,"loc":{"start":{"line":142,"column":4},"end":{"line":156,"column":4}}}},"statementMap":{"1":{"start":{"line":22,"column":8},"end":{"line":22,"column":61}},"2":{"start":{"line":27,"column":8},"end":{"line":27,"column":67}},"3":{"start":{"line":32,"column":8},"end":{"line":32,"column":27}},"4":{"start":{"line":33,"column":8},"end":{"line":33,"column":19}},"5":{"start":{"line":34,"column":8},"end":{"line":34,"column":897}},"6":{"start":{"line":47,"column":8},"end":{"line":47,"column":42}},"7":{"start":{"line":60,"column":8},"end":{"line":60,"column":62}},"8":{"start":{"line":61,"column":8},"end":{"line":61,"column":115}},"9":{"start":{"line":82,"column":8},"end":{"line":82,"column":86}},"10":{"start":{"line":103,"column":8},"end":{"line":103,"column":82}},"11":{"start":{"line":112,"column":8},"end":{"line":112,"column":67}},"12":{"start":{"line":122,"column":8},"end":{"line":122,"column":91}},"13":{"start":{"line":130,"column":8},"end":{"line":130,"column":64}},"14":{"start":{"line":131,"column":8},"end":{"line":131,"column":29}},"15":{"start":{"line":132,"column":8},"end":{"line":132,"column":3792}},"16":{"start":{"line":132,"column":30},"end":{"line":132,"column":98}},"17":{"start":{"line":133,"column":13},"end":{"line":133,"column":76}},"18":{"start":{"line":134,"column":8},"end":{"line":134,"column":62}},"19":{"start":{"line":134,"column":43},"end":{"line":134,"column":62}},"20":{"start":{"line":135,"column":8},"end":{"line":135,"column":50}},"21":{"start":{"line":139,"column":8},"end":{"line":139,"column":33}},"22":{"start":{"line":148,"column":8},"end":{"line":148,"column":4310}},"23":{"start":{"line":155,"column":8},"end":{"line":155,"column":96}}},"branchMap":{"1":{"line":22,"type":"if","locations":[{"start":{"line":22,"column":8},"end":{"line":22,"column":8}},{"start":{"line":22,"column":8},"end":{"line":22,"column":8}}]},"2":{"line":27,"type":"if","locations":[{"start":{"line":27,"column":8},"end":{"line":27,"column":8}},{"start":{"line":27,"column":8},"end":{"line":27,"column":8}}]},"3":{"line":60,"type":"if","locations":[{"start":{"line":60,"column":8},"end":{"line":60,"column":8}},{"start":{"line":60,"column":8},"end":{"line":60,"column":8}}]},"4":{"line":132,"type":"if","locations":[{"start":{"line":132,"column":8},"end":{"line":132,"column":8}},{"start":{"line":132,"column":8},"end":{"line":132,"column":8}}]},"5":{"line":134,"type":"if","locations":[{"start":{"line":134,"column":8},"end":{"line":134,"column":8}},{"start":{"line":134,"column":8},"end":{"line":134,"column":8}}]}}},"contracts\\interfaces\\callback\\IAlgebraFlashCallback.sol":{"l":{},"path":"C:\\Users\\Vladislav Volosnikov\\Desktop\\Algebra2\\Algebra\\src\\core\\contracts\\interfaces\\callback\\IAlgebraFlashCallback.sol","s":{},"b":{},"f":{},"fnMap":{},"statementMap":{},"branchMap":{}},"contracts\\interfaces\\callback\\IAlgebraMintCallback.sol":{"l":{},"path":"C:\\Users\\Vladislav Volosnikov\\Desktop\\Algebra2\\Algebra\\src\\core\\contracts\\interfaces\\callback\\IAlgebraMintCallback.sol","s":{},"b":{},"f":{},"fnMap":{},"statementMap":{},"branchMap":{}},"contracts\\interfaces\\callback\\IAlgebraSwapCallback.sol":{"l":{},"path":"C:\\Users\\Vladislav Volosnikov\\Desktop\\Algebra2\\Algebra\\src\\core\\contracts\\interfaces\\callback\\IAlgebraSwapCallback.sol","s":{},"b":{},"f":{},"fnMap":{},"statementMap":{},"branchMap":{}},"contracts\\interfaces\\IAlgebraFactory.sol":{"l":{},"path":"C:\\Users\\Vladislav Volosnikov\\Desktop\\Algebra2\\Algebra\\src\\core\\contracts\\interfaces\\IAlgebraFactory.sol","s":{},"b":{},"f":{},"fnMap":{},"statementMap":{},"branchMap":{}},"contracts\\interfaces\\IAlgebraPool.sol":{"l":{},"path":"C:\\Users\\Vladislav Volosnikov\\Desktop\\Algebra2\\Algebra\\src\\core\\contracts\\interfaces\\IAlgebraPool.sol","s":{},"b":{},"f":{},"fnMap":{},"statementMap":{},"branchMap":{}},"contracts\\interfaces\\IAlgebraPoolDeployer.sol":{"l":{},"path":"C:\\Users\\Vladislav Volosnikov\\Desktop\\Algebra2\\Algebra\\src\\core\\contracts\\interfaces\\IAlgebraPoolDeployer.sol","s":{},"b":{},"f":{},"fnMap":{},"statementMap":{},"branchMap":{}},"contracts\\interfaces\\IAlgebraVirtualPool.sol":{"l":{},"path":"C:\\Users\\Vladislav Volosnikov\\Desktop\\Algebra2\\Algebra\\src\\core\\contracts\\interfaces\\IAlgebraVirtualPool.sol","s":{},"b":{},"f":{},"fnMap":{},"statementMap":{},"branchMap":{}},"contracts\\interfaces\\IDataStorageOperator.sol":{"l":{},"path":"C:\\Users\\Vladislav Volosnikov\\Desktop\\Algebra2\\Algebra\\src\\core\\contracts\\interfaces\\IDataStorageOperator.sol","s":{},"b":{},"f":{},"fnMap":{},"statementMap":{},"branchMap":{}},"contracts\\interfaces\\IERC20Minimal.sol":{"l":{},"path":"C:\\Users\\Vladislav Volosnikov\\Desktop\\Algebra2\\Algebra\\src\\core\\contracts\\interfaces\\IERC20Minimal.sol","s":{},"b":{},"f":{},"fnMap":{},"statementMap":{},"branchMap":{}},"contracts\\interfaces\\pool\\IAlgebraPoolActions.sol":{"l":{},"path":"C:\\Users\\Vladislav Volosnikov\\Desktop\\Algebra2\\Algebra\\src\\core\\contracts\\interfaces\\pool\\IAlgebraPoolActions.sol","s":{},"b":{},"f":{},"fnMap":{},"statementMap":{},"branchMap":{}},"contracts\\interfaces\\pool\\IAlgebraPoolDerivedState.sol":{"l":{},"path":"C:\\Users\\Vladislav Volosnikov\\Desktop\\Algebra2\\Algebra\\src\\core\\contracts\\interfaces\\pool\\IAlgebraPoolDerivedState.sol","s":{},"b":{},"f":{},"fnMap":{},"statementMap":{},"branchMap":{}},"contracts\\interfaces\\pool\\IAlgebraPoolEvents.sol":{"l":{},"path":"C:\\Users\\Vladislav Volosnikov\\Desktop\\Algebra2\\Algebra\\src\\core\\contracts\\interfaces\\pool\\IAlgebraPoolEvents.sol","s":{},"b":{},"f":{},"fnMap":{},"statementMap":{},"branchMap":{}},"contracts\\interfaces\\pool\\IAlgebraPoolImmutables.sol":{"l":{},"path":"C:\\Users\\Vladislav Volosnikov\\Desktop\\Algebra2\\Algebra\\src\\core\\contracts\\interfaces\\pool\\IAlgebraPoolImmutables.sol","s":{},"b":{},"f":{},"fnMap":{},"statementMap":{},"branchMap":{}},"contracts\\interfaces\\pool\\IAlgebraPoolPermissionedActions.sol":{"l":{},"path":"C:\\Users\\Vladislav Volosnikov\\Desktop\\Algebra2\\Algebra\\src\\core\\contracts\\interfaces\\pool\\IAlgebraPoolPermissionedActions.sol","s":{},"b":{},"f":{},"fnMap":{},"statementMap":{},"branchMap":{}},"contracts\\interfaces\\pool\\IAlgebraPoolState.sol":{"l":{},"path":"C:\\Users\\Vladislav Volosnikov\\Desktop\\Algebra2\\Algebra\\src\\core\\contracts\\interfaces\\pool\\IAlgebraPoolState.sol","s":{},"b":{},"f":{},"fnMap":{},"statementMap":{},"branchMap":{}},"contracts\\libraries\\AdaptiveFee.sol":{"l":{"24":1350,"25":1350,"27":1350,"36":4050,"37":174,"38":174,"39":51,"40":51,"42":3876,"43":3876,"44":1436,"45":1436,"50":1487},"path":"C:\\Users\\Vladislav Volosnikov\\Desktop\\Algebra2\\Algebra\\src\\core\\contracts\\libraries\\AdaptiveFee.sol","s":{"1":1350,"2":1350,"3":1350,"4":4050,"5":174,"6":174,"7":123,"8":51,"9":51,"10":3876,"11":3876,"12":2440,"13":1436,"14":1436,"15":1487},"b":{"1":[174,3876],"2":[123,51],"3":[2440,1436]},"f":{"1":1350,"2":4050,"3":1487},"fnMap":{"1":{"name":"getFee","line":19,"loc":{"start":{"line":19,"column":4},"end":{"line":28,"column":4}}},"2":{"name":"sigmoid","line":30,"loc":{"start":{"line":30,"column":4},"end":{"line":47,"column":4}}},"3":{"name":"exp","line":49,"loc":{"start":{"line":49,"column":4},"end":{"line":66,"column":4}}}},"statementMap":{"1":{"start":{"line":24,"column":8},"end":{"line":24,"column":87}},"2":{"start":{"line":25,"column":8},"end":{"line":25,"column":87}},"3":{"start":{"line":27,"column":8},"end":{"line":27,"column":115}},"4":{"start":{"line":36,"column":8},"end":{"line":36,"column":1035}},"5":{"start":{"line":37,"column":12},"end":{"line":37,"column":23}},"6":{"start":{"line":38,"column":12},"end":{"line":38,"column":40}},"7":{"start":{"line":38,"column":28},"end":{"line":38,"column":40}},"8":{"start":{"line":39,"column":12},"end":{"line":39,"column":34}},"9":{"start":{"line":40,"column":12},"end":{"line":40,"column":57}},"10":{"start":{"line":42,"column":12},"end":{"line":42,"column":23}},"11":{"start":{"line":43,"column":12},"end":{"line":43,"column":36}},"12":{"start":{"line":43,"column":28},"end":{"line":43,"column":36}},"13":{"start":{"line":44,"column":12},"end":{"line":44,"column":41}},"14":{"start":{"line":45,"column":12},"end":{"line":45,"column":50}},"15":{"start":{"line":50,"column":8},"end":{"line":50,"column":1521}}},"branchMap":{"1":{"line":36,"type":"if","locations":[{"start":{"line":36,"column":8},"end":{"line":36,"column":8}},{"start":{"line":36,"column":8},"end":{"line":36,"column":8}}]},"2":{"line":38,"type":"if","locations":[{"start":{"line":38,"column":12},"end":{"line":38,"column":12}},{"start":{"line":38,"column":12},"end":{"line":38,"column":12}}]},"3":{"line":43,"type":"if","locations":[{"start":{"line":43,"column":12},"end":{"line":43,"column":12}},{"start":{"line":43,"column":12},"end":{"line":43,"column":12}}]}}},"contracts\\libraries\\Constants.sol":{"l":{},"path":"C:\\Users\\Vladislav Volosnikov\\Desktop\\Algebra2\\Algebra\\src\\core\\contracts\\libraries\\Constants.sol","s":{},"b":{},"f":{},"fnMap":{},"statementMap":{},"branchMap":{}},"contracts\\libraries\\DataStorage.sol":{"l":{"44":302,"46":302,"69":4453,"71":4453,"82":2716,"84":2716,"85":2716,"87":2716,"88":10,"89":6,"105":6,"107":4,"108":4,"116":2706,"138":79,"139":79,"140":79,"141":79,"142":79,"143":1201,"144":1201,"145":1201,"158":1201,"159":1056,"160":1056,"164":145,"165":115,"166":115,"167":79,"168":79,"169":79,"170":79,"172":36,"174":30,"199":108,"200":23,"201":23,"203":5,"205":18,"207":18,"213":85,"214":85,"216":0,"220":85,"223":79,"255":2696,"256":2588,"258":2588,"259":2588,"260":2588,"268":108,"270":108,"279":102,"281":18,"289":30,"297":54,"298":54,"299":54,"346":72,"347":72,"348":72,"349":72,"350":72,"351":129,"375":1274,"376":1274,"377":1274,"385":1274,"386":4,"394":4,"399":1270,"407":495,"435":1253,"438":1253,"439":1143,"442":110,"443":110,"444":110},"path":"C:\\Users\\Vladislav Volosnikov\\Desktop\\Algebra2\\Algebra\\src\\core\\contracts\\libraries\\DataStorage.sol","s":{"1":302,"2":302,"3":4453,"4":4453,"5":4353,"6":2716,"7":2716,"8":2716,"9":2716,"10":2716,"11":10,"12":6,"13":6,"14":4,"15":4,"16":2706,"17":79,"18":79,"19":79,"20":79,"21":79,"22":1201,"23":1201,"24":1201,"25":1201,"26":1056,"27":145,"28":115,"29":115,"30":79,"31":79,"32":79,"33":36,"34":30,"35":108,"36":23,"37":23,"38":5,"39":18,"40":18,"41":85,"42":85,"43":0,"44":85,"45":79,"46":2696,"47":2588,"48":2588,"49":2588,"50":174,"51":2588,"52":108,"53":108,"54":102,"55":18,"56":84,"57":30,"58":54,"59":54,"60":54,"61":72,"62":72,"63":72,"64":72,"65":72,"66":129,"67":1274,"68":1274,"69":1274,"70":1274,"71":1274,"72":4,"73":4,"74":1270,"75":495,"76":1253,"77":1253,"78":1143,"79":110,"80":110,"81":110},"b":{"1":[4353,100],"2":[2716,0],"3":[10,2706],"4":[6,4],"5":[1056,145],"6":[115,30],"7":[79,36],"8":[23,85],"9":[5,18],"10":[85,0],"11":[79,6],"12":[2588,108],"13":[174,2414],"14":[18,84],"15":[30,54],"16":[1274,0],"17":[4,1270],"18":[1143,110]},"f":{"1":302,"2":4453,"3":2716,"4":79,"5":108,"6":2696,"7":72,"8":1274,"9":495,"10":1253},"fnMap":{"1":{"name":"createNewTimepoint","line":36,"loc":{"start":{"line":36,"column":4},"end":{"line":56,"column":4}}},"2":{"name":"lteConsideringOverflow","line":64,"loc":{"start":{"line":64,"column":4},"end":{"line":73,"column":4}}},"3":{"name":"_averages","line":75,"loc":{"start":{"line":75,"column":4},"end":{"line":120,"column":4}}},"4":{"name":"binarySearch","line":132,"loc":{"start":{"line":132,"column":4},"end":{"line":177,"column":4}}},"5":{"name":"getSurroundingTimepoints","line":190,"loc":{"start":{"line":190,"column":4},"end":{"line":224,"column":4}}},"6":{"name":"getSingleTimepoint","line":238,"loc":{"start":{"line":238,"column":4},"end":{"line":317,"column":4}}},"7":{"name":"getTimepoints","line":329,"loc":{"start":{"line":329,"column":4},"end":{"line":358,"column":4}}},"8":{"name":"getAverages","line":368,"loc":{"start":{"line":368,"column":4},"end":{"line":401,"column":4}}},"9":{"name":"initialize","line":406,"loc":{"start":{"line":406,"column":4},"end":{"line":415,"column":4}}},"10":{"name":"write","line":427,"loc":{"start":{"line":427,"column":4},"end":{"line":445,"column":4}}}},"statementMap":{"1":{"start":{"line":44,"column":8},"end":{"line":44,"column":59}},"2":{"start":{"line":46,"column":8},"end":{"line":46,"column":2357}},"3":{"start":{"line":69,"column":8},"end":{"line":69,"column":30}},"4":{"start":{"line":71,"column":8},"end":{"line":71,"column":49}},"5":{"start":{"line":71,"column":36},"end":{"line":71,"column":49}},"6":{"start":{"line":82,"column":8},"end":{"line":82,"column":43}},"7":{"start":{"line":84,"column":8},"end":{"line":84,"column":64}},"8":{"start":{"line":85,"column":8},"end":{"line":85,"column":49}},"9":{"start":{"line":85,"column":33},"end":{"line":85,"column":48}},"10":{"start":{"line":87,"column":8},"end":{"line":87,"column":4096}},"11":{"start":{"line":88,"column":12},"end":{"line":88,"column":4186}},"12":{"start":{"line":89,"column":16},"end":{"line":89,"column":4280}},"13":{"start":{"line":105,"column":16},"end":{"line":105,"column":101}},"14":{"start":{"line":107,"column":16},"end":{"line":107,"column":57}},"15":{"start":{"line":108,"column":16},"end":{"line":108,"column":5087}},"16":{"start":{"line":116,"column":12},"end":{"line":116,"column":5491}},"17":{"start":{"line":138,"column":8},"end":{"line":138,"column":43}},"18":{"start":{"line":139,"column":8},"end":{"line":139,"column":29}},"19":{"start":{"line":140,"column":8},"end":{"line":140,"column":17}},"20":{"start":{"line":141,"column":8},"end":{"line":141,"column":35}},"21":{"start":{"line":142,"column":8},"end":{"line":142,"column":6849}},"22":{"start":{"line":143,"column":12},"end":{"line":143,"column":26}},"23":{"start":{"line":144,"column":12},"end":{"line":144,"column":42}},"24":{"start":{"line":145,"column":12},"end":{"line":145,"column":6954}},"25":{"start":{"line":158,"column":12},"end":{"line":158,"column":7520}},"26":{"start":{"line":159,"column":16},"end":{"line":159,"column":24}},"27":{"start":{"line":164,"column":12},"end":{"line":164,"column":7679}},"28":{"start":{"line":165,"column":16},"end":{"line":165,"column":82}},"29":{"start":{"line":166,"column":16},"end":{"line":166,"column":7855}},"30":{"start":{"line":167,"column":20},"end":{"line":167,"column":99}},"31":{"start":{"line":168,"column":20},"end":{"line":168,"column":115}},"32":{"start":{"line":169,"column":20},"end":{"line":169,"column":56}},"33":{"start":{"line":172,"column":16},"end":{"line":172,"column":24}},"34":{"start":{"line":174,"column":16},"end":{"line":174,"column":24}},"35":{"start":{"line":199,"column":8},"end":{"line":199,"column":9662}},"36":{"start":{"line":200,"column":12},"end":{"line":200,"column":35}},"37":{"start":{"line":201,"column":12},"end":{"line":201,"column":9788}},"38":{"start":{"line":203,"column":16},"end":{"line":203,"column":46}},"39":{"start":{"line":205,"column":16},"end":{"line":205,"column":77}},"40":{"start":{"line":207,"column":16},"end":{"line":207,"column":104}},"41":{"start":{"line":213,"column":8},"end":{"line":213,"column":10331}},"42":{"start":{"line":214,"column":12},"end":{"line":214,"column":31}},"43":{"start":{"line":216,"column":12},"end":{"line":216,"column":53}},"44":{"start":{"line":220,"column":8},"end":{"line":220,"column":86}},"45":{"start":{"line":223,"column":8},"end":{"line":223,"column":54}},"46":{"start":{"line":255,"column":8},"end":{"line":255,"column":12257}},"47":{"start":{"line":256,"column":12},"end":{"line":256,"column":47}},"48":{"start":{"line":258,"column":12},"end":{"line":258,"column":73}},"49":{"start":{"line":259,"column":12},"end":{"line":259,"column":111}},"50":{"start":{"line":259,"column":45},"end":{"line":259,"column":110}},"51":{"start":{"line":260,"column":12},"end":{"line":260,"column":12535}},"52":{"start":{"line":268,"column":8},"end":{"line":268,"column":41}},"53":{"start":{"line":270,"column":8},"end":{"line":270,"column":12800}},"54":{"start":{"line":279,"column":8},"end":{"line":279,"column":13020}},"55":{"start":{"line":281,"column":12},"end":{"line":281,"column":13122}},"56":{"start":{"line":287,"column":15},"end":{"line":287,"column":13362}},"57":{"start":{"line":289,"column":12},"end":{"line":289,"column":13464}},"58":{"start":{"line":297,"column":12},"end":{"line":297,"column":92}},"59":{"start":{"line":298,"column":12},"end":{"line":298,"column":67}},"60":{"start":{"line":299,"column":12},"end":{"line":299,"column":13917}},"61":{"start":{"line":346,"column":8},"end":{"line":346,"column":56}},"62":{"start":{"line":347,"column":8},"end":{"line":347,"column":73}},"63":{"start":{"line":348,"column":8},"end":{"line":348,"column":64}},"64":{"start":{"line":349,"column":8},"end":{"line":349,"column":65}},"65":{"start":{"line":350,"column":8},"end":{"line":350,"column":16470}},"66":{"start":{"line":351,"column":12},"end":{"line":351,"column":16610}},"67":{"start":{"line":375,"column":8},"end":{"line":375,"column":64}},"68":{"start":{"line":376,"column":8},"end":{"line":376,"column":49}},"69":{"start":{"line":376,"column":33},"end":{"line":376,"column":48}},"70":{"start":{"line":377,"column":8},"end":{"line":377,"column":17744}},"71":{"start":{"line":385,"column":8},"end":{"line":385,"column":17967}},"72":{"start":{"line":386,"column":12},"end":{"line":386,"column":18058}},"73":{"start":{"line":394,"column":12},"end":{"line":394,"column":18321}},"74":{"start":{"line":399,"column":12},"end":{"line":399,"column":99}},"75":{"start":{"line":407,"column":8},"end":{"line":407,"column":19013}},"76":{"start":{"line":435,"column":8},"end":{"line":435,"column":44}},"77":{"start":{"line":438,"column":8},"end":{"line":438,"column":20555}},"78":{"start":{"line":439,"column":12},"end":{"line":439,"column":24}},"79":{"start":{"line":442,"column":8},"end":{"line":442,"column":53}},"80":{"start":{"line":443,"column":8},"end":{"line":443,"column":79}},"81":{"start":{"line":444,"column":8},"end":{"line":444,"column":114}}},"branchMap":{"1":{"line":71,"type":"if","locations":[{"start":{"line":71,"column":8},"end":{"line":71,"column":8}},{"start":{"line":71,"column":8},"end":{"line":71,"column":8}}]},"2":{"line":85,"type":"if","locations":[{"start":{"line":85,"column":8},"end":{"line":85,"column":8}},{"start":{"line":85,"column":8},"end":{"line":85,"column":8}}]},"3":{"line":87,"type":"if","locations":[{"start":{"line":87,"column":8},"end":{"line":87,"column":8}},{"start":{"line":87,"column":8},"end":{"line":87,"column":8}}]},"4":{"line":88,"type":"if","locations":[{"start":{"line":88,"column":12},"end":{"line":88,"column":12}},{"start":{"line":88,"column":12},"end":{"line":88,"column":12}}]},"5":{"line":158,"type":"if","locations":[{"start":{"line":158,"column":12},"end":{"line":158,"column":12}},{"start":{"line":158,"column":12},"end":{"line":158,"column":12}}]},"6":{"line":164,"type":"if","locations":[{"start":{"line":164,"column":12},"end":{"line":164,"column":12}},{"start":{"line":164,"column":12},"end":{"line":164,"column":12}}]},"7":{"line":166,"type":"if","locations":[{"start":{"line":166,"column":16},"end":{"line":166,"column":16}},{"start":{"line":166,"column":16},"end":{"line":166,"column":16}}]},"8":{"line":199,"type":"if","locations":[{"start":{"line":199,"column":8},"end":{"line":199,"column":8}},{"start":{"line":199,"column":8},"end":{"line":199,"column":8}}]},"9":{"line":201,"type":"if","locations":[{"start":{"line":201,"column":12},"end":{"line":201,"column":12}},{"start":{"line":201,"column":12},"end":{"line":201,"column":12}}]},"10":{"line":213,"type":"if","locations":[{"start":{"line":213,"column":8},"end":{"line":213,"column":8}},{"start":{"line":213,"column":8},"end":{"line":213,"column":8}}]},"11":{"line":220,"type":"if","locations":[{"start":{"line":220,"column":8},"end":{"line":220,"column":8}},{"start":{"line":220,"column":8},"end":{"line":220,"column":8}}]},"12":{"line":255,"type":"if","locations":[{"start":{"line":255,"column":8},"end":{"line":255,"column":8}},{"start":{"line":255,"column":8},"end":{"line":255,"column":8}}]},"13":{"line":259,"type":"if","locations":[{"start":{"line":259,"column":12},"end":{"line":259,"column":12}},{"start":{"line":259,"column":12},"end":{"line":259,"column":12}}]},"14":{"line":279,"type":"if","locations":[{"start":{"line":279,"column":8},"end":{"line":279,"column":8}},{"start":{"line":279,"column":8},"end":{"line":279,"column":8}}]},"15":{"line":287,"type":"if","locations":[{"start":{"line":287,"column":15},"end":{"line":287,"column":15}},{"start":{"line":287,"column":15},"end":{"line":287,"column":15}}]},"16":{"line":376,"type":"if","locations":[{"start":{"line":376,"column":8},"end":{"line":376,"column":8}},{"start":{"line":376,"column":8},"end":{"line":376,"column":8}}]},"17":{"line":385,"type":"if","locations":[{"start":{"line":385,"column":8},"end":{"line":385,"column":8}},{"start":{"line":385,"column":8},"end":{"line":385,"column":8}}]},"18":{"line":438,"type":"if","locations":[{"start":{"line":438,"column":8},"end":{"line":438,"column":8}},{"start":{"line":438,"column":8},"end":{"line":438,"column":8}}]}}},"contracts\\libraries\\FullMath.sol":{"l":{"25":15036,"26":15036,"27":15036,"34":15036,"37":15027,"38":11894,"41":11894,"51":3133,"60":3133,"62":3133,"67":3133,"73":3133,"76":3133,"83":3133,"87":3133,"88":3133,"89":3133,"90":3133,"91":3133,"92":3133,"100":3133,"101":3133,"114":10589,"115":9012,"116":9011,"119":9011,"122":1577,"123":1573,"124":1537,"125":1535,"135":3585},"path":"C:\\Users\\Vladislav Volosnikov\\Desktop\\Algebra2\\Algebra\\src\\core\\contracts\\libraries\\FullMath.sol","s":{"1":15036,"2":15036,"3":15036,"4":15027,"5":11894,"6":3133,"7":3133,"8":3133,"9":3133,"10":3133,"11":3133,"12":3133,"13":3133,"14":3133,"15":3133,"16":3133,"17":10589,"18":9012,"19":9011,"20":1577,"21":1573,"22":1537},"b":{"1":[15027,9],"2":[11894,3133],"3":[9012,1577],"4":[9011,1],"5":[1537,36],"6":[1535,2]},"f":{"1":15036,"2":10589,"3":3585},"fnMap":{"1":{"name":"mulDiv","line":15,"loc":{"start":{"line":15,"column":4},"end":{"line":102,"column":4}}},"2":{"name":"mulDivRoundingUp","line":109,"loc":{"start":{"line":109,"column":4},"end":{"line":127,"column":4}}},"3":{"name":"divRoundingUp","line":134,"loc":{"start":{"line":134,"column":4},"end":{"line":138,"column":4}}}},"statementMap":{"1":{"start":{"line":25,"column":8},"end":{"line":25,"column":29}},"2":{"start":{"line":26,"column":8},"end":{"line":26,"column":21}},"3":{"start":{"line":34,"column":8},"end":{"line":34,"column":35}},"4":{"start":{"line":37,"column":8},"end":{"line":37,"column":1691}},"5":{"start":{"line":41,"column":12},"end":{"line":41,"column":25}},"6":{"start":{"line":60,"column":8},"end":{"line":60,"column":49}},"7":{"start":{"line":76,"column":8},"end":{"line":76,"column":28
[...]
:4},"end":{"line":124,"column":4}}},"3":{"name":"cross","line":134,"loc":{"start":{"line":134,"column":4},"end":{"line":150,"column":4}}}},"statementMap":{"1":{"start":{"line":56,"column":8},"end":{"line":56,"column":45}},"2":{"start":{"line":57,"column":8},"end":{"line":57,"column":42}},"3":{"start":{"line":59,"column":8},"end":{"line":59,"column":3070}},"4":{"start":{"line":60,"column":12},"end":{"line":60,"column":3116}},"5":{"start":{"line":61,"column":16},"end":{"line":61,"column":87}},"6":{"start":{"line":62,"column":16},"end":{"line":62,"column":87}},"7":{"start":{"line":64,"column":16},"end":{"line":64,"column":64}},"8":{"start":{"line":65,"column":16},"end":{"line":65,"column":64}},"9":{"start":{"line":67,"column":12},"end":{"line":67,"column":61}},"10":{"start":{"line":68,"column":12},"end":{"line":68,"column":61}},"11":{"start":{"line":70,"column":12},"end":{"line":70,"column":89}},"12":{"start":{"line":71,"column":12},"end":{"line":71,"column":89}},"13":{"start":{"line":98,"column":8},"end":{"line":98,"column":38}},"14":{"start":{"line":100,"column":8},"end":{"line":100,"column":58}},"15":{"start":{"line":101,"column":8},"end":{"line":101,"column":98}},"16":{"start":{"line":102,"column":8},"end":{"line":102,"column":80}},"17":{"start":{"line":104,"column":8},"end":{"line":104,"column":74}},"18":{"start":{"line":106,"column":8},"end":{"line":106,"column":5651}},"19":{"start":{"line":108,"column":12},"end":{"line":108,"column":5814}},"20":{"start":{"line":109,"column":16},"end":{"line":109,"column":63}},"21":{"start":{"line":110,"column":16},"end":{"line":110,"column":63}},"22":{"start":{"line":111,"column":16},"end":{"line":111,"column":76}},"23":{"start":{"line":112,"column":16},"end":{"line":112,"column":56}},"24":{"start":{"line":113,"column":16},"end":{"line":113,"column":44}},"25":{"start":{"line":115,"column":12},"end":{"line":115,"column":34}},"26":{"start":{"line":118,"column":8},"end":{"line":118,"column":48}},"27":{"start":{"line":121,"column":8},"end":{"line":121,"column":6467}},"28":{"start":{"line":143,"column":8},"end":{"line":143,"column":38}},"29":{"start":{"line":144,"column":8},"end":{"line":144,"column":83}},"30":{"start":{"line":145,"column":8},"end":{"line":145,"column":83}},"31":{"start":{"line":146,"column":8},"end":{"line":146,"column":100}},"32":{"start":{"line":147,"column":8},"end":{"line":147,"column":75}},"33":{"start":{"line":148,"column":8},"end":{"line":148,"column":61}},"34":{"start":{"line":149,"column":8},"end":{"line":149,"column":43}}},"branchMap":{"1":{"line":59,"type":"if","locations":[{"start":{"line":59,"column":8},"end":{"line":59,"column":8}},{"start":{"line":59,"column":8},"end":{"line":59,"column":8}}]},"2":{"line":60,"type":"if","locations":[{"start":{"line":60,"column":12},"end":{"line":60,"column":12}},{"start":{"line":60,"column":12},"end":{"line":60,"column":12}}]},"3":{"line":102,"type":"if","locations":[{"start":{"line":102,"column":8},"end":{"line":102,"column":8}},{"start":{"line":102,"column":8},"end":{"line":102,"column":8}}]},"4":{"line":106,"type":"if","locations":[{"start":{"line":106,"column":8},"end":{"line":106,"column":8}},{"start":{"line":106,"column":8},"end":{"line":106,"column":8}}]},"5":{"line":108,"type":"if","locations":[{"start":{"line":108,"column":12},"end":{"line":108,"column":12}},{"start":{"line":108,"column":12},"end":{"line":108,"column":12}}]}}},"contracts\\libraries\\TickMath.sol":{"l":{"25":8591,"26":8591,"27":8591,"29":8591,"30":8591,"31":8591,"32":8591,"33":8591,"34":8591,"35":8591,"36":8591,"37":8591,"38":8591,"39":8591,"40":8591,"41":8591,"42":8591,"43":8591,"44":8591,"45":8591,"46":8591,"47":8591,"48":8591,"50":8591,"55":8591,"65":1033,"66":1029,"68":1029,"69":1029,"71":1029,"76":1029,"81":1029,"86":1029,"91":1029,"96":1029,"101":1029,"106":1029,"111":1029,"114":1029,"116":1029,"122":1029,"128":1029,"134":1029,"140":1029,"146":1029,"152":1029,"158":1029,"164":1029,"170":1029,"176":1029,"182":1029,"188":1029,"194":1029,"200":1029,"202":1029,"203":1029,"205":1029},"path":"C:\\Users\\Vladislav Volosnikov\\Desktop\\Algebra2\\Algebra\\src\\core\\contracts\\libraries\\TickMath.sol","s":{"1":8591,"2":8591,"3":8591,"4":8591,"5":8591,"6":243,"7":8591,"8":5042,"9":8591,"10":2187,"11":8591,"12":4456,"13":8591,"14":4623,"15":8591,"16":1802,"17":8591,"18":3779,"19":8591,"20":3672,"21":8591,"22":1254,"23":8591,"24":2217,"25":8591,"26":4735,"27":8591,"28":2540,"29":8591,"30":2325,"31":8591,"32":1891,"33":8591,"34":3959,"35":8591,"36":4032,"37":8591,"38":1284,"39":8591,"40":3439,"41":8591,"42":3503,"43":8591,"44":3298,"45":8591,"46":1033,"47":1029,"48":1029,"49":1029,"50":1029,"51":558,"52":471,"53":1029,"54":1029,"55":1029,"56":1029,"57":1029},"b":{"1":[8591,0],"2":[243,8348],"3":[5042,3549],"4":[2187,6404],"5":[4456,4135],"6":[4623,3968],"7":[1802,6789],"8":[3779,4812],"9":[3672,4919],"10":[1254,7337],"11":[2217,6374],"12":[4735,3856],"13":[2540,6051],"14":[2325,6266],"15":[1891,6700],"16":[3959,4632],"17":[4032,4559],"18":[1284,7307],"19":[3439,5152],"20":[3503,5088],"21":[3298,5293],"22":[1029,4],"23":[558,471]},"f":{"1":8591,"2":1033},"fnMap":{"1":{"name":"getSqrtRatioAtTick","line":23,"loc":{"start":{"line":23,"column":4},"end":{"line":56,"column":4}}},"2":{"name":"getTickAtSqrtRatio","line":63,"loc":{"start":{"line":63,"column":4},"end":{"line":206,"column":4}}}},"statementMap":{"1":{"start":{"line":25,"column":8},"end":{"line":25,"column":37}},"2":{"start":{"line":26,"column":8},"end":{"line":26,"column":55}},"3":{"start":{"line":27,"column":8},"end":{"line":27,"column":49}},"4":{"start":{"line":29,"column":8},"end":{"line":29,"column":117}},"5":{"start":{"line":30,"column":8},"end":{"line":30,"column":91}},"6":{"start":{"line":30,"column":32},"end":{"line":30,"column":90}},"7":{"start":{"line":31,"column":8},"end":{"line":31,"column":91}},"8":{"start":{"line":31,"column":32},"end":{"line":31,"column":90}},"9":{"start":{"line":32,"column":8},"end":{"line":32,"column":91}},"10":{"start":{"line":32,"column":32},"end":{"line":32,"column":90}},"11":{"start":{"line":33,"column":8},"end":{"line":33,"column":92}},"12":{"start":{"line":33,"column":33},"end":{"line":33,"column":91}},"13":{"start":{"line":34,"column":8},"end":{"line":34,"column":92}},"14":{"start":{"line":34,"column":33},"end":{"line":34,"column":91}},"15":{"start":{"line":35,"column":8},"end":{"line":35,"column":92}},"16":{"start":{"line":35,"column":33},"end":{"line":35,"column":91}},"17":{"start":{"line":36,"column":8},"end":{"line":36,"column":92}},"18":{"start":{"line":36,"column":33},"end":{"line":36,"column":91}},"19":{"start":{"line":37,"column":8},"end":{"line":37,"column":93}},"20":{"start":{"line":37,"column":34},"end":{"line":37,"column":92}},"21":{"start":{"line":38,"column":8},"end":{"line":38,"column":93}},"22":{"start":{"line":38,"column":34},"end":{"line":38,"column":92}},"23":{"start":{"line":39,"column":8},"end":{"line":39,"column":93}},"24":{"start":{"line":39,"column":34},"end":{"line":39,"column":92}},"25":{"start":{"line":40,"column":8},"end":{"line":40,"column":93}},"26":{"start":{"line":40,"column":34},"end":{"line":40,"column":92}},"27":{"start":{"line":41,"column":8},"end":{"line":41,"column":94}},"28":{"start":{"line":41,"column":35},"end":{"line":41,"column":93}},"29":{"start":{"line":42,"column":8},"end":{"line":42,"column":94}},"30":{"start":{"line":42,"column":35},"end":{"line":42,"column":93}},"31":{"start":{"line":43,"column":8},"end":{"line":43,"column":94}},"32":{"start":{"line":43,"column":35},"end":{"line":43,"column":93}},"33":{"start":{"line":44,"column":8},"end":{"line":44,"column":94}},"34":{"start":{"line":44,"column":35},"end":{"line":44,"column":93}},"35":{"start":{"line":45,"column":8},"end":{"line":45,"column":94}},"36":{"start":{"line":45,"column":36},"end":{"line":45,"column":93}},"37":{"start":{"line":46,"column":8},"end":{"line":46,"column":93}},"38":{"start":{"line":46,"column":36},"end":{"line":46,"column":92}},"39":{"start":{"line":47,"column":8},"end":{"line":47,"column":91}},"40":{"start":{"line":47,"column":36},"end":{"line":47,"column":90}},"41":{"start":{"line":48,"column":8},"end":{"line":48,"column":86}},"42":{"start":{"line":48,"column":36},"end":{"line":48,"column":85}},"43":{"start":{"line":50,"column":8},"end":{"line":50,"column":55}},"44":{"start":{"line":50,"column":22},"end":{"line":50,"column":54}},"45":{"start":{"line":55,"column":8},"end":{"line":55,"column":72}},"46":{"start":{"line":65,"column":8},"end":{"line":65,"column":70}},"47":{"start":{"line":66,"column":8},"end":{"line":66,"column":44}},"48":{"start":{"line":68,"column":8},"end":{"line":68,"column":25}},"49":{"start":{"line":69,"column":8},"end":{"line":69,"column":23}},"50":{"start":{"line":111,"column":8},"end":{"line":111,"column":5894}},"51":{"start":{"line":111,"column":24},"end":{"line":111,"column":47}},"52":{"start":{"line":112,"column":13},"end":{"line":112,"column":36}},"53":{"start":{"line":114,"column":8},"end":{"line":114,"column":48}},"54":{"start":{"line":200,"column":8},"end":{"line":200,"column":63}},"55":{"start":{"line":202,"column":8},"end":{"line":202,"column":93}},"56":{"start":{"line":203,"column":8},"end":{"line":203,"column":94}},"57":{"start":{"line":205,"column":8},"end":{"line":205,"column":98}}},"branchMap":{"1":{"line":27,"type":"if","locations":[{"start":{"line":27,"column":8},"end":{"line":27,"column":8}},{"start":{"line":27,"column":8},"end":{"line":27,"column":8}}]},"2":{"line":30,"type":"if","locations":[{"start":{"line":30,"column":8},"end":{"line":30,"column":8}},{"start":{"line":30,"column":8},"end":{"line":30,"column":8}}]},"3":{"line":31,"type":"if","locations":[{"start":{"line":31,"column":8},"end":{"line":31,"column":8}},{"start":{"line":31,"column":8},"end":{"line":31,"column":8}}]},"4":{"line":32,"type":"if","locations":[{"start":{"line":32,"column":8},"end":{"line":32,"column":8}},{"start":{"line":32,"column":8},"end":{"line":32,"column":8}}]},"5":{"line":33,"type":"if","locations":[{"start":{"line":33,"column":8},"end":{"line":33,"column":8}},{"start":{"line":33,"column":8},"end":{"line":33,"column":8}}]},"6":{"line":34,"type":"if","locations":[{"start":{"line":34,"column":8},"end":{"line":34,"column":8}},{"start":{"line":34,"column":8},"end":{"line":34,"column":8}}]},"7":{"line":35,"type":"if","locations":[{"start":{"line":35,"column":8},"end":{"line":35,"column":8}},{"start":{"line":35,"column":8},"end":{"line":35,"column":8}}]},"8":{"line":36,"type":"if","locations":[{"start":{"line":36,"column":8},"end":{"line":36,"column":8}},{"start":{"line":36,"column":8},"end":{"line":36,"column":8}}]},"9":{"line":37,"type":"if","locations":[{"start":{"line":37,"column":8},"end":{"line":37,"column":8}},{"start":{"line":37,"column":8},"end":{"line":37,"column":8}}]},"10":{"line":38,"type":"if","locations":[{"start":{"line":38,"column":8},"end":{"line":38,"column":8}},{"start":{"line":38,"column":8},"end":{"line":38,"column":8}}]},"11":{"line":39,"type":"if","locations":[{"start":{"line":39,"column":8},"end":{"line":39,"column":8}},{"start":{"line":39,"column":8},"end":{"line":39,"column":8}}]},"12":{"line":40,"type":"if","locations":[{"start":{"line":40,"column":8},"end":{"line":40,"column":8}},{"start":{"line":40,"column":8},"end":{"line":40,"column":8}}]},"13":{"line":41,"type":"if","locations":[{"start":{"line":41,"column":8},"end":{"line":41,"column":8}},{"start":{"line":41,"column":8},"end":{"line":41,"column":8}}]},"14":{"line":42,"type":"if","locations":[{"start":{"line":42,"column":8},"end":{"line":42,"column":8}},{"start":{"line":42,"column":8},"end":{"line":42,"column":8}}]},"15":{"line":43,"type":"if","locations":[{"start":{"line":43,"column":8},"end":{"line":43,"column":8}},{"start":{"line":43,"column":8},"end":{"line":43,"column":8}}]},"16":{"line":44,"type":"if","locations":[{"start":{"line":44,"column":8},"end":{"line":44,"column":8}},{"start":{"line":44,"column":8},"end":{"line":44,"column":8}}]},"17":{"line":45,"type":"if","locations":[{"start":{"line":45,"column":8},"end":{"line":45,"column":8}},{"start":{"line":45,"column":8},"end":{"line":45,"column":8}}]},"18":{"line":46,"type":"if","locations":[{"start":{"line":46,"column":8},"end":{"line":46,"column":8}},{"start":{"line":46,"column":8},"end":{"line":46,"column":8}}]},"19":{"line":47,"type":"if","locations":[{"start":{"line":47,"column":8},"end":{"line":47,"column":8}},{"start":{"line":47,"column":8},"end":{"line":47,"column":8}}]},"20":{"line":48,"type":"if","locations":[{"start":{"line":48,"column":8},"end":{"line":48,"column":8}},{"start":{"line":48,"column":8},"end":{"line":48,"column":8}}]},"21":{"line":50,"type":"if","locations":[{"start":{"line":50,"column":8},"end":{"line":50,"column":8}},{"start":{"line":50,"column":8},"end":{"line":50,"column":8}}]},"22":{"line":65,"type":"if","locations":[{"start":{"line":65,"column":8},"end":{"line":65,"column":8}},{"start":{"line":65,"column":8},"end":{"line":65,"column":8}}]},"23":{"line":111,"type":"if","locations":[{"start":{"line":111,"column":8},"end":{"line":111,"column":8}},{"start":{"line":111,"column":8},"end":{"line":111,"column":8}}]}}},"contracts\\libraries\\TickTable.sol":{"l":{"12":2273,"13":2271,"14":2271,"15":2271,"17":2271,"21":2271,"27":796,"65":465,"73":465,"89":4036,"93":4036,"95":2272,"96":2272,"97":2272,"102":2272,"104":2272,"105":203,"106":203,"108":2069,"109":2069,"113":1764,"114":1764,"115":1764,"116":1764,"122":1764,"124":1764,"125":69,"126":69,"128":1695,"129":1695,"135":4036,"136":4036,"137":14,"139":14},"path":"C:\\Users\\Vladislav Volosnikov\\Desktop\\Algebra2\\Algebra\\src\\core\\contracts\\libraries\\TickTable.sol","s":{"1":2273,"2":2271,"3":2271,"4":2271,"5":2271,"6":465,"7":4036,"8":2272,"9":2272,"10":2272,"11":2272,"12":203,"13":203,"14":2069,"15":2069,"16":1764,"17":1764,"18":1764,"19":1764,"20":1764,"21":69,"22":69,"23":1695,"24":1695,"25":4036,"26":4036,"27":14,"28":4022,"29":14},"b":{"1":[2271,2],"2":[2272,1764],"3":[203,2069],"4":[69,1695],"5":[14,4022],"6":[14,4008]},"f":{"1":2273,"2":796,"3":465,"4":4036,"5":4036},"fnMap":{"1":{"name":"toggleTick","line":11,"loc":{"start":{"line":11,"column":4},"end":{"line":22,"column":4}}},"2":{"name":"getSingleSignificantBit","line":26,"loc":{"start":{"line":26,"column":4},"end":{"line":58,"column":4}}},"3":{"name":"getMostSignificantBit","line":60,"loc":{"start":{"line":60,"column":4},"end":{"line":74,"column":4}}},"4":{"name":"nextTickInTheSameRow","line":83,"loc":{"start":{"line":83,"column":4},"end":{"line":132,"column":4}}},"5":{"name":"uncompressAndBoundTick","line":134,"loc":{"start":{"line":134,"column":4},"end":{"line":141,"column":4}}}},"statementMap":{"1":{"start":{"line":12,"column":8},"end":{"line":12,"column":52}},"2":{"start":{"line":13,"column":8},"end":{"line":13,"column":17}},"3":{"start":{"line":14,"column":8},"end":{"line":14,"column":23}},"4":{"start":{"line":15,"column":8},"end":{"line":15,"column":23}},"5":{"start":{"line":21,"column":8},"end":{"line":21,"column":40}},"6":{"start":{"line":73,"column":8},"end":{"line":73,"column":46}},"7":{"start":{"line":93,"column":8},"end":{"line":93,"column":4395}},"8":{"start":{"line":95,"column":12},"end":{"line":95,"column":27}},"9":{"start":{"line":96,"column":12},"end":{"line":96,"column":27}},"10":{"start":{"line":102,"column":12},"end":{"line":102,"column":63}},"11":{"start":{"line":104,"column":12},"end":{"line":104,"column":4844}},"12":{"start":{"line":105,"column":16},"end":{"line":105,"column":63}},"13":{"start":{"line":106,"column":16},"end":{"line":106,"column":59}},"14":{"start":{"line":108,"column":16},"end":{"line":108,"column":39}},"15":{"start":{"line":109,"column":16},"end":{"line":109,"column":60}},"16":{"start":{"line":113,"column":12},"end":{"line":113,"column":20}},"17":{"start":{"line":114,"column":12},"end":{"line":114,"column":27}},"18":{"start":{"line":115,"column":12},"end":{"line":115,"column":27}},"19":{"start":{"line":122,"column":12},"end":{"line":122,"column":57}},"20":{"start":{"line":124,"column":12},"end":{"line":124,"column":5600}},"21":{"start":{"line":125,"column":16},"end":{"line":125,"column":67}},"22":{"start":{"line":126,"column":16},"end":{"line":126,"column":59}},"23":{"start":{"line":128,"column":16},"end":{"line":128,"column":45}},"24":{"start":{"line":129,"column":16},"end":{"line":129,"column":60}},"25":{"start":{"line":135,"column":8},"end":{"line":135,"column":30}},"26":{"start":{"line":136,"column":8},"end":{"line":136,"column":6075}},"27":{"start":{"line":137,"column":12},"end":{"line":137,"column":32}},"28":{"start":{"line":138,"column":15},"end":{"line":138,"column":6156}},"29":{"start":{"line":139,"column":12},"end":{"line":139,"column":31}}},"branchMap":{"1":{"line":12,"type":"if","locations":[{"start":{"line":12,"column":8},"end":{"line":12,"column":8}},{"start":{"line":12,"column":8},"end":{"line":12,"column":8}}]},"2":{"line":93,"type":"if","locations":[{"start":{"line":93,"column":8},"end":{"line":93,"column":8}},{"start":{"line":93,"column":8},"end":{"line":93,"column":8}}]},"3":{"line":104,"type":"if","locations":[{"start":{"line":104,"column":12},"end":{"line":104,"column":12}},{"start":{"line":104,"column":12},"end":{"line":104,"column":12}}]},"4":{"line":124,"type":"if","locations":[{"start":{"line":124,"column":12},"end":{"line":124,"column":12}},{"start":{"line":124,"column":12},"end":{"line":124,"column":12}}]},"5":{"line":136,"type":"if","locations":[{"start":{"line":136,"column":8},"end":{"line":136,"column":8}},{"start":{"line":136,"column":8},"end":{"line":136,"column":8}}]},"6":{"line":138,"type":"if","locations":[{"start":{"line":138,"column":15},"end":{"line":138,"column":15}},{"start":{"line":138,"column":15},"end":{"line":138,"column":15}}]}}},"contracts\\libraries\\TokenDeltaMath.sol":{"l":{"30":5707,"31":5707,"32":5707,"34":5707,"52":5643,"53":5643,"68":1422,"83":1519},"path":"C:\\Users\\Vladislav Volosnikov\\Desktop\\Algebra2\\Algebra\\src\\core\\contracts\\libraries\\TokenDeltaMath.sol","s":{"1":5707,"2":5707,"3":5707,"4":5707,"5":5643,"6":5643,"7":1422,"8":1519},"b":{"1":[5707,0]},"f":{"1":5707,"2":5643,"3":1422,"4":1519},"fnMap":{"1":{"name":"getToken0Delta","line":24,"loc":{"start":{"line":24,"column":4},"end":{"line":37,"column":4}}},"2":{"name":"getToken1Delta","line":46,"loc":{"start":{"line":46,"column":4},"end":{"line":56,"column":4}}},"3":{"name":"getToken0Delta","line":63,"loc":{"start":{"line":63,"column":4},"end":{"line":71,"column":4}}},"4":{"name":"getToken1Delta","line":78,"loc":{"start":{"line":78,"column":4},"end":{"line":86,"column":4}}}},"statementMap":{"1":{"start":{"line":30,"column":8},"end":{"line":30,"column":30}},"2":{"start":{"line":31,"column":8},"end":{"line":31,"column":52}},"3":{"start":{"line":32,"column":8},"end":{"line":32,"column":77}},"4":{"start":{"line":34,"column":8},"end":{"line":34,"column":1459}},"5":{"start":{"line":52,"column":8},"end":{"line":52,"column":52}},"6":{"start":{"line":53,"column":8},"end":{"line":53,"column":2387}},"7":{"start":{"line":68,"column":8},"end":{"line":68,"column":3107}},"8":{"start":{"line":83,"column":8},"end":{"line":83,"column":3846}}},"branchMap":{"1":{"line":30,"type":"if","locations":[{"start":{"line":30,"column":8},"end":{"line":30,"column":8}},{"start":{"line":30,"column":8},"end":{"line":30,"column":8}}]}}},"contracts\\libraries\\TransferHelper.sol":{"l":{"19":1248,"22":1248},"path":"C:\\Users\\Vladislav Volosnikov\\Desktop\\Algebra2\\Algebra\\src\\core\\contracts\\libraries\\TransferHelper.sol","s":{"1":1248,"2":1248},"b":{"1":[1246,2]},"f":{"1":1248},"fnMap":{"1":{"name":"safeTransfer","line":14,"loc":{"start":{"line":14,"column":4},"end":{"line":23,"column":4}}}},"statementMap":{"1":{"start":{"line":19,"column":8},"end":{"line":19,"column":743}},"2":{"start":{"line":22,"column":8},"end":{"line":22,"column":79}}},"branchMap":{"1":{"line":22,"type":"if","locations":[{"start":{"line":22,"column":8},"end":{"line":22,"column":8}},{"start":{"line":22,"column":8},"end":{"line":22,"column":8}}]}}}}