{"contracts\\base\\BlockTimestamp.sol":{"l":{"10":0},"path":"C:\\Users\\Vladislav Volosnikov\\Desktop\\Algebra\\Algebra\\src\\periphery\\contracts\\base\\BlockTimestamp.sol","s":{"1":0},"b":{},"f":{"1":0},"fnMap":{"1":{"name":"_blockTimestamp","line":9,"loc":{"start":{"line":9,"column":4},"end":{"line":11,"column":4}}}},"statementMap":{"1":{"start":{"line":10,"column":8},"end":{"line":10,"column":30}}},"branchMap":{}},"contracts\\base\\ERC721Permit.sol":{"l":{"30":24,"31":24,"36":8,"63":10,"65":8,"72":8,"73":8,"75":8,"76":3,"78":5,"79":5,"80":4,"83":3},"path":"C:\\Users\\Vladislav Volosnikov\\Desktop\\Algebra\\Algebra\\src\\periphery\\contracts\\base\\ERC721Permit.sol","s":{"1":24,"2":24,"3":8,"4":10,"5":8,"6":8,"7":8,"8":8,"9":3,"10":5,"11":5,"12":4,"13":3},"b":{"1":[8,2],"2":[8,0],"3":[3,5],"4":[1,2],"5":[4,1],"6":[2,2]},"f":{"1":24,"2":8,"3":10},"fnMap":{"1":{"name":"constructor","line":29,"loc":{"start":{"line":25,"column":4},"end":{"line":32,"column":4}}},"2":{"name":"DOMAIN_SEPARATOR","line":35,"loc":{"start":{"line":35,"column":4},"end":{"line":47,"column":4}}},"3":{"name":"permit","line":55,"loc":{"start":{"line":55,"column":4},"end":{"line":84,"column":4}}}},"statementMap":{"1":{"start":{"line":30,"column":8},"end":{"line":30,"column":41}},"2":{"start":{"line":31,"column":8},"end":{"line":31,"column":47}},"3":{"start":{"line":36,"column":8},"end":{"line":36,"column":1420}},"4":{"start":{"line":63,"column":8},"end":{"line":63,"column":63}},"5":{"start":{"line":65,"column":8},"end":{"line":65,"column":2458}},"6":{"start":{"line":72,"column":8},"end":{"line":72,"column":40}},"7":{"start":{"line":73,"column":8},"end":{"line":73,"column":75}},"8":{"start":{"line":75,"column":8},"end":{"line":75,"column":2858}},"9":{"start":{"line":76,"column":12},"end":{"line":76,"column":117}},"10":{"start":{"line":78,"column":12},"end":{"line":78,"column":65}},"11":{"start":{"line":79,"column":12},"end":{"line":79,"column":71}},"12":{"start":{"line":80,"column":12},"end":{"line":80,"column":61}},"13":{"start":{"line":83,"column":8},"end":{"line":83,"column":33}}},"branchMap":{"1":{"line":63,"type":"if","locations":[{"start":{"line":63,"column":8},"end":{"line":63,"column":8}},{"start":{"line":63,"column":8},"end":{"line":63,"column":8}}]},"2":{"line":73,"type":"if","locations":[{"start":{"line":73,"column":8},"end":{"line":73,"column":8}},{"start":{"line":73,"column":8},"end":{"line":73,"column":8}}]},"3":{"line":75,"type":"if","locations":[{"start":{"line":75,"column":8},"end":{"line":75,"column":8}},{"start":{"line":75,"column":8},"end":{"line":75,"column":8}}]},"4":{"line":76,"type":"if","locations":[{"start":{"line":76,"column":12},"end":{"line":76,"column":12}},{"start":{"line":76,"column":12},"end":{"line":76,"column":12}}]},"5":{"line":79,"type":"if","locations":[{"start":{"line":79,"column":12},"end":{"line":79,"column":12}},{"start":{"line":79,"column":12},"end":{"line":79,"column":12}}]},"6":{"line":80,"type":"if","locations":[{"start":{"line":80,"column":12},"end":{"line":80,"column":12}},{"start":{"line":80,"column":12},"end":{"line":80,"column":12}}]}}},"contracts\\base\\LiquidityManagement.sol":{"l":{"30":303,"31":303,"33":303,"34":302,"60":305,"62":305,"65":305,"66":305,"67":303,"68":303,"70":303,"79":303,"88":302},"path":"C:\\Users\\Vladislav Volosnikov\\Desktop\\Algebra\\Algebra\\src\\periphery\\contracts\\base\\LiquidityManagement.sol","s":{"1":303,"2":303,"3":303,"4":294,"5":302,"6":297,"7":305,"8":305,"9":305,"10":303,"11":303,"12":303,"13":303,"14":302},"b":{"1":[294,9],"2":[297,5],"3":[302,0]},"f":{"1":303,"2":305},"fnMap":{"1":{"name":"algebraMintCallback","line":25,"loc":{"start":{"line":25,"column":4},"end":{"line":35,"column":4}}},"2":{"name":"addLiquidity","line":50,"loc":{"start":{"line":50,"column":4},"end":{"line":89,"column":4}}}},"statementMap":{"1":{"start":{"line":30,"column":8},"end":{"line":30,"column":78}},"2":{"start":{"line":31,"column":8},"end":{"line":31,"column":71}},"3":{"start":{"line":33,"column":8},"end":{"line":33,"column":96}},"4":{"start":{"line":33,"column":29},"end":{"line":33,"column":95}},"5":{"start":{"line":34,"column":8},"end":{"line":34,"column":96}},"6":{"start":{"line":34,"column":29},"end":{"line":34,"column":95}},"7":{"start":{"line":60,"column":8},"end":{"line":60,"column":112}},"8":{"start":{"line":62,"column":8},"end":{"line":62,"column":77}},"9":{"start":{"line":66,"column":12},"end":{"line":66,"column":67}},"10":{"start":{"line":67,"column":12},"end":{"line":67,"column":81}},"11":{"start":{"line":68,"column":12},"end":{"line":68,"column":81}},"12":{"start":{"line":70,"column":12},"end":{"line":70,"column":2523}},"13":{"start":{"line":79,"column":8},"end":{"line":79,"column":2784}},"14":{"start":{"line":88,"column":8},"end":{"line":88,"column":100}}},"branchMap":{"1":{"line":33,"type":"if","locations":[{"start":{"line":33,"column":8},"end":{"line":33,"column":8}},{"start":{"line":33,"column":8},"end":{"line":33,"column":8}}]},"2":{"line":34,"type":"if","locations":[{"start":{"line":34,"column":8},"end":{"line":34,"column":8}},{"start":{"line":34,"column":8},"end":{"line":34,"column":8}}]},"3":{"line":88,"type":"if","locations":[{"start":{"line":88,"column":8},"end":{"line":88,"column":8}},{"start":{"line":88,"column":8},"end":{"line":88,"column":8}}]}}},"contracts\\base\\Multicall.sol":{"l":{"12":27,"13":27,"14":45,"16":45,"18":1,"19":1,"22":1,"25":44},"path":"C:\\Users\\Vladislav Volosnikov\\Desktop\\Algebra\\Algebra\\src\\periphery\\contracts\\base\\Multicall.sol","s":{"1":27,"2":27,"3":45,"4":45,"5":1,"6":0,"7":1,"8":44},"b":{"1":[1,44],"2":[0,1]},"f":{"1":27},"fnMap":{"1":{"name":"multicall","line":11,"loc":{"start":{"line":11,"column":4},"end":{"line":27,"column":4}}}},"statementMap":{"1":{"start":{"line":12,"column":8},"end":{"line":12,"column":41}},"2":{"start":{"line":13,"column":8},"end":{"line":13,"column":484}},"3":{"start":{"line":14,"column":12},"end":{"line":14,"column":85}},"4":{"start":{"line":16,"column":12},"end":{"line":16,"column":635}},"5":{"start":{"line":18,"column":16},"end":{"line":18,"column":48}},"6":{"start":{"line":18,"column":40},"end":{"line":18,"column":47}},"7":{"start":{"line":22,"column":16},"end":{"line":22,"column":51}},"8":{"start":{"line":25,"column":12},"end":{"line":25,"column":30}}},"branchMap":{"1":{"line":16,"type":"if","locations":[{"start":{"line":16,"column":12},"end":{"line":16,"column":12}},{"start":{"line":16,"column":12},"end":{"line":16,"column":12}}]},"2":{"line":18,"type":"if","locations":[{"start":{"line":18,"column":16},"end":{"line":18,"column":16}},{"start":{"line":18,"column":16},"end":{"line":18,"column":16}}]}}},"contracts\\base\\PeripheryImmutableState.sol":{"l":{"21":63,"22":63,"23":63},"path":"C:\\Users\\Vladislav Volosnikov\\Desktop\\Algebra\\Algebra\\src\\periphery\\contracts\\base\\PeripheryImmutableState.sol","s":{"1":63,"2":63,"3":63},"b":{},"f":{"1":63},"fnMap":{"1":{"name":"constructor","line":16,"loc":{"start":{"line":16,"column":4},"end":{"line":24,"column":4}}}},"statementMap":{"1":{"start":{"line":21,"column":8},"end":{"line":21,"column":25}},"2":{"start":{"line":22,"column":8},"end":{"line":22,"column":35}},"3":{"start":{"line":23,"column":8},"end":{"line":23,"column":35}}},"branchMap":{}},"contracts\\base\\PeripheryPayments.sol":{"l":{"15":7,"20":10,"21":10,"23":10,"24":6,"25":6,"35":0,"36":0,"38":0,"39":0,"45":2,"58":658,"60":14,"61":14,"64":10,"67":634},"path":"C:\\Users\\Vladislav Volosnikov\\Desktop\\Algebra\\Algebra\\src\\periphery\\contracts\\base\\PeripheryPayments.sol","s":{"1":10,"2":10,"3":10,"4":6,"5":6,"6":0,"7":0,"8":0,"9":0,"10":2,"11":1,"12":658,"13":14,"14":14,"15":644,"16":10,"17":634},"b":{"1":[7,0],"2":[10,0],"3":[6,4],"4":[0,0],"5":[0,0],"6":[1,1],"7":[14,644],"8":[10,634]},"f":{"1":10,"2":0,"3":2,"4":658},"fnMap":{"1":{"name":"unwrapWNativeToken","line":19,"loc":{"start":{"line":19,"column":4},"end":{"line":27,"column":4}}},"2":{"name":"sweepToken","line":30,"loc":{"start":{"line":30,"column":4},"end":{"line":41,"column":4}}},"3":{"name":"refundNativeToken","line":44,"loc":{"start":{"line":44,"column":4},"end":{"line":46,"column":4}}},"4":{"name":"pay","line":52,"loc":{"start":{"line":52,"column":4},"end":{"line":69,"column":4}}}},"statementMap":{"1":{"start":{"line":20,"column":8},"end":{"line":20,"column":90}},"2":{"start":{"line":21,"column":8},"end":{"line":21,"column":81}},"3":{"start":{"line":23,"column":8},"end":{"line":23,"column":859}},"4":{"start":{"line":24,"column":12},"end":{"line":24,"column":68}},"5":{"start":{"line":25,"column":12},"end":{"line":25,"column":76}},"6":{"start":{"line":35,"column":8},"end":{"line":35,"column":69}},"7":{"start":{"line":36,"column":8},"end":{"line":36,"column":67}},"8":{"start":{"line":38,"column":8},"end":{"line":38,"column":1400}},"9":{"start":{"line":39,"column":12},"end":{"line":39,"column":70}},"10":{"start":{"line":45,"column":8},"end":{"line":45,"column":107}},"11":{"start":{"line":45,"column":39},"end":{"line":45,"column":106}},"12":{"start":{"line":58,"column":8},"end":{"line":58,"column":2073}},"13":{"start":{"line":60,"column":12},"end":{"line":60,"column":62}},"14":{"start":{"line":61,"column":12},"end":{"line":61,"column":65}},"15":{"start":{"line":62,"column":15},"end":{"line":62,"column":2360}},"16":{"start":{"line":64,"column":12},"end":{"line":64,"column":63}},"17":{"start":{"line":67,"column":12},"end":{"line":67,"column":74}}},"branchMap":{"1":{"line":15,"type":"if","locations":[{"start":{"line":15,"column":8},"end":{"line":15,"column":8}},{"start":{"line":15,"column":8},"end":{"line":15,"column":8}}]},"2":{"line":21,"type":"if","locations":[{"start":{"line":21,"column":8},"end":{"line":21,"column":8}},{"start":{"line":21,"column":8},"end":{"line":21,"column":8}}]},"3":{"line":23,"type":"if","locations":[{"start":{"line":23,"column":8},"end":{"line":23,"column":8}},{"start":{"line":23,"column":8},"end":{"line":23,"column":8}}]},"4":{"line":36,"type":"if","locations":[{"start":{"line":36,"column":8},"end":{"line":36,"column":8}},{"start":{"line":36,"column":8},"end":{"line":36,"column":8}}]},"5":{"line":38,"type":"if","locations":[{"start":{"line":38,"column":8},"end":{"line":38,"column":8}},{"start":{"line":38,"column":8},"end":{"line":38,"column":8}}]},"6":{"line":45,"type":"if","locations":[{"start":{"line":45,"column":8},"end":{"line":45,"column":8}},{"start":{"line":45,"column":8},"end":{"line":45,"column":8}}]},"7":{"line":58,"type":"if","locations":[{"start":{"line":58,"column":8},"end":{"line":58,"column":8}},{"start":{"line":58,"column":8},"end":{"line":58,"column":8}}]},"8":{"line":62,"type":"if","locations":[{"start":{"line":62,"column":15},"end":{"line":62,"column":15}},{"start":{"line":62,"column":15},"end":{"line":62,"column":15}}]}}},"contracts\\base\\PeripheryPaymentsWithFee.sol":{"l":{"23":1,"25":1,"26":1,"28":1,"29":1,"30":1,"31":1,"32":1,"44":1,"46":1,"47":1,"49":1,"50":1,"51":1,"52":1},"path":"C:\\Users\\Vladislav Volosnikov\\Desktop\\Algebra\\Algebra\\src\\periphery\\contracts\\base\\PeripheryPaymentsWithFee.sol","s":{"1":1,"2":1,"3":1,"4":1,"5":1,"6":1,"7":1,"8":1,"9":1,"10":1,"11":1,"12":1,"13":1,"14":1,"15":1,"16":1,"17":1},"b":{"1":[1,0],"2":[1,0],"3":[1,0],"4":[1,0],"5":[1,0],"6":[1,0],"7":[1,0],"8":[1,0]},"f":{"1":1,"2":1},"fnMap":{"1":{"name":"unwrapWNativeTokenWithFee","line":17,"loc":{"start":{"line":17,"column":4},"end":{"line":34,"column":4}}},"2":{"name":"sweepTokenWithFee","line":37,"loc":{"start":{"line":37,"column":4},"end":{"line":54,"column":4}}}},"statementMap":{"1":{"start":{"line":23,"column":8},"end":{"line":23,"column":45}},"2":{"start":{"line":25,"column":8},"end":{"line":25,"column":90}},"3":{"start":{"line":26,"column":8},"end":{"line":26,"column":81}},"4":{"start":{"line":28,"column":8},"end":{"line":28,"column":1001}},"5":{"start":{"line":29,"column":12},"end":{"line":29,"column":68}},"6":{"start":{"line":30,"column":12},"end":{"line":30,"column":73}},"7":{"start":{"line":31,"column":12},"end":{"line":31,"column":89}},"8":{"start":{"line":31,"column":31},"end":{"line":31,"column":88}},"9":{"start":{"line":32,"column":12},"end":{"line":32,"column":88}},"10":{"start":{"line":44,"column":8},"end":{"line":44,"column":45}},"11":{"start":{"line":46,"column":8},"end":{"line":46,"column":69}},"12":{"start":{"line":47,"column":8},"end":{"line":47,"column":67}},"13":{"start":{"line":49,"column":8},"end":{"line":49,"column":1842}},"14":{"start":{"line":50,"column":12},"end":{"line":50,"column":66}},"15":{"start":{"line":51,"column":12},"end":{"line":51,"column":90}},"16":{"start":{"line":51,"column":31},"end":{"line":51,"column":89}},"17":{"start":{"line":52,"column":12},"end":{"line":52,"column":82}}},"branchMap":{"1":{"line":23,"type":"if","locations":[{"start":{"line":23,"column":8},"end":{"line":23,"column":8}},{"start":{"line":23,"column":8},"end":{"line":23,"column":8}}]},"2":{"line":26,"type":"if","locations":[{"start":{"line":26,"column":8},"end":{"line":26,"column":8}},{"start":{"line":26,"column":8},"end":{"line":26,"column":8}}]},"3":{"line":28,"type":"if","locations":[{"start":{"line":28,"column":8},"end":{"line":28,"column":8}},{"start":{"line":28,"column":8},"end":{"line":28,"column":8}}]},"4":{"line":31,"type":"if","locations":[{"start":{"line":31,"column":12},"end":{"line":31,"column":12}},{"start":{"line":31,"column":12},"end":{"line":31,"column":12}}]},"5":{"line":44,"type":"if","locations":[{"start":{"line":44,"column":8},"end":{"line":44,"column":8}},{"start":{"line":44,"column":8},"end":{"line":44,"column":8}}]},"6":{"line":47,"type":"if","locations":[{"start":{"line":47,"column":8},"end":{"line":47,"column":8}},{"start":{"line":47,"column":8},"end":{"line":47,"column":8}}]},"7":{"line":49,"type":"if","locations":[{"start":{"line":49,"column":8},"end":{"line":49,"column":8}},{"start":{"line":49,"column":8},"end":{"line":49,"column":8}}]},"8":{"line":51,"type":"if","locations":[{"start":{"line":51,"column":12},"end":{"line":51,"column":12}},{"start":{"line":51,"column":12},"end":{"line":51,"column":12}}]}}},"contracts\\base\\PeripheryValidation.sol":{"l":{"8":374,"9":373},"path":"C:\\Users\\Vladislav Volosnikov\\Desktop\\Algebra\\Algebra\\src\\periphery\\contracts\\base\\PeripheryValidation.sol","s":{"1":374},"b":{"1":[373,1]},"f":{"1":374},"fnMap":{"1":{"name":"checkDeadline","line":7,"loc":{"start":{"line":7,"column":4},"end":{"line":10,"column":4}}}},"statementMap":{"1":{"start":{"line":8,"column":8},"end":{"line":8,"column":68}}},"branchMap":{"1":{"line":8,"type":"if","locations":[{"start":{"line":8,"column":8},"end":{"line":8,"column":8}},{"start":{"line":8,"column":8},"end":{"line":8,"column":8}}]}}},"contracts\\base\\PoolInitializer.sol":{"l":{"17":235,"19":235,"21":235,"22":230,"24":230,"26":5,"27":5,"28":1},"path":"C:\\Users\\Vladislav Volosnikov\\Desktop\\Algebra\\Algebra\\src\\periphery\\contracts\\base\\PoolInitializer.sol","s":{"1":235,"2":235,"3":235,"4":230,"5":230,"6":5,"7":5,"8":1},"b":{"1":[235,0],"2":[230,5],"3":[1,4]},"f":{"1":235},"fnMap":{"1":{"name":"createAndInitializePoolIfNecessary","line":12,"loc":{"start":{"line":12,"column":4},"end":{"line":31,"column":4}}}},"statementMap":{"1":{"start":{"line":17,"column":8},"end":{"line":17,"column":31}},"2":{"start":{"line":19,"column":8},"end":{"line":19,"column":65}},"3":{"start":{"line":21,"column":8},"end":{"line":21,"column":757}},"4":{"start":{"line":22,"column":12},"end":{"line":22,"column":69}},"5":{"start":{"line":24,"column":12},"end":{"line":24,"column":54}},"6":{"start":{"line":26,"column":12},"end":{"line":26,"column":89}},"7":{"start":{"line":27,"column":12},"end":{"line":27,"column":1043}},"8":{"start":{"line":28,"column":16},"end":{"line":28,"column":58}}},"branchMap":{"1":{"line":17,"type":"if","locations":[{"start":{"line":17,"column":8},"end":{"line":17,"column":8}},{"start":{"line":17,"column":8},"end":{"line":17,"column":8}}]},"2":{"line":21,"type":"if","locations":[{"start":{"line":21,"column":8},"end":{"line":21,"column":8}},{"start":{"line":21,"column":8},"end":{"line":21,"column":8}}]},"3":{"line":27,"type":"if","locations":[{"start":{"line":27,"column":12},"end":{"line":27,"column":12}},{"start":{"line":27,"column":12},"end":{"line":27,"column":12}}]}}},"contracts\\base\\SelfPermit.sol":{"l":{"24":3,"36":2,"48":3,"60":3,"61":1},"path":"C:\\Users\\Vladislav Volosnikov\\Desktop\\Algebra\\Algebra\\src\\periphery\\contracts\\base\\SelfPermit.sol","s":{"1":3,"2":2,"3":1,"4":3,"5":3,"6":1},"b":{"1":[1,1],"2":[1,2]},"f":{"1":3,"2":2,"3":3,"4":3},"fnMap":{"1":{"name":"selfPermit","line":16,"loc":{"start":{"line":16,"column":4},"end":{"line":25,"column":4}}},"2":{"name":"selfPermitIfNecessary","line":28,"loc":{"start":{"line":28,"column":4},"end":{"line":37,"column":4}}},"3":{"name":"selfPermitAllowed","line":40,"loc":{"start":{"line":40,"column":4},"end":{"line":49,"column":4}}},"4":{"name":"selfPermitAllowedIfNecessary","line":52,"loc":{"start":{"line":52,"column":4},"end":{"line":62,"column":4}}}},"statementMap":{"1":{"start":{"line":24,"column":8},"end":{"line":24,"column":86}},"2":{"start":{"line":36,"column":8},"end":{"line":36,"column":115}},"3":{"start":{"line":36,"column":72},"end":{"line":36,"column":114}},"4":{"start":{"line":48,"column":8},"end":{"line":48,"column":97}},"5":{"start":{"line":60,"column":8},"end":{"line":60,"column":1977}},"6":{"start":{"line":61,"column":12},"end":{"line":61,"column":59}}},"branchMap":{"1":{"line":36,"type":"if","locations":[{"start":{"line":36,"column":8},"end":{"line":36,"column":8}},{"start":{"line":36,"column":8},"end":{"line":36,"column":8}}]},"2":{"line":60,"type":"if","locations":[{"start":{"line":60,"column":8},"end":{"line":60,"column":8}},{"start":{"line":60,"column":8},"end":{"line":60,"column":8}}]}}},"contracts\\interfaces\\external\\IERC1271.sol":{"l":{},"path":"C:\\Users\\Vladislav Volosnikov\\Desktop\\Algebra\\Algebra\\src\\periphery\\contracts\\interfaces\\external\\IERC1271.sol","s":{},"b":{},"f":{},"fnMap":{},"statementMap":{},"branchMap":{}},"contracts\\interfaces\\external\\IERC20PermitAllowed.sol":{"l":{},"path":"C:\\Users\\Vladislav Volosnikov\\Desktop\\Algebra\\Algebra\\src\\periphery\\contracts\\interfaces\\external\\IERC20PermitAllowed.sol","s":{},"b":{},"f":{},"fnMap":{},"statementMap":{},"branchMap":{}},"contracts\\interfaces\\external\\IWNativeToken.sol":{"l":{},"path":"C:\\Users\\Vladislav Volosnikov\\Desktop\\Algebra\\Algebra\\src\\periphery\\contracts\\interfaces\\external\\IWNativeToken.sol","s":{},"b":{},"f":{},"fnMap":{},"statementMap":{},"branchMap":{}},"contracts\\interfaces\\IERC20Metadata.sol":{"l":{},"path":"C:\\Users\\Vladislav Volosnikov\\Desktop\\Algebra\\Algebra\\src\\periphery\\contracts\\interfaces\\IERC20Metadata.sol","s":{},"b":{},"f":{},"fnMap":{},"statementMap":{},"branchMap":{}},"contracts\\interfaces\\IERC721Permit.sol":{"l":{},"path":"C:\\Users\\Vladislav Volosnikov\\Desktop\\Algebra\\Algebra\\src\\periphery\\contracts\\interfaces\\IERC721Permit.sol","s":{},"b":{},"f":{},"fnMap":{},"statementMap":{},"branchMap":{}},"contracts\\interfaces\\IMulticall.sol":{"l":{},"path":"C:\\Users\\Vladislav Volosnikov\\Desktop\\Algebra\\Algebra\\src\\periphery\\contracts\\interfaces\\IMulticall.sol","s":{},"b":{},"f":{},"fnMap":{},"statementMap":{},"branchMap":{}},"contracts\\interfaces\\INonfungiblePositionManager.sol":{"l":{},"path":"C:\\Users\\Vladislav Volosnikov\\Desktop\\Algebra\\Algebra\\src\\periphery\\contracts\\interfaces\\INonfungiblePositionManager.sol","s":{},"b":{},"f":{},"fnMap":{},"statementMap":{},"branchMap":{}},"contracts\\interfaces\\INonfungibleTokenPositionDescriptor.sol":{"l":{},"path":"C:\\Users\\Vladislav Volosnikov\\Desktop\\Algebra\\Algebra\\src\\periphery\\contracts\\interfaces\\INonfungibleTokenPositionDescriptor.sol","s":{},"b":{},"f":{},"fnMap":{},"statementMap":{},"branchMap":{}},"contracts\\interfaces\\IPeripheryImmutableState.sol":{"l":{},"path":"C:\\Users\\Vladislav Volosnikov\\Desktop\\Algebra\\Algebra\\src\\periphery\\contracts\\interfaces\\IPeripheryImmutableState.sol","s":{},"b":{},"f":{},"fnMap":{},"statementMap":{},"branchMap":{}},"contracts\\interfaces\\IPeripheryPayments.sol":{"l":{},"path":"C:\\Users\\Vladislav Volosnikov\\Desktop\\Algebra\\Algebra\\src\\periphery\\contracts\\interfaces\\IPeripheryPayments.sol","s":{},"b":{},"f":{},"fnMap":{},"statementMap":{},"branchMap":{}},"contracts\\interfaces\\IPeripheryPaymentsWithFee.sol":{"l":{},"path":"C:\\Users\\Vladislav Volosnikov\\Desktop\\Algebra\\Algebra\\src\\periphery\\contracts\\interfaces\\IPeripheryPaymentsWithFee.sol","s":{},"b":{},"f":{},"fnMap":{},"statementMap":{},"branchMap":{}},"contracts\\interfaces\\IPoolInitializer.sol":{"l":{},"path":"C:\\Users\\Vladislav Volosnikov\\Desktop\\Algebra\\Algebra\\src\\periphery\\contracts\\interfaces\\IPoolInitializer.sol","s":{},"b":{},"f":{},"fnMap":{},"statementMap":{},"branchMap":{}},"contracts\\interfaces\\IQuoter.sol":{"l":{},"path":"C:\\Users\\Vladislav Volosnikov\\Desktop\\Algebra\\Algebra\\src\\periphery\\contracts\\interfaces\\IQuoter.sol","s":{},"b":{},"f":{},"fnMap":{},"statementMap":{},"branchMap":{}},"contracts\\interfaces\\IQuoterV2.sol":{"l":{},"path":"C:\\Users\\Vladislav Volosnikov\\Desktop\\Algebra\\Algebra\\src\\periphery\\contracts\\interfaces\\IQuoterV2.sol","s":{},"b":{},"f":{},"fnMap":{},"statementMap":{},"branchMap":{}},"contracts\\interfaces\\ISelfPermit.sol":{"l":{},"path":"C:\\Users\\Vladislav Volosnikov\\Desktop\\Algebra\\Algebra\\src\\periphery\\contracts\\interfaces\\ISelfPermit.sol","s":{},"b":{},"f":{},"fnMap":{},"statementMap":{},"branchMap":{}},"contracts\\interfaces\\ISwapRouter.sol":{"l":{},"path":"C:\\Users\\Vladislav Volosnikov\\Desktop\\Algebra\\Algebra\\src\\periphery\\contracts\\interfaces\\ISwapRouter.sol","s":{},"b":{},"f":{},"fnMap":{},"statementMap":{},"branchMap":{}},"contracts\\interfaces\\ITickLens.sol":{"l":{},"path":"C:\\Users\\Vladislav Volosnikov\\Desktop\\Algebra\\Algebra\\src\\periphery\\contracts\\interfaces\\ITickLens.sol","s":{},"b":{},"f":{},"fnMap":{},"statementMap":{},"branchMap":{}},"contracts\\interfaces\\IV3Migrator.sol":{"l":{},"path":"C:\\Users\\Vladislav Volosnikov\\Desktop\\Algebra\\Algebra\\src\\periphery\\contracts\\interfaces\\IV3Migrator.sol","s":{},"b":{},"f":{},"fnMap":{},"statementMap":{},"branchMap":{}},"contracts\\lens\\AlgebraInterfaceMulticall.sol":{"l":{"20":0,"24":0,"28":0,"29":0,"30":0,"31":0,"36":0,"37":0,"38":0,"39":0},"path":"C:\\Users\\Vladislav Volosnikov\\Desktop\\Algebra\\Algebra\\src\\periphery\\contracts\\lens\\AlgebraInterfaceMulticall.sol","s":{"1":0,"2":0,"3":0,"4":0,"5":0,"6":0,"7":0,"8":0,"9":0,"10":0},"b":{},"f":{"1":0,"2":0,"3":0},"fnMap":{"1":{"name":"getCurrentBlockTimestamp","line":19,"loc":{"start":{"line":19,"column":4},"end":{"line":21,"column":4}}},"2":{"name":"getEthBalance","line":23,"loc":{"start":{"line":23,"column":4},"end":{"line":25,"column":4}}},"3":{"name":"multicall","line":27,"loc":{"start":{"line":27,"column":4},"end":{"line":41,"column":4}}}},"statementMap":{"1":{"start":{"line":20,"column":8},"end":{"line":20,"column":34}},"2":{"start":{"line":24,"column":8},"end":{"line":24,"column":29}},"3":{"start":{"line":28,"column":8},"end":{"line":28,"column":33}},"4":{"start":{"line":29,"column":8},"end":{"line":29,"column":46}},"5":{"start":{"line":30,"column":8},"end":{"line":30,"column":882}},"6":{"start":{"line":31,"column":12},"end":{"line":31,"column":945}},"7":{"start":{"line":36,"column":12},"end":{"line":36,"column":45}},"8":{"start":{"line":37,"column":12},"end":{"line":37,"column":83}},"9":{"start":{"line":38,"column":12},"end":{"line":38,"column":55}},"10":{"start":{"line":39,"column":12},"end":{"line":39,"column":56}}},"branchMap":{}},"contracts\\lens\\Quoter.sol":{"l":{"36":36,"45":18,"46":18,"47":18,"49":18,"53":18,"54":18,"56":18,"57":10,"65":8,"66":8,"77":18,"78":0,"79":0,"82":0,"84":18,"94":10,"96":10,"107":10,"117":6,"118":6,"119":6,"120":8,"122":8,"125":8,"128":8,"129":2,"131":6,"133":2,"144":8,"147":8,"148":8,"159":8,"160":8,"170":4,"171":4,"172":4,"173":6,"175":6,"178":6,"181":6,"182":2,"184":4,"186":2},"path":"C:\\Users\\Vladislav Volosnikov\\Desktop\\Algebra\\Algebra\\src\\periphery\\contracts\\lens\\Quoter.sol","s":{"1":36,"2":18,"3":18,"4":18,"5":18,"6":18,"7":18,"8":18,"9":8,"10":6,"11":18,"12":0,"13":0,"14":0,"15":18,"16":10,"17":10,"18":10,"19":6,"20":6,"21":6,"22":8,"23":8,"24":8,"25":8,"26":2,"27":6,"28":8,"29":8,"30":6,"31":8,"32":8,"33":8,"34":4,"35":4,"36":4,"37":6,"38":6,"39":6,"40":6,"41":2,"42":4},"b":{"1":[18,0],"2":[10,8],"3":[6,2],"4":[6,0],"5":[0,18],"6":[0,0],"7":[2,6],"8":[6,2],"9":[6,2],"10":[2,4]},"f":{"1":3,"2":36,"3":18,"4":18,"5":10,"6":6,"7":8,"8":4},"fnMap":{"1":{"name":"constructor","line":33,"loc":{"start":{"line":29,"column":4},"end":{"line":33,"column":71}}},"2":{"name":"getPool","line":35,"loc":{"start":{"line":35,"column":4},"end":{"line":37,"column":4}}},"3":{"name":"algebraSwapCallback","line":40,"loc":{"start":{"line":40,"column":4},"end":{"line":73,"column":4}}},"4":{"name":"parseRevertReason","line":76,"loc":{"start":{"line":76,"column":4},"end":{"line":85,"column":4}}},"5":{"name":"quoteExactInputSingle","line":88,"loc":{"start":{"line":88,"column":4},"end":{"line":109,"column":4}}},"6":{"name":"quoteExactInput","line":112,"loc":{"start":{"line":112,"column":4},"end":{"line":135,"column":4}}},"7":{"name":"quoteExactOutputSingle","line":138,"loc":{"start":{"line":138,"column":4},"end":{"line":162,"column":4}}},"8":{"name":"quoteExactOutput","line":165,"loc":{"start":{"line":165,"column":4},"end":{"line":188,"column":4}}}},"statementMap":{"1":{"start":{"line":36,"column":8},"end":{"line":36,"column":109}},"2":{"start":{"line":45,"column":8},"end":{"line":45,"column":52}},"3":{"start":{"line":46,"column":8},"end":{"line":46,"column":68}},"4":{"start":{"line":47,"column":8},"end":{"line":47,"column":73}},"5":{"start":{"line":49,"column":8},"end":{"line":49,"column":2136}},"6":{"start":{"line":53,"column":8},"end":{"line":53,"column":54}},"7":{"start":{"line":54,"column":8},"end":{"line":54,"column":53}},"8":{"start":{"line":56,"column":8},"end":{"line":56,"column":2440}},"9":{"start":{"line":65,"column":12},"end":{"line":65,"column":80}},"10":{"start":{"line":65,"column":38},"end":{"line":65,"column":79}},"11":{"start":{"line":77,"column":8},"end":{"line":77,"column":3262}},"12":{"start":{"line":78,"column":12},"end":{"line":78,"column":62}},"13":{"start":{"line":78,"column":36},"end":{"line":78,"column":61}},"14":{"start":{"line":82,"column":12},"end":{"line":82,"column":47}},"15":{"start":{"line":84,"column":8},"end":{"line":84,"column":52}},"16":{"start":{"line":94,"column":8},"end":{"line":94,"column":43}},"17":{"start":{"line":96,"column":8},"end":{"line":96,"column":3864}},"18":{"start":{"line":107,"column":12},"end":{"line":107,"column":55}},"19":{"start":{"line":117,"column":8},"end":{"line":117,"column":43}},"20":{"start":{"line":118,"column":8},"end":{"line":118,"column":21}},"21":{"start":{"line":119,"column":8},"end":{"line":119,"column":4700}},"22":{"start":{"line":120,"column":12},"end":{"line":120,"column":59}},"23":{"start":{"line":122,"column":12},"end":{"line":122,"column":72}},"24":{"start":{"line":125,"column":12},"end":{"line":125,"column":86}},"25":{"start":{"line":128,"column":12},"end":{"line":128,"column":5101}},"26":{"start":{"line":129,"column":16},"end":{"line":129,"column":38}},"27":{"start":{"line":131,"column":16},"end":{"line":131,"column":39}},"28":{"start":{"line":144,"column":8},"end":{"line":144,"column":43}},"29":{"start":{"line":147,"column":8},"end":{"line":147,"column":60}},"30":{"start":{"line":147,"column":33},"end":{"line":147,"column":59}},"31":{"start":{"line":148,"column":8},"end":{"line":148,"column":5754}},"32":{"start":{"line":159,"column":12},"end":{"line":159,"column":59}},"33":{"start":{"line":160,"column":12},"end":{"line":160,"column":54}},"34":{"start":{"line":170,"column":8},"end":{"line":170,"column":43}},"35":{"start":{"line":171,"column":8},"end":{"line":171,"column":21}},"36":{"start":{"line":172,"column":8},"end":{"line":172,"column":6669}},"37":{"start":{"line":173,"column":12},"end":{"line":173,"column":59}},"38":{"start":{"line":175,"column":12},"end":{"line":175,"column":72}},"39":{"start":{"line":178,"column":12},"end":{"line":178,"column":89}},"40":{"start":{"line":181,"column":12},"end":{"line":181,"column":7073}},"41":{"start":{"line":182,"column":16},"end":{"line":182,"column":38}},"42":{"start":{"line":184,"column":16},"end":{"line":184,"column":40}}},"branchMap":{"1":{"line":45,"type":"if","locations":[{"start":{"line":45,"column":8},"end":{"line":45,"column":8}},{"start":{"line":45,"column":8},"end":{"line":45,"column":8}}]},"2":{"line":56,"type":"if","locations":[{"start":{"line":56,"column":8},"end":{"line":56,"column":8}},{"start":{"line":56,"column":8},"end":{"line":56,"column":8}}]},"3":{"line":65,"type":"if","locations":[{"start":{"line":65,"column":12},"end":{"line":65,"column":12}},{"start":{"line":65,"column":12},"end":{"line":65,"column":12}}]},"4":{"line":65,"type":"if","locations":[{"start":{"line":65,"column":38},"end":{"line":65,"column":38}},{"start":{"line":65,"column":38},"end":{"line":65,"column":38}}]},"5":{"line":77,"type":"if","locations":[{"start":{"line":77,"column":8},"end":{"line":77,"column":8}},{"start":{"line":77,"column":8},"end":{"line":77,"column":8}}]},"6":{"line":78,"type":"if","locations":[{"start":{"line":78,"column":12},"end":{"line":78,"column":12}},{"start":{"line":78,"column":12},"end":{"line":78,"column":12}}]},"7":{"line":128,"type":"if","locations":[{"start":{"line":128,"column":12},"end":{"line":128,"column":12}},{"start":{"line":128,"column":12},"end":{"line":128,"column":12}}]},"8":{"line":147,"type":"if","locations":[{"start":{"line":147,"column":8},"end":{"line":147,"column":8}},{"start":{"line":147,"column":8},"end":{"line":147,"column":8}}]},"9":{"line":159,"type":"if","locations":[{"start":{"line":159,"column":12},"end":{"line":159,"column":12}},{"start":{"line":159,"column":12},"end":{"line":159,"column":12}}]},"10":{"line":181,"type":"if","locations":[{"start":{"line":181,"column":12},"end":{"line":181,"column":12}},{"start":{"line":181,"column":12},"end":{"line":181,"column":12}}]}}},"contracts\\lens\\QuoterV2.sol":{"l":{"37":54,"46":27,"47":27,"48":27,"50":27,"54":27,"55":27,"57":27,"58":14,"67":13,"68":13,"88":27,"89":0,"90":0,"93":0,"95":27,"112":27,"113":27,"114":27,"115":27,"117":27,"119":27,"132":14,"133":14,"135":14,"136":14,"147":14,"148":14,"162":11,"163":11,"165":11,"166":11,"167":12,"170":12,"184":12,"185":12,"186":12,"187":12,"188":12,"191":12,"192":1,"194":11,"209":13,"210":13,"213":13,"214":13,"215":13,"226":13,"227":13,"228":13,"242":10,"243":10,"245":10,"246":10,"247":11,"250":11,"264":11,"265":11,"266":11,"267":11,"268":11,"271":11,"272":1,"274":10},"path":"C:\\Users\\Vladislav Volosnikov\\Desktop\\Algebra\\Algebra\\src\\periphery\\contracts\\lens\\QuoterV2.sol","s":{"1":54,"2":27,"3":27,"4":27,"5":27,"6":27,"7":27,"8":27,"9":13,"10":11,"11":27,"12":0,"13":0,"14":0,"15":27,"16":27,"17":27,"18":27,"19":27,"20":27,"21":27,"22":14,"23":14,"24":14,"25":14,"26":14,"27":14,"28":11,"29":11,"30":11,"31":11,"32":12,"33":12,"34":12,"35":12,"36":12,"37":12,"38":12,"39":1,"40":11,"41":13,"42":13,"43":13,"44":11,"45":13,"46":13,"47":13,"48":13,"49":13,"50":10,"51":10,"52":10,"53":10,"54":11,"55":11,"56":11,"57":11,"58":11,"59":11,"60":11,"61":1,"62":10},"b":{"1":[27,0],"2":[14,13],"3":[11,2],"4":[11,0],"5":[0,27],"6":[0,0],"7":[1,11],"8":[11,2],"9":[11,2],"10":[1,10]},"f":{"1":3,"2":54,"3":27,"4":27,"5":27,"6":14,"7":11,"8":13,"9":10},"fnMap":{"1":{"name":"constructor","line":34,"loc":{"start":{"line":30,"column":4},"end":{"line":34,"column":71}}},"2":{"name":"getPool","line":36,"loc":{"start":{"line":36,"column":4},"end":{"line":38,"column":4}}},"3":{"name":"algebraSwapCallback","line":41,"loc":{"start":{"line":41,"column":4},"end":{"line":76,"column":4}}},"4":{"name":"parseRevertReason","line":79,"loc":{"start":{"line":79,"column":4},"end":{"line":96,"column":4}}},"5":{"name":"handleRevert","line":98,"loc":{"start":{"line":98,"column":4},"end":{"line":120,"column":4}}},"6":{"name":"quoteExactInputSingle","line":122,"loc":{"start":{"line":122,"column":4},"end":{"line":150,"column":4}}},"7":{"name":"quoteExactInput","line":152,"loc":{"start":{"line":152,"column":4},"end":{"line":197,"column":4}}},"8":{"name":"quoteExactOutputSingle","line":199,"loc":{"start":{"line":199,"column":4},"end":{"line":230,"column":4}}},"9":{"name":"quoteExactOutput","line":232,"loc":{"start":{"line":232,"column":4},"end":{"line":277,"column":4}}}},"statementMap":{"1":{"start":{"line":37,"column":8},"end":{"line":37,"column":109}},"2":{"start":{"line":46,"column":8},"end":{"line":46,"column":52}},"3":{"start":{"line":47,"column":8},"end":{"line":47,"column":68}},"4":{"start":{"line":48,"column":8},"end":{"line":48,"column":73}},"5":{"start":{"line":50,"column":8},"end":{"line":50,"column":2232}},"6":{"start":{"line":54,"column":8},"end":{"line":54,"column":54}},"7":{"start":{"line":55,"column":8},"end":{"line":55,"column":83}},"8":{"start":{"line":57,"column":8},"end":{"line":57,"column":2566}},"9":{"start":{"line":67,"column":12},"end":{"line":67,"column":80}},"10":{"start":{"line":67,"column":38},"end":{"line":67,"column":79}},"11":{"start":{"line":88,"column":8},"end":{"line":88,"column":3643}},"12":{"start":{"line":89,"column":12},"end":{"line":89,"column":62}},"13":{"start":{"line":89,"column":36},"end":{"line":89,"column":61}},"14":{"start":{"line":93,"column":12},"end":{"line":93,"column":47}},"15":{"start":{"line":95,"column":8},"end":{"line":95,"column":60}},"16":{"start":{"line":112,"column":8},"end":{"line":112,"column":24}},"17":{"start":{"line":113,"column":8},"end":{"line":113,"column":23}},"18":{"start":{"line":114,"column":8},"end":{"line":114,"column":52}},"19":{"start":{"line":115,"column":8},"end":{"line":115,"column":73}},"20":{"start":{"line":117,"column":8},"end":{"line":117,"column":89}},"21":{"start":{"line":119,"column":8},"end":{"line":119,"column":80}},"22":{"start":{"line":132,"column":8},"end":{"line":132,"column":57}},"23":{"start":{"line":133,"column":8},"end":{"line":133,"column":68}},"24":{"start":{"line":135,"column":8},"end":{"line":135,"column":37}},"25":{"start":{"line":136,"column":8},"end":{"line":136,"column":5135}},"26":{"start":{"line":147,"column":12},"end":{"line":147,"column":46}},"27":{"start":{"line":148,"column":12},"end":{"line":148,"column":58}},"28":{"start":{"line":162,"column":8},"end":{"line":162,"column":61}},"29":{"start":{"line":163,"column":8},"end":{"line":163,"column":66}},"30":{"start":{"line":165,"column":8},"end":{"line":165,"column":21}},"31":{"start":{"line":166,"column":8},"end":{"line":166,"column":6242}},"32":{"start":{"line":167,"column":12},"end":{"line":167,"column":72}},"33":{"start":{"line":170,"column":12},"end":{"line":170,"column":6436}},"34":{"start":{"line":184,"column":12},"end":{"line":184,"column":56}},"35":{"start":{"line":185,"column":12},"end":{"line":185,"column":68}},"36":{"start":{"line":186,"column":12},"end":{"line":186,"column":32}},"37":{"start":{"line":187,"column":12},"end":{"line":187,"column":38}},"38":{"start":{"line":191,"column":12},"end":{"line":191,"column":7215}},"39":{"start":{"line":192,"column":16},"end":{"line":192,"column":38}},"40":{"start":{"line":194,"column":16},"end":{"line":194,"column":98}},"41":{"start":{"line":209,"column":8},"end":{"line":209,"column":57}},"42":{"start":{"line":210,"column":8},"end":{"line":210,"column":68}},"43":{"start":{"line":213,"column":8},"end":{"line":213,"column":71}},"44":{"start":{"line":213,"column":40},"end":{"line":213,"column":70}},"45":{"start":{"line":214,"column":8},"end":{"line":214,"column":37}},"46":{"start":{"line":215,"column":8},"end":{"line":215,"column":8109}},"47":{"start":{"line":226,"column":12},"end":{"line":226,"column":46}},"48":{"start":{"line":227,"column":12},"end":{"line":227,"column":66}},"49":{"start":{"line":228,"column":12},"end":{"line":228,"column":58}},"50":{"start":{"line":242,"column":8},"end":{"line":242,"column":61}},"51":{"start":{"line":243,"column":8},"end":{"line":243,"column":66}},"52":{"start":{"line":245,"column":8},"end":{"line":245,"column":21}},"53":{"start":{"line":246,"column":8},"end":{"line":246,"column":9300}},"54":{"start":{"line":247,"column":12},"end":{"line":247,"column":72}},"55":{"start":{"line":250,"column":12},"end":{"line":250,"column":9494}},"56":{"start":{"line":264,"column":12},"end":{"line":264,"column":56}},"57":{"start":{"line":265,"column":12},"end":{"line":265,"column":68}},"58":{"start":{"line":266,"column":12},"end":{"line":266,"column":32}},"59":{"start":{"line":267,"column":12},"end":{"line":267,"column":38}},"60":{"start":{"line":271,"column":12},"end":{"line":271,"column":10273}},"61":{"start":{"line":272,"column":16},"end":{"line":272,"column":38}},"62":{"start":{"line":274,"column":16},"end":{"line":274,"column":99}}},"branchMap":{"1":{"line":46,"type":"if","locations":[{"start":{"line":46,"column":8},"end":{"line":46,"column":8}},{"start":{"line":46,"column":8},"end":{"line":46,"column":8}}]},"2":{"line":57,"type":"if","locations":[{"start":{"line":57,"column":8},"end":{"line":57,"column":8}},{"start":{"line":57,"column":8},"end":{"line":57,"column":8}}]},"3":{"line":67,"type":"if","locations":[{"start":{"line":67,"column":12},"end":{"line":67,"column":12}},{"start":{"line":67,"column":12},"end":{"line":67,"column":12}}]},"4":{"line":67,"type":"if","locations":[{"start":{"line":67,"column":38},"end":{"line":67,"column":38}},{"start":{"line":67,"column":38},"end":{"line":67,"column":38}}]},"5":{"line":88,"type":"if","locations":[{"start":{"line":88,"column":8},"end":{"line":88,"column":8}},{"start":{"line":88,"column":8},"end":{"line":88,"column":8}}]},"6":{"line":89,"type":"if","locations":[{"start":{"line":89,"column":12},"end":{"line":89,"column":12}},{"start":{"line":89,"column":12},"end":{"line":89,"column":12}}]},"7":{"line":191,"type":"if","locations":[{"start":{"line":191,"column":12},"end":{"line":191,"column":12}},{"start":{"line":191,"column":12},"end":{"line":191,"column":12}}]},"8":{"line":213,"type":"if","locations":[{"start":{"line":213,"column":8},"end":{"line":213,"column":8}},{"start":{"line":213,"column":8},"end":{"line":213,"column":8}}]},"9":{"line":227,"type":"if","locations":[{"start":{"line":227,"column":12},"end":{"line":227,"column":12}},{"start":{"line":227,"column":12},"end":{"line":227,"column":12}}]},"10":{"line":271,"type":"if","locations":[{"start":{"line":271,"column":12},"end":{"line":271,"column":12}},{"start":{"line":271,"column":12},"end":{"line":271,"column":12}}]}}},"contracts\\lens\\TickLens.sol":{"l":{"19":6,"22":6,"23":6,"24":1536,"28":6,"29":6,"30":6,"31":1536,"32":8,"33":8,"34":8},"path":"C:\\Users\\Vladislav Volosnikov\\Desktop\\Algebra\\Algebra\\src\\periphery\\contracts\\lens\\TickLens.sol","s":{"1":6,"2":6,"3":6,"4":1536,"5":6,"6":6,"7":6,"8":1536,"9":8,"10":8,"11":8},"b":{"1":[8,1528],"2":[8,1528]},"f":{"1":6},"fnMap":{"1":{"name":"getPopulatedTicksInWord","line":12,"loc":{"start":{"line":12,"column":4},"end":{"line":41,"column":4}}}},"statementMap":{"1":{"start":{"line":19,"column":8},"end":{"line":19,"column":69}},"2":{"start":{"line":22,"column":8},"end":{"line":22,"column":38}},"3":{"start":{"line":23,"column":8},"end":{"line":23,"column":686}},"4":{"start":{"line":24,"column":12},"end":{"line":24,"column":63}},"5":{"start":{"line":28,"column":8},"end":{"line":28,"column":60}},"6":{"start":{"line":29,"column":8},"end":{"line":29,"column":67}},"7":{"start":{"line":30,"column":8},"end":{"line":30,"column":982}},"8":{"start":{"line":31,"column":12},"end":{"line":31,"column":1035}},"9":{"start":{"line":32,"column":16},"end":{"line":32,"column":93}},"10":{"start":{"line":33,"column":16},"end":{"line":33,"column":115}},"11":{"start":{"line":34,"column":16},"end":{"line":34,"column":1300}}},"branchMap":{"1":{"line":24,"type":"if","locations":[{"start":{"line":24,"column":12},"end":{"line":24,"column":12}},{"start":{"line":24,"column":12},"end":{"line":24,"column":12}}]},"2":{"line":31,"type":"if","locations":[{"start":{"line":31,"column":12},"end":{"line":31,"column":12}},{"start":{"line":31,"column":12},"end":{"line":31,"column":12}}]}}},"contracts\\libraries\\AddressStringUtil.sol":{"l":{"8":0,"10":0,"11":0,"12":0,"14":0,"16":0,"18":0,"19":0,"20":0,"22":0,"29":0,"30":0,"32":0},"path":"C:\\Users\\Vladislav Volosnikov\\Desktop\\Algebra\\Algebra\\src\\periphery\\contracts\\libraries\\AddressStringUtil.sol","s":{"1":0,"2":0,"3":0,"4":0,"5":0,"6":0,"7":0,"8":0,"9":0,"10":0,"11":0,"12":0,"13":0},"b":{"1":[0,0],"2":[0,0]},"f":{"1":0,"2":0},"fnMap":{"1":{"name":"toAsciiString","line":7,"loc":{"start":{"line":7,"column":4},"end":{"line":23,"column":4}}},"2":{"name":"char","line":28,"loc":{"start":{"line":28,"column":4},"end":{"line":34,"column":4}}}},"statementMap":{"1":{"start":{"line":8,"column":8},"end":{"line":8,"column":86}},"2":{"start":{"line":10,"column":8},"end":{"line":10,"column":39}},"3":{"start":{"line":11,"column":8},"end":{"line":11,"column":39}},"4":{"start":{"line":12,"column":8},"end":{"line":12,"column":502}},"5":{"start":{"line":14,"column":12},"end":{"line":14,"column":54}},"6":{"start":{"line":16,"column":12},"end":{"line":16,"column":29}},"7":{"start":{"line":18,"column":12},"end":{"line":18,"column":36}},"8":{"start":{"line":19,"column":12},"end":{"line":19,"column":30}},"9":{"start":{"line":20,"column":12},"end":{"line":20,"column":34}},"10":{"start":{"line":22,"column":8},"end":{"line":22,"column":24}},"11":{"start":{"line":29,"column":8},"end":{"line":29,"column":1308}},"12":{"start":{"line":30,"column":12},"end":{"line":30,"column":35}},"13":{"start":{"line":32,"column":12},"end":{"line":32,"column":35}}},"branchMap":{"1":{"line":8,"type":"if","locations":[{"start":{"line":8,"column":8},"end":{"line":8,"column":8}},{"start":{"line":8,"column":8},"end":{"line":8,"column":8}}]},"2":{"line":29,"type":"if","locations":[{"start":{"line":29,"column":8},"end":{"line":29,"column":8}},{"start":{"line":29,"column":8},"end":{"line":29,"column":8}}]}}},"contracts\\libraries\\BytesLib.sol":{"l":{"17":61,"18":61,"19":61,"21":61,"23":61,"75":61,"79":478,"80":478,"81":478,"83":478,"87":478,"91":0,"92":0,"93":0,"95":0,"99":0},"path":"C:\\Users\\Vladislav Volosnikov\\Desktop\\Algebra\\Algebra\\src\\periphery\\contracts\\libraries\\BytesLib.sol","s":{"1":61,"2":61,"3":61,"4":61,"5":61,"6":478,"7":478,"8":478,"9":478,"10":0,"11":0,"12":0,"13":0},"b":{"1":[61,0],"2":[61,0],"3":[61,0],"4":[478,0],"5":[478,0],"6":[0,0],"7":[0,0]},"f":{"1":61,"2":478,"3":0},"fnMap":{"1":{"name":"slice","line":12,"loc":{"start":{"line":12,"column":4},"end":{"line":76,"column":4}}},"2":{"name":"toAddress","line":78,"loc":{"start":{"line":78,"column":4},"end":{"line":88,"column":4}}},"3":{"name":"toUint24","line":90,"loc":{"start":{"line":90,"column":4},"end":{"line":100,"column":4}}}},"statementMap":{"1":{"start":{"line":17,"column":8},"end":{"line":17,"column":57}},"2":{"start":{"line":18,"column":8},"end":{"line":18,"column":60}},"3":{"start":{"line":19,"column":8},"end":{"line":19,"column":70}},"4":{"start":{"line":21,"column":8},"end":{"line":21,"column":30}},"5":{"start":{"line":75,"column":8},"end":{"line":75,"column":24}},"6":{"start":{"line":79,"column":8},"end":{"line":79,"column":59}},"7":{"start":{"line":80,"column":8},"end":{"line":80,"column":69}},"8":{"start":{"line":81,"column":8},"end":{"line":81,"column":27}},"9":{"start":{"line":87,"column":8},"end":{"line":87,"column":26}},"10":{"start":{"line":91,"column":8},"end":{"line":91,"column":57}},"11":{"start":{"line":92,"column":8},"end":{"line":92,"column":67}},"12":{"start":{"line":93,"column":8},"end":{"line":93,"column":23}},"13":{"start":{"line":99,"column":8},"end":{"line":99,"column":23}}},"branchMap":{"1":{"line":17,"type":"if","locations":[{"start":{"line":17,"column":8},"end":{"line":17,"column":8}},{"start":{"line":17,"column":8},"end":{"line":17,"column":8}}]},"2":{"line":18,"type":"if","locations":[{"start":{"line":18,"column":8},"end":{"line":18,"column":8}},{"start":{"line":18,"column":8},"end":{"line":18,"column":8}}]},"3":{"line":19,"type":"if","locations":[{"start":{"line":19,"column":8},"end":{"line":19,"column":8}},{"start":{"line":19,"column":8},"end":{"line":19,"column":8}}]},"4":{"line":79,"type":"if","locations":[{"start":{"line":79,"column":8},"end":{"line":79,"column":8}},{"start":{"line":79,"column":8},"end":{"line":79,"column":8}}]},"5":{"line":80,"type":"if","locations":[{"start":{"line":80,"column":8},"end":{"line":80,"column":8}},{"start":{"line":80,"column":8},"end":{"line":80,"column":8}}]},"6":{"line":91,"type":"if","locations":[{"start":{"line":91,"column":8},"end":{"line":91,"column":8}},{"start":{"line":91,"column":8},"end":{"line":91,"column":8}}]},"7":{"line":92,"type":"if","locations":[{"start":{"line":92,"column":8},"end":{"line":92,"column":8}},{"start":{"line":92,"column":8},"end":{"line":92,"column":8}}]}}},"contracts\\libraries\\CallbackValidation.sol":{"l":{"19":123,"31":426,"32":426},"path":"C:\\Users\\Vladislav Volosnikov\\Desktop\\Algebra\\Algebra\\src\\periphery\\contracts\\libraries\\CallbackValidation.sol","s":{"1":123,"2":426,"3":426},"b":{"1":[425,1]},"f":{"1":123,"2":426},"fnMap":{"1":{"name":"verifyCallback","line":14,"loc":{"start":{"line":14,"column":4},"end":{"line":20,"column":4}}},"2":{"name":"verifyCallback","line":26,"loc":{"start":{"line":26,"column":4},"end":{"line":33,"column":4}}}},"statementMap":{"1":{"start":{"line":19,"column":8},"end":{"line":19,"column":78}},"2":{"start":{"line":31,"column":8},"end":{"line":31,"column":72}},"3":{"start":{"line":32,"column":8},"end":{"line":32,"column":43}}},"branchMap":{"1":{"line":32,"type":"if","locations":[{"start":{"line":32,"column":8},"end":{"line":32,"column":8}},{"start":{"line":32,"column":8},"end":{"line":32,"column":8}}]}}},"contracts\\libraries\\ChainId.sol":{"l":{"9":12},"path":"C:\\Users\\Vladislav Volosnikov\\Desktop\\Algebra\\Algebra\\src\\periphery\\contracts\\libraries\\ChainId.sol","s":{},"b":{},"f":{"1":12},"fnMap":{"1":{"name":"get","line":8,"loc":{"start":{"line":8,"column":4},"end":{"line":12,"column":4}}}},"statementMap":{},"branchMap":{}},"contracts\\libraries\\DataStorageLibrary.sol":{"l":{"18":7,"20":6,"21":6,"22":6,"24":6,"25":6,"27":6,"30":6,"45":6,"48":6,"49":4,"50":4,"54":2,"55":2},"path":"C:\\Users\\Vladislav Volosnikov\\Desktop\\Algebra\\Algebra\\src\\periphery\\contracts\\libraries\\DataStorageLibrary.sol","s":{"1":7,"2":6,"3":6,"4":6,"5":6,"6":6,"7":6,"8":6,"9":6,"10":6,"11":4,"12":4,"13":2,"14":2},"b":{"1":[6,1],"2":[3,3],"3":[4,2]},"f":{"1":7,"2":6},"fnMap":{"1":{"name":"consult","line":17,"loc":{"start":{"line":17,"column":4},"end":{"line":31,"column":4}}},"2":{"name":"getQuoteAtTick","line":39,"loc":{"start":{"line":39,"column":4},"end":{"line":59,"column":4}}}},"statementMap":{"1":{"start":{"line":18,"column":8},"end":{"line":18,"column":33}},"2":{"start":{"line":20,"column":8},"end":{"line":20,"column":52}},"3":{"start":{"line":21,"column":8},"end":{"line":21,"column":29}},"4":{"start":{"line":22,"column":8},"end":{"line":22,"column":24}},"5":{"start":{"line":24,"column":8},"end":{"line":24,"column":93}},"6":{"start":{"line":25,"column":8},"end":{"line":25,"column":76}},"7":{"start":{"line":27,"column":8},"end":{"line":27,"column":69}},"8":{"start":{"line":30,"column":8},"end":{"line":30,"column":103}},"9":{"start":{"line":45,"column":8},"end":{"line":45,"column":64}},"10":{"start":{"line":48,"column":8},"end":{"line":48,"column":2407}},"11":{"start":{"line":49,"column":12},"end":{"line":49,"column":68}},"12":{"start":{"line":50,"column":12},"end":{"line":50,"column":2589}},"13":{"start":{"line":54,"column":12},"end":{"line":54,"column":84}},"14":{"start":{"line":55,"column":12},"end":{"line":55,"column":2881}}},"branchMap":{"1":{"line":18,"type":"if","locations":[{"start":{"line":18,"column":8},"end":{"line":18,"column":8}},{"start":{"line":18,"column":8},"end":{"line":18,"column":8}}]},"2":{"line":30,"type":"if","locations":[{"start":{"line":30,"column":8},"end":{"line":30,"column":8}},{"start":{"line":30,"column":8},"end":{"line":30,"column":8}}]},"3":{"line":48,"type":"if","locations":[{"start":{"line":48,"column":8},"end":{"line":48,"column":8}},{"start":{"line":48,"column":8},"end":{"line":48,"column":8}}]}}},"contracts\\libraries\\HexStrings.sol":{"l":{"10":56,"11":56,"12":56,"13":56,"14":2240,"15":2240,"17":56,"18":56,"22":52,"23":52,"24":312,"25":312,"27":52},"path":"C:\\Users\\Vladislav Volosnikov\\Desktop\\Algebra\\Algebra\\src\\periphery\\contracts\\libraries\\HexStrings.sol","s":{"1":56,"2":56,"3":56,"4":56,"5":2240,"6":2240,"7":56,"8":56,"9":52,"10":52,"11":312,"12":312,"13":52},"b":{"1":[56,0]},"f":{"1":56,"2":52},"fnMap":{"1":{"name":"toHexString","line":9,"loc":{"start":{"line":9,"column":4},"end":{"line":19,"column":4}}},"2":{"name":"toHexStringNoPrefix","line":21,"loc":{"start":{"line":21,"column":4},"end":{"line":28,"column":4}}}},"statementMap":{"1":{"start":{"line":10,"column":8},"end":{"line":10,"column":55}},"2":{"start":{"line":11,"column":8},"end":{"line":11,"column":22}},"3":{"start":{"line":12,"column":8},"end":{"line":12,"column":22}},"4":{"start":{"line":13,"column":8},"end":{"line":13,"column":665}},"5":{"start":{"line":14,"column":12},"end":{"line":14,"column":44}},"6":{"start":{"line":15,"column":12},"end":{"line":15,"column":22}},"7":{"start":{"line":17,"column":8},"end":{"line":17,"column":62}},"8":{"start":{"line":18,"column":8},"end":{"line":18,"column":29}},"9":{"start":{"line":22,"column":8},"end":{"line":22,"column":51}},"10":{"start":{"line":23,"column":8},"end":{"line":23,"column":1072}},"11":{"start":{"line":24,"column":12},"end":{"line":24,"column":48}},"12":{"start":{"line":25,"column":12},"end":{"line":25,"column":22}},"13":{"start":{"line":27,"column":8},"end":{"line":27,"column":29}}},"branchMap":{"1":{"line":17,"type":"if","locations":[{"start":{"line":17,"column":8},"end":{"line":17,"column":8}},{"start":{"line":17,"column":8},"end":{"line":17,"column":8}}]}}},"contracts\\libraries\\LiquidityAmounts.sol":{"l":{"14":598,"28":297,"29":297,"30":297,"44":301,"45":301,"63":308,"65":308,"66":7,"68":290,"69":290,"71":290,"73":11,"87":3,"89":3,"104":3,"106":3,"123":5,"125":5,"126":2,"128":1,"129":1,"131":2},"path":"C:\\Users\\Vladislav Volosnikov\\Desktop\\Algebra\\Algebra\\src\\periphery\\contracts\\libraries\\LiquidityAmounts.sol","s":{"1":598,"2":297,"3":0,"4":297,"5":297,"6":301,"7":0,"8":301,"9":308,"10":0,"11":308,"12":7,"13":301,"14":290,"15":290,"16":290,"17":11,"18":3,"19":0,"20":3,"21":3,"22":0,"23":3,"24":5,"25":0,"26":5,"27":2,"28":3,"29":1,"30":1,"31":2},"b":{"1":[598,0],"2":[0,297],"3":[0,301],"4":[0,308],"5":[7,301],"6":[290,11],"7":[0,3],"8":[0,3],"9":[0,5],"10":[2,3],"11":[1,2]},"f":{"1":598,"2":297,"3":301,"4":308,"5":3,"6":3,"7":5},"fnMap":{"1":{"name":"toUint128","line":13,"loc":{"start":{"line":13,"column":4},"end":{"line":15,"column":4}}},"2":{"name":"getLiquidityForAmount0","line":23,"loc":{"start":{"line":23,"column":4},"end":{"line":31,"column":4}}},"3":{"name":"getLiquidityForAmount1","line":39,"loc":{"start":{"line":39,"column":4},"end":{"line":46,"column":4}}},"4":{"name":"getLiquidityForAmounts","line":56,"loc":{"start":{"line":56,"column":4},"end":{"line":75,"column":4}}},"5":{"name":"getAmount0ForLiquidity","line":82,"loc":{"start":{"line":82,"column":4},"end":{"line":92,"column":4}}},"6":{"name":"getAmount1ForLiquidity","line":99,"loc":{"start":{"line":99,"column":4},"end":{"line":107,"column":4}}},"7":{"name":"getAmountsForLiquidity","line":117,"loc":{"start":{"line":117,"column":4},"end":{"line":133,"column":4}}}},"statementMap":{"1":{"start":{"line":14,"column":8},"end":{"line":14,"column":37}},"2":{"start":{"line":28,"column":8},"end":{"line":28,"column":106}},"3":{"start":{"line":28,"column":43},"end":{"line":28,"column":105}},"4":{"start":{"line":29,"column":8},"end":{"line":29,"column":91}},"5":{"start":{"line":30,"column":8},"end":{"line":30,"column":95}},"6":{"start":{"line":44,"column":8},"end":{"line":44,"column":106}},"7":{"start":{"line":44,"column":43},"end":{"line":44,"column":105}},"8":{"start":{"line":45,"column":8},"end":{"line":45,"column":96}},"9":{"start":{"line":63,"column":8},"end":{"line":63,"column":106}},"10":{"start":{"line":63,"column":43},"end":{"line":63,"column":105}},"11":{"start":{"line":65,"column":8},"end":{"line":65,"column":3369}},"12":{"start":{"line":66,"column":12},"end":{"line":66,"column":84}},"13":{"start":{"line":67,"column":15},"end":{"line":67,"column":3510}},"14":{"start":{"line":68,"column":12},"end":{"line":68,"column":93}},"15":{"start":{"line":69,"column":12},"end":{"line":69,"column":93}},"16":{"start":{"line":71,"column":12},"end":{"line":71,"column":72}},"17":{"start":{"line":73,"column":12},"end":{"line":73,"column":84}},"18":{"start":{"line":87,"column":8},"end":{"line":87,"column":106}},"19":{"start":{"line":87,"column":43},"end":{"line":87,"column":105}},"20":{"start":{"line":89,"column":8},"end":{"line":89,"column":4614}},"21":{"start":{"line":104,"column":8},"end":{"line":104,"column":106}},"22":{"start":{"line":104,"column":43},"end":{"line":104,"column":105}},"23":{"start":{"line":106,"column":8},"end":{"line":106,"column":87}},"24":{"start":{"line":123,"column":8},"end":{"line":123,"column":106}},"25":{"start":{"line":123,"column":43},"end":{"line":123,"column":105}},"26":{"start":{"line":125,"column":8},"end":{"line":125,"column":6396}},"27":{"start":{"line":126,"column":12},"end":{"line":126,"column":84}},"28":{"start":{"line":127,"column":15},"end":{"line":127,"column":6537}},"29":{"start":{"line":128,"column":12},"end":{"line":128,"column":83}},"30":{"start":{"line":129,"column":12},"end":{"line":129,"column":83}},"31":{"start":{"line":131,"column":12},"end":{"line":131,"column":84}}},"branchMap":{"1":{"line":14,"type":"if","locations":[{"start":{"line":14,"column":8},"end":{"line":14,"column":8}},{"start":{"line":14,"column":8},"end":{"line":14,"column":8}}]},"2":{"line":28,"type":"if","locations":[{"start":{"line":28,"column":8},"end":{"line":28,"column":8}},{"start":{"line":28,"column":8},"end":{"line":28,"column":8}}]},"3":{"line":44,"type":"if","locations":[{"start":{"line":44,"column":8},"end":{"line":44,"column":8}},{"start":{"line":44,"column":8},"end":{"line":44,"column":8}}]},"4":{"line":63,"type":"if","locations":[{"start":{"line":63,"column":8},"end":{"line":63,"column":8}},{"start":{"line":63,"column":8},"end":{"line":63,"column":8}}]},"5":{"line":65,"type":"if","locations":[{"start":{"line":65,"column":8},"end":{"line":65,"column":8}},{"start":{"line":65,"column":8},"end":{"line":65,"column":8}}]},"6":{"line":67,"type":"if","locations":[{"start":{"line":67,"column":15},"end":{"line":67,"column":15}},{"start":{"line":67,"column":15},"end":{"line":67,"column":15}}]},"7":{"line":87,"type":"if","locations":[{"start":{"line":87,"column":8},"end":{"line":87,"column":8}},{"start":{"line":87,"column":8},"end":{"line":87,"column":8}}]},"8":{"line":104,"type":"if","locations":[{"start":{"line":104,"column":8},"end":{"line":104,"column":8}},{"start":{"line":104,"column":8},"end":{"line":104,"column":8}}]},"9":{"line":123,"type":"if","locations":[{"start":{"line":123,"column":8},"end":{"line":123,"column":8}},{"start":{"line":123,"column":8},"end":{"line":123,"column":8}}]},"10":{"line":125,"type":"if","locations":[{"start":{"line":125,"column":8},"end":{"line":125,"column":8}},{"start":{"line":125,"column":8},"end":{"line":125,"column":8}}]},"11":{"line":127,"type":"if","locations":[{"start":{"line":127,"column":15},"end":{"line":127,"column":15}},{"start":{"line":127,"column":15},"end":{"line":127,"column":15}}]}}},"contracts\\libraries\\NFTDescriptor.sol":{"l":{"43":10,"44":10,"49":10,"55":10,"57":10,"81":50,"82":50,"83":50,"84":262,"85":6,"88":50,"89":2,"90":2,"91":2,"92":16,"93":6,"95":16,"97":2,"99":48,"107":10,"130":10,"148":10,"195":73,"196":73,"197":15,"199":73,"200":39,"201":39,"205":73,"206":548,"209":73,"210":316,"211":20,"213":316,"214":316,"216":73,"226":35,"227":9,"229":9,"231":17,"232":17,"233":8,"235":17,"240":58,"241":58,"242":45,"244":58,"245":58,"246":58,"247":28,"250":58,"251":3,"252":3,"254":58,"262":58,"263":58,"264":25,"265":11,"266":11,"267":5,"270":14,"271":14,"272":9,"276":33,"281":58,"291":58,"292":58,"294":58,"295":58,"297":33,"300":25,"304":58,"305":58,"306":58,"307":1314,"308":1314,"311":58,"314":58,"315":58,"316":3,"319":58,"320":58,"322":33,"323":33,"324":33,"325":33,"328":8,"329":8,"330":8,"331":8,"334":17,"335":17,"336":17,"338":58,"339":58,"340":58,"342":58,"348":16,"349":1,"351":15,"352":15,"353":15,"354":15,"355":74,"357":11,"359":15,"361":74,"362":74,"365":15,"366":15,"367":15,"369":9,"370":9,"371":9,"372":9,"373":9,"374":9,"377":6,"378":6,"379":6,"380":6,"381":6,"382":6,"384":15,"385":15,"386":15,"388":15,"392":56,"396":12,"419":12,"427":12,"428":1,"430":0,"432":11,"443":72,"447":52,"455":72,"459":72},"path":"C:\\Users\\Vladislav Volosnikov\\Desktop\\Algebra\\Algebra\\src\\periphery\\contracts\\libraries\\NFTDescriptor.sol","s":{"1":10,"2":10,"3":10,"4":10,"5":10,"6":50,"7":50,"8":50,"9":262,"10":50,"11":2,"12":2,"13":2,"14":16,"15":6,"16":16,"17":2,"18":48,"19":10,"20":10,"21":10,"22":73,"23":73,"24":15,"25":73,"26":39,"27":39,"28":73,"29":548,"30":73,"31":316,"32":20,"33":316,"34":316,"35":73,"36":35,"37":9,"38":26,"39":9,"40":17,"41":17,"42":8,"43":17,"44":58,"45":58,"46":45,"47":58,"48":58,"49":58,"50":28,"51":58,"52":3,"53":3,"54":58,"55":58,"56":58,"57":25,"58":11,"59":11,"60":5,"61":14,"62":14,"63":9,"64":33,"65":58,"66":58,"67":58,"68":58,"69":58,"70":33,"71":25,"72":58,"73":58,"74":58,"75":1314,"76":58,"77":58,"78":58,"79":58,"80":58,"81":33,"82":33,"83":33,"84":33,"85":25,"86":8,"87":8,"88":8,"89":8,"90":17,"91":17,"92":17,"93":58,"94":58,"95":58,"96":58,"97":16,"98":1,"99":15,"100":15,"101":15,"102":15,"103":74,"104":63,"105":74,"106":15,"107":15,"108":15,"109":9,"110":9,"111":9,"112":9,"113":9,"114":9,"115":6,"116":6,"117":6,"118":6,"119":6,"120":6,"121":15,"122":15,"123":15,"124":15,"125":56,"126":12,"127":12,"128":12,"129":1,"130":11,"131":0,"132":11,"133":72,"134":52,"135":72,"136":72},"b":{"1":[6,256],"2":[2,48],"3":[6,10],"4":[15,58],"5":[39,34],"6":[20,296],"7":[9,26],"8":[9,17],"9":[8,9],"10":[45,13],"11":[28,30],"12":[3,55],"13":[25,33],"14":[11,14],"15":[5,6],"16":[9,5],"17":[33,25],"18":[3,55],"19":[33,25],"20":[8,17],"21":[1,15],"22":[11,63],"23":[15,48],"24":[9,6],"25":[1,11],"26":[0,11]},"f":{"1":10,"2":50,"3":10,"4":10,"5":10,"6":73,"7":35,"8":58,"9":58,"10":58,"11":58,"12":16,"13":56,"14":12,"15":12,"16":72,"17":52,"18":72,"19":72},"fnMap":{"1":{"name":"constructTokenURI","line":42,"loc":{"start":{"line":42,"column":4},"end":{"line":78,"column":4}}},"2":{"name":"escapeQuotes","line":80,"loc":{"start":{"line":80,"column":4},"end":{"line":100,"column":4}}},"3":{"name":"generateDescriptionPartOne","line":102,"loc":{"start":{"line":102,"column":4},"end":{"line":122,"column":4}}},"4":{"name":"generateDescriptionPartTwo","line":124,"loc":{"start":{"line":124,"column":4},"end":{"line":145,"column":4}}},"5":{"name":"generateName","line":147,"loc":{"start":{"line":147,"column":4},"end":{"line":173,"column":4}}},"6":{"name":"generateDecimalString","line":194,"loc":{"start":{"line":194,"column":4},"end":{"line":217,"column":4}}},"7":{"name":"tickToDecimalString","line":219,"loc":{"start":{"line":219,"column":4},"end":{"line":237,"column":4}}},"8":{"name":"sigfigsRounded","line":239,"loc":{"start":{"line":239,"column":4},"end":{"line":255,"column":4}}},"9":{"name":"adjustForDecimalPrecision","line":257,"loc":{"start":{"line":257,"column":4},"end":{"line":278,"column":4}}},"10":{"name":"abs","line":280,"loc":{"start":{"line":280,"column":4},"end":{"line":282,"column":4}}},"11":{"name":"fixedPointToDecimalString","line":286,"loc":{"start":{"line":286,"column":4},"end":{"line":343,"column":4}}},"12":{"name":"feeToPercentString","line":347,"loc":{"start":{"line":347,"column":4},"end":{"line":389,"column":4}}},"13":{"name":"addressToString","line":391,"loc":{"start":{"line":391,"column":4},"end":{"line":393,"column":4}}},"14":{"name":"generateSVGImage","line":395,"loc":{"start":{"line":395,"column":4},"end":{"line":420,"column":4}}},"15":{"name":"overRange","line":422,"loc":{"start":{"line":422,"column":4},"end":{"line":434,"column":4}}},"16":{"name":"scale","line":436,"loc":{"start":{"line":436,"column":4},"end":{"line":444,"column":4}}},"17":{"name":"tokenToColorHex","line":446,"loc":{"start":{"line":446,"column":4},"end":{"line":448,"column":4}}},"18":{"name":"getCircleCoord","line":450,"loc":{"start":{"line":450,"column":4},"end":{"line":456,"column":4}}},"19":{"name":"sliceTokenHex","line":458,"loc":{"start":{"line":458,"column":4},"end":{"line":460,"column":4}}}},"statementMap":{"1":{"start":{"line":43,"column":8},"end":{"line":43,"column":49}},"2":{"start":{"line":44,"column":8},"end":{"line":44,"column":1469}},"3":{"start":{"line":49,"column":8},"end":{"line":49,"column":1705}},"4":{"start":{"line":55,"column":8},"end":{"line":55,"column":76}},"5":{"start":{"line":57,"column":8},"end":{"line":57,"column":2075}},"6":{"start":{"line":81,"column":8},"end":{"line":81,"column":48}},"7":{"start":{"line":82,"column":8},"end":{"line":82,"column":29}},"8":{"start":{"line":83,"column":8},"end":{"line":83,"column":3045}},"9":{"start":{"line":84,"column":12},"end":{"line":84,"column":3111}},"10":{"start":{"line":88,"column":8},"end":{"line":88,"column":3203}},"11":{"start":{"line":89,"column":12},"end":{"line":89,"column":85}},"12":{"start":{"line":90,"column":12},"end":{"line":90,"column":25}},"13":{"start":{"line":91,"column":12},"end":{"line":91,"column":3359}},"14":{"start":{"line":92,"column":16},"end":{"line":92,"column":3429}},"15":{"start":{"line":93,"column":20},"end":{"line":93,"column":47}},"16":{"start":{"line":95,"column":16},"end":{"line":95,"column":53}},"17":{"start":{"line":97,"column":12},"end":{"line":97,"column":39}},"18":{"start":{"line":99,"column":8},"end":{"line":99,"column":21}},"19":{"start":{"line":107,"column":8},"end":{"line":107,"column":3896}},"20":{"start":{"line":130,"column":8},"end":{"line":130,"column":4694}},"21":{"start":{"line":148,"column":8},"end":{"line":148,"column":5414}},"22":{"start":{"line":195,"column":8},"end":{"line":195,"column":60}},"23":{"start":{"line":196,"column":8},"end":{"line":196,"column":7360}},"24":{"start":{"line":197,"column":12},"end":{"line":197,"column":42}},"25":{"start":{"line":199,"column":8},"end":{"line":199,"column":7450}},"26":{"start":{"line":200,"column":12},"end":{"line":200,"column":26}},"27":{"start":{"line":201,"column":12},"end":{"line":201,"column":26}},"28":{"start":{"line":205,"column":8},"end":{"line":205,"column":7597}},"29":{"start":{"line":206,"column":12},"end":{"line":206,"column":50}},"30":{"start":{"line":209,"column":8},"end":{"line":209,"column":7806}},"31":{"start":{"line":210,"column":12},"end":{"line":210,"column":7852}},"32":{"start":{"line":211,"column":16},"end":{"line":211,"column":49}},"33":{"start":{"line":213,"column":12},"end":{"line":213,"column":93}},"34":{"start":{"line":214,"column":12},"end":{"line":214,"column":31}},"35":{"start":{"line":216,"column":8},"end":{"line":216,"column":29}},"36":{"start":{"line":226,"column":8},"end":{"line":226,"column":8409}},"37":{"start":{"line":227,"column":12},"end":{"line":227,"column":45}},"38":{"start":{"line":228,"column":15},"end":{"line":228,"column":8536}},"39":{"start":{"line":229,"column":12},"end":{"line":229,"column":45}},"40":{"start":{"line":231,"column":12},"end":{"line":231,"column":68}},"41":{"start":{"line":232,"column":12},"end":{"line":232,"column":8753}},"42":{"start":{"line":233,"column":16},"end":{"line":233,"column":74}},"43":{"start":{"line":235,"column":12},"end":{"line":235,"column":97}},"44":{"start":{"line":240,"column":8},"end":{"line":240,"column":23}},"45":{"start":{"line":241,"column":8},"end":{"line":241,"column":9111}},"46":{"start":{"line":242,"column":12},"end":{"line":242,"column":48}},"47":{"start":{"line":244,"column":8},"end":{"line":244,"column":37}},"48":{"start":{"line":245,"column":8},"end":{"line":245,"column":28}},"49":{"start":{"line":246,"column":8},"end":{"line":246,"column":9273}},"50":{"start":{"line":247,"column":12},"end":{"line":247,"column":28}},"51":{"start":{"line":250,"column":8},"end":{"line":250,"column":9390}},"52":{"start":{"line":251,"column":12},"end":{"line":251,"column":22}},"53":{"start":{"line":252,"column":12},"end":{"line":252,"column":28}},"54":{"start":{"line":254,"column":8},"end":{"line":254,"column":34}},"55":{"start":{"line":262,"column":8},"end":{"line":262,"column":91}},"56":{"start":{"line":263,"column":8},"end":{"line":263,"column":9832}},"57":{"start":{"line":264,"column":12},"end":{"line":264,"column":9891}},"58":{"start":{"line":265,"column":16},"end":{"line":265,"column":79}},"59":{"start":{"line":266,"column":16},"end":{"line":266,"column":10041}},"60":{"start":{"line":267,"column":20},"end":{"line":267,"column":101}},"61":{"start":{"line":270,"column":16},"end":{"line":270,"column":79}},"62":{"start":{"line":271,"column":16},"end":{"line":271,"column":10314}},"63":{"start":{"line":272,"column":20},"end":{"line":272,"column":101}},"64":{"start":{"line":276,"column":12},"end":{"line":276,"column":55}},"65":{"start":{"line":281,"column":8},"end":{"line":281,"column":39}},"66":{"start":{"line":291,"column":8},"end":{"line":291,"column":117}},"67":{"start":{"line":292,"column":8},"end":{"line":292,"column":92}},"68":{"start":{"line":294,"column":8},"end":{"line":294,"column":55}},"69":{"start":{"line":295,"column":8},"end":{"line":295,"column":11286}},"70":{"start":{"line":297,"column":12},"end":{"line":297,"column":59}},"71":{"start":{"line":300,"column":12},"end":{"line":300,"column":58}},"72":{"start":{"line":304,"column":8},"end":{"line":304,"column":28}},"73":{"start":{"line":305,"column":8},"end":{"line":305,"column":20}},"74":{"start":{"line":306,"column":8},"end":{"line":306,"column":11739}},"75":{"start":{"line":308,"column":12},"end":{"line":308,"column":21}},"76":{"start":{"line":311,"column":8},"end":{"line":311,"column":26}},"77":{"start":{"line":314,"column":8},"end":{"line":314,"column":74}},"78":{"start":{"line":315,"column":8},"end":{"line":315,"column":12019}},"79":{"start":{"line":319,"column":8},"end":{"line":319,"column":41}},"80":{"start":{"line":320,"column":8},"end":{"line":320,"column":12126}},"81":{"start":{"line":322,"column":12},"end":{"line":322,"column":75}},"82":{"start":{"line":323,"column":12},"end":{"line":323,"column":37}},"83":{"start":{"line":324,"column":12},"end":{"line":324,"column":71}},"84":{"start":{"line":325,"column":12},"end":{"line":325,"column":65}},"85":{"start":{"line":326,"column":15},"end":{"line":326,"column":12491}},"86":{"start":{"line":328,"column":12},"end":{"line":328,"column":53}},"87":{"start":{"line":329,"column":12},"end":{"line":329,"column":37}},"88":{"start":{"line":330,"column":12},"end":{"line":330,"column":67}},"89":{"start":{"line":331,"column":12},"end":{"line":331,"column":33}},"90":{"start":{"line":334,"column":12},"end":{"line":334,"column":34}},"91":{"start":{"line":335,"column":12},"end":{"line":335,"column":33}},"92":{"start":{"line":336,"column":12},"end":{"line":336,"column":60}},"93":{"start":{"line":338,"column":8},"end":{"line":338,"column":31}},"94":{"start":{"line":339,"column":8},"end":{"line":339,"column":41}},"95":{"start":{"line":340,"column":8},"end":{"line":340,"column":31}},"96":{"start":{"line":342,"column":8},"end":{"line":342,"column":44}},"97":{"start":{"line":348,"column":8},"end":{"line":348,"column":13335}},"98":{"start":{"line":349,"column":12},"end":{"line":349,"column":23}},"99":{"start":{"line":351,"column":8},"end":{"line":351,"column":25}},"100":{"start":{"line":352,"column":8},"end":{"line":352,"column":22}},"101":{"start":{"line":353,"column":8},"end":{"line":353,"column":24}},"102":{"start":{"line":354,"column":8},"end":{"line":354,"column":13477}},"103":{"start":{"line":355,"column":12},"end":{"line":355,"column":13514}},"104":{"start":{"line":358,"column":19},"end":{"line":358,"column":13659}},"105":{"start":{"line":362,"column":12},"end":{"line":362,"column":21}},"106":{"start":{"line":365,"column":8},"end":{"line":365,"column":41}},"107":{"start":{"line":366,"column":8},"end":{"line":366,"column":22}},"108":{"start":{"line":367,"column":8},"end":{"line":367,"column":13862}},"109":{"start":{"line":369,"column":12},"end":{"line":369,"column":70}},"110":{"start":{"line":370,"column":12},"end":{"line":370,"column":98}},"111":{"start":{"line":371,"column":12},"end":{"line":371,"column":46}},"112":{"start":{"line":372,"column":12},"end":{"line":372,"column":82}},"113":{"start":{"line":373,"column":12},"end":{"line":373,"column":86}},"114":{"start":{"line":374,"column":12},"end":{"line":374,"column":87}},"115":{"start":{"line":377,"column":12},"end":{"line":377,"column":42}},"116":{"start":{"line":378,"column":12},"end":{"line":378,"column":37}},"117":{"start":{"line":379,"column":12},"end":{"line":379,"column":82}},"118":{"start":{"line":380,"column":12},"end":{"line":380,"column":69}},"119":{"start":{"line":381,"column":12},"end":{"line":381,"column":67}},"120":{"start":{"line":382,"column":12},"end":{"line":382,"column":38}},"121":{"start":{"line":384,"column":8},"end":{"line":384,"column":70}},"122":{"start":{"line":385,"column":8},"end":{"line":385,"column":30}},"123":{"start":{"line":386,"column":8},"end":{"line":386,"column":66}},"124":{"start":{"line":388,"column":8},"end":{"line":388,"column":44}},"125":{"start":{"line":392,"column":8},"end":{"line":392,"column":46}},"126":{"start":{"line":396,"column":8},"end":{"line":396,"column":15361}},"127":{"start":{"line":419,"column":8},"end":{"line":419,"column":44}},"128":{"start":{"line":427,"column":8},"end":{"line":427,"column":17161}},"129":{"start":{"line":428,"column":12},"end":{"line":428,"column":21}},"130":{"start":{"line":429,"column":15},"end":{"line":429,"column":17232}},"131":{"start":{"line":430,"column":12},"end":{"line":430,"column":20}},"132":{"start":{"line":432,"column":12},"end":{"line":432,"column":20}},"133":{"start":{"line":443,"column":8},"end":{"line":443,"column":92}},"134":{"start":{"line":447,"column":8},"end":{"line":447,"column":63}},"135":{"start":{"line":455,"column":8},"end":{"line":455,"column":68}},"136":{"start":{"line":459,"column":8},"end":{"line":459,"column":46}}},"branchMap":{"1":{"line":84,"type":"if","locations":[{"start":{"line":84,"column":12},"end":{"line":84,"column":12}},{"start":{"line":84,"column":12},"end":{"line":84,"column":12}}]},"2":{"line":88,"type":"if","locations":[{"start":{"line":88,"column":8},"end":{"line":88,"column":8}},{"start":{"line":88,"column":8},"end":{"line":88,"column":8}}]},"3":{"line":92,"type":"if","locations":[{"start":{"line":92,"column":16},"end":{"line":92,"column":16}},{"start":{"line":92,"column":16},"end":{"line":92,"column":16}}]},"4":{"line":196,"type":"if","locations":[{"start":{"line":196,"column":8},"end":{"line":196,"column":8}},{"start":{"line":196,"column":8},"end":{"line":196,"column":8}}]},"5":{"line":199,"type":"if","locations":[{"start":{"line":199,"column":8},"end":{"line":199,"column":8}},{"start":{"line":199,"column":8},"end":{"line":199,"column":8}}]},"6":{"line":210,"type":"if","locations":[{"start":{"line":210,"column":12},"end":{"line":210,"column":12}},{"start":{"line":210,"column":12},"end":{"line":210,"column":12}}]},"7":{"line":226,"type":"if","locations":[{"start":{"line":226,"column":8},"end":{"line":226,"column":8}},{"start":{"line":226,"column":8},"end":{"line":226,"column":8}}]},"8":{"line":228,"type":"if","locations":[{"start":{"line":228,"column":15},"end":{"line":228,"column":15}},{"start":{"line":228,"column":15},"end":{"line":228,"column":15}}]},"9":{"line":232,"type":"if","locations":[{"start":{"line":232,"column":12},"end":{"line":232,"column":12}},{"start":{"line":232,"column":12},"end":{"line":232,"column":12}}]},"10":{"line":241,"type":"if","locations":[{"start":{"line":241,"column":8},"end":{"line":241,"column":8}},{"start":{"line":241,"column":8},"end":{"line":241,"column":8}}]},"11":{"line":246,"type":"if","locations":[{"start":{"line":246,"column":8},"end":{"line":246,"column":8}},{"start":{"line":246,"column":8},"end":{"line":246,"column":8}}]},"12":{"line":250,"type":"if","locations":[{"start":{"line":250,"column":8},"end":{"line":250,"column":8}},{"start":{"line":250,"column":8},"end":{"line":250,"column":8}}]},"13":{"line":263,"type":"if","locations":[{"start":{"line":263,"column":8},"end":{"line":263,"column":8}},{"start":{"line":263,"column":8},"end":{"line":263,"column":8}}]},"14":{"line":264,"type":"if","locations":[{"start":{"line":264,"column":12},"end":{"line":264,"column":12}},{"start":{"line":264,"column":12},"end":{"line":264,"column":12}}]},"15":{"line":266,"type":"if","locations":[{"start":{"line":266,"column":16},"end":{"line":266,"column":16}},{"start":{"line":266,"column":16},"end":{"line":266,"column":16}}]},"16":{"line":271,"type":"if","locations":[{"start":{"line":271,"column":16},"end":{"line":271,"column":16}},{"start":{"line":271,"column":16},"end":{"line":271,"column":16}}]},"17":{"line":295,"type":"if","locations":[{"start":{"line":295,"column":8},"end":{"line":295,"column":8}},{"start":{"line":295,"column":8},"end":{"line":295,"column":8}}]},"18":{"line":315,"type":"if","locations":[{"start":{"line":315,"column":8},"end":{"line":315,"column":8}},{"start":{"line":315,"column":8},"end":{"line":315,"column":8}}]},"19":{"line":320,"type":"if","locations":[{"start":{"line":320,"column":8},"end":{"line":320,"column":8}},{"start":{"line":320,"column":8},"end":{"line":320,"column":8}}]},"20":{"line":326,"type":"if","locations":[{"start":{"line":326,"column":15},"end":{"line":326,"column":15}},{"start":{"line":326,"column":15},"end":{"line":326,"column":15}}]},"21":{"line":348,"type":"if","locations":[{"start":{"line":348,"column":8},"end":{"line":348,"column":8}},{"start":{"line":348,"column":8},"end":{"line":348,"column":8}}]},"22":{"line":355,"type":"if","locations":[{"start":{"line":355,"column":12},"end":{"line":355,"column":12}},{"start":{"line":355,"column":12},"end":{"line":355,"column":12}}]},"23":{"line":358,"type":"if","locations":[{"start":{"line":358,"column":19},"end":{"line":358,"column":19}},{"start":{"line":358,"column":19},"end":{"line":358,"column":19}}]},"24":{"line":367,"type":"if","locations":[{"start":{"line":367,"column":8},"end":{"line":367,"column":8}},{"start":{"line":367,"column":8},"end":{"line":367,"column":8}}]},"25":{"line":427,"type":"if","locations":[{"start":{"line":427,"column":8},"end":{"line":427,"column":8}},{"start":{"line":427,"column":8},"end":{"line":427,"column":8}}]},"26":{"line":429,"type":"if","locations":[{"start":{"line":429,"column":15},"end":{"line":429,"column":15}},{"start":{"line":429,"column":15},"end":{"line":429,"column":15}}]}}},"contracts\\libraries\\NFTSVG.sol":{"l":{"52":12,"76":12,"166":12,"198":12,"216":12,"217":12,"218":12,"246":12,"247":12,"248":2,"250":0,"252":1,"254":0,"256":2,"258":0,"260":0,"262":7,"267":12,"268":12,"269":12,"270":12,"271":12,"272":1,"286":11,"308":12,"309":12,"310":12,"311":12,"312":12,"313":12,"314":12,"350":24,"351":24,"352":11,"353":11,"355":24,"359":23,"360":23,"361":1,"363":1,"365":1,"367":1,"369":1,"371":13,"373":1,"375":1,"377":1,"379":2,"384":12,"385":5,"395":7,"400":14,"401":14},"path":"C:\\Users\\Vladislav Volosnikov\\Desktop\\Algebra\\Algebra\\src\\periphery\\contracts\\libraries\\NFTSVG.sol","s":{"1":12,"2":12,"3":12,"4":12,"5":12,"6":12,"7":12,"8":12,"9":12,"10":2,"11":10,"12":0,"13":10,"14":1,"15":9,"16":0,"17":9,"18":2,"19":7,"20":0,"21":7,"22":0,"23":7,"24":12,"25":12,"26":12,"27":12,"28":12,"29":1,"30":11,"31":12,"32":12,"33":12,"34":12,"35":12,"36":12,"37":12,"38":24,"39":24,"40":11,"41":11,"42":24,"43":23,"44":23,"45":1,"46":22,"47":1,"48":21,"49":1,"50":20,"51":1,"52":19,"53":1,"54":18,"55":13,"56":5,"57":1,"58":4,"59":1,"60":3,"61":1,"62":2,"63":12,"64":5,"65":7,"66":14,"67":14},"b":{"1":[2,10],"2":[0,10],"3":[1,9],"4":[0,9],"5":[2,7],"6":[0,7],"7":[0,7],"8":[1,11],"9":[11,13],"10":[1,22],"11":[1,21],"12":[1,20],"13":[1,19],"14":[1,18],"15":[13,5],"16":[1,4],"17":[1,3],"18":[1,2],"19":[5,7]},"f":{"1":12,"2":12,"3":12,"4":12,"5":12,"6":12,"7":12,"8":12,"9":24,"10":23,"11":12,"12":14},"fnMap":{"1":{"name":"generateSVG","line":45,"loc":{"start":{"line":45,"column":4},"end":{"line":73,"column":4}}},"2":{"name":"generateSVGDefs","line":75,"loc":{"start":{"line":75,"column":4},"end":{"line":158,"column":4}}},"3":{"name":"generateSVGBorderText","line":160,"loc":{"start":{"line":160,"column":4},"end":{"line":191,"column":4}}},"4":{"name":"generateSVGCardMantle","line":193,"loc":{"start":{"line":193,"column":4},"end":{"line":208,"column":4}}},"5":{"name":"generageSvgCurve","line":210,"loc":{"start":{"line":210,"column":4},"end":{"line":239,"column":4}}},"6":{"name":"getCurve","line":241,"loc":{"start":{"line":241,"column":4},"end":{"line":264,"column":4}}},"7":{"name":"generateSVGCurveCircle","line":266,"loc":{"start":{"line":266,"column":4},"end":{"line":301,"column":4}}},"8":{"name":"generateSVGPositionDataAndLocationCurve","line":303,"loc":{"start":{"line":303,"column":4},"end":{"line":347,"column":4}}},"9":{"name":"tickToString","line":349,"loc":{"start":{"line":349,"column":4},"end":{"line":356,"column":4}}},"10":{"name":"rangeLocation","line":358,"loc":{"start":{"line":358,"column":4},"end":{"line":381,"column":4}}},"11":{"name":"generateSVGRareSparkle","line":383,"loc":{"start":{"line":383,"column":4},"end":{"line":397,"column":4}}},"12":{"name":"isRare","line":399,"loc":{"start":{"line":399,"column":4},"end":{"line":402,"column":4}}}},"statementMap":{"1":{"start":{"line":52,"column":8},"end":{"line":52,"column":1852}},"2":{"start":{"line":76,"column":8},"end":{"line":76,"column":2900}},"3":{"start":{"line":166,"column":8},"end":{"line":166,"column":8472}},"4":{"start":{"line":198,"column":8},"end":{"line":198,"column":10376}},"5":{"start":{"line":216,"column":8},"end":{"line":216,"column":99}},"6":{"start":{"line":217,"column":8},"end":{"line":217,"column":73}},"7":{"start":{"line":218,"column":8},"end":{"line":218,"column":11316}},"8":{"start":{"line":246,"column":8},"end":{"line":246,"column":63}},"9":{"start":{"line":247,"column":8},"end":{"line":247,"column":12451}},"10":{"start":{"line":248,"column":12},"end":{"line":248,"column":25}},"11":{"start":{"line":249,"column":15},"end":{"line":249,"column":12518}},"12":{"start":{"line":250,"column":12},"end":{"line":250,"column":25}},"13":{"start":{"line":251,"column":15},"end":{"line":251,"column":12585}},"14":{"start":{"line":252,"column":12},"end":{"line":252,"column":25}},"15":{"start":{"line":253,"column":15},"end":{"line":253,"column":12653}},"16":{"start":{"line":254,"column":12},"end":{"line":254,"column":25}},"17":{"start":{"line":255,"column":15},"end":{"line":255,"column":12721}},"18":{"start":{"line":256,"column":12},"end":{"line":256,"column":25}},"19":{"start":{"line":257,"column":15},"end":{"line":257,"column":12789}},"20":{"start":{"line":258,"column":12},"end":{"line":258,"column":25}},"21":{"start":{"line":259,"column":15},"end":{"line":259,"column":12858}},"22":{"start":{"line":260,"column":12},"end":{"line":260,"column":25}},"23":{"start":{"line":262,"column":12},"end":{"line":262,"column":25}},"24":{"start":{"line":267,"column":8},"end":{"line":267,"column":36}},"25":{"start":{"line":268,"column":8},"end":{"line":268,"column":37}},"26":{"start":{"line":269,"column":8},"end":{"line":269,"column":37}},"27":{"start":{"line":270,"column":8},"end":{"line":270,"column":37}},"28":{"start":{"line":271,"column":8},"end":{"line":271,"column":13243}},"29":{"start":{"line":272,"column":12},"end"
[...]
12,"column":8},"end":{"line":312,"column":93}},"53":{"start":{"line":314,"column":8},"end":{"line":314,"column":62}},"54":{"start":{"line":316,"column":8},"end":{"line":316,"column":78}},"55":{"start":{"line":318,"column":8},"end":{"line":318,"column":91}},"56":{"start":{"line":320,"column":8},"end":{"line":320,"column":97}},"57":{"start":{"line":323,"column":8},"end":{"line":323,"column":12429}},"58":{"start":{"line":324,"column":12},"end":{"line":324,"column":63}},"59":{"start":{"line":325,"column":12},"end":{"line":325,"column":12544}},"60":{"start":{"line":329,"column":12},"end":{"line":329,"column":12761}},"61":{"start":{"line":336,"column":12},"end":{"line":336,"column":13027}},"62":{"start":{"line":344,"column":12},"end":{"line":344,"column":71}},"63":{"start":{"line":345,"column":12},"end":{"line":345,"column":71}},"64":{"start":{"line":349,"column":8},"end":{"line":349,"column":13520}},"65":{"start":{"line":355,"column":8},"end":{"line":355,"column":13808}},"66":{"start":{"line":365,"column":8},"end":{"line":365,"column":114}},"67":{"start":{"line":367,"column":8},"end":{"line":367,"column":79}},"68":{"start":{"line":372,"column":8},"end":{"line":372,"column":55}},"69":{"start":{"line":373,"column":8},"end":{"line":373,"column":112}},"70":{"start":{"line":375,"column":8},"end":{"line":375,"column":21}},"71":{"start":{"line":379,"column":8},"end":{"line":379,"column":51}},"72":{"start":{"line":384,"column":8},"end":{"line":384,"column":80}},"73":{"start":{"line":386,"column":8},"end":{"line":386,"column":43}},"74":{"start":{"line":391,"column":8},"end":{"line":391,"column":40}},"75":{"start":{"line":392,"column":8},"end":{"line":392,"column":52}}},"branchMap":{"1":{"line":96,"type":"if","locations":[{"start":{"line":96,"column":8},"end":{"line":96,"column":8}},{"start":{"line":96,"column":8},"end":{"line":96,"column":8}}]},"2":{"line":116,"type":"if","locations":[{"start":{"line":116,"column":8},"end":{"line":116,"column":8}},{"start":{"line":116,"column":8},"end":{"line":116,"column":8}}]},"3":{"line":179,"type":"if","locations":[{"start":{"line":179,"column":8},"end":{"line":179,"column":8}},{"start":{"line":179,"column":8},"end":{"line":179,"column":8}}]},"4":{"line":184,"type":"if","locations":[{"start":{"line":184,"column":8},"end":{"line":184,"column":8}},{"start":{"line":184,"column":8},"end":{"line":184,"column":8}}]},"5":{"line":259,"type":"if","locations":[{"start":{"line":259,"column":8},"end":{"line":259,"column":8}},{"start":{"line":259,"column":8},"end":{"line":259,"column":8}}]},"6":{"line":263,"type":"if","locations":[{"start":{"line":263,"column":8},"end":{"line":263,"column":8}},{"start":{"line":263,"column":8},"end":{"line":263,"column":8}}]},"7":{"line":269,"type":"if","locations":[{"start":{"line":269,"column":8},"end":{"line":269,"column":8}},{"start":{"line":269,"column":8},"end":{"line":269,"column":8}}]},"8":{"line":310,"type":"if","locations":[{"start":{"line":310,"column":8},"end":{"line":310,"column":8}},{"start":{"line":310,"column":8},"end":{"line":310,"column":8}}]},"9":{"line":323,"type":"if","locations":[{"start":{"line":323,"column":8},"end":{"line":323,"column":8}},{"start":{"line":323,"column":8},"end":{"line":323,"column":8}}]},"10":{"line":373,"type":"if","locations":[{"start":{"line":373,"column":8},"end":{"line":373,"column":8}},{"start":{"line":373,"column":8},"end":{"line":373,"column":8}}]},"11":{"line":384,"type":"if","locations":[{"start":{"line":384,"column":8},"end":{"line":384,"column":8}},{"start":{"line":384,"column":8},"end":{"line":384,"column":8}}]}}},"contracts\\NonfungibleTokenPositionDescriptor.sol":{"l":{"29":24,"39":4,"43":4,"50":4,"51":4,"52":4,"53":4,"55":4,"84":9,"88":25,"89":5,"91":20,"92":15,"93":2,"95":1,"97":4,"99":1,"101":4,"103":3,"106":5},"path":"C:\\Users\\Vladislav Volosnikov\\Desktop\\Algebra\\Algebra\\src\\periphery\\contracts\\NonfungibleTokenPositionDescriptor.sol","s":{"1":24,"2":4,"3":4,"4":4,"5":4,"6":4,"7":4,"8":4,"9":9,"10":25,"11":5,"12":20,"13":15,"14":2,"15":13,"16":1,"17":12,"18":4,"19":8,"20":1,"21":7,"22":4,"23":3,"24":5},"b":{"1":[5,20],"2":[15,5],"3":[2,13],"4":[1,12],"5":[4,8],"6":[1,7],"7":[4,3]},"f":{"1":24,"2":4,"3":9,"4":25},"fnMap":{"1":{"name":"constructor","line":28,"loc":{"start":{"line":28,"column":4},"end":{"line":30,"column":4}}},"2":{"name":"tokenURI","line":33,"loc":{"start":{"line":33,"column":4},"end":{"line":77,"column":4}}},"3":{"name":"flipRatio","line":79,"loc":{"start":{"line":79,"column":4},"end":{"line":85,"column":4}}},"4":{"name":"tokenRatioPriority","line":87,"loc":{"start":{"line":87,"column":4},"end":{"line":107,"column":4}}}},"statementMap":{"1":{"start":{"line":29,"column":8},"end":{"line":29,"column":35}},"2":{"start":{"line":39,"column":8},"end":{"line":39,"column":1550}},"3":{"start":{"line":43,"column":8},"end":{"line":43,"column":1704}},"4":{"start":{"line":50,"column":8},"end":{"line":50,"column":66}},"5":{"start":{"line":51,"column":8},"end":{"line":51,"column":65}},"6":{"start":{"line":52,"column":8},"end":{"line":52,"column":64}},"7":{"start":{"line":53,"column":8},"end":{"line":53,"column":53}},"8":{"start":{"line":55,"column":8},"end":{"line":55,"column":2203}},"9":{"start":{"line":84,"column":8},"end":{"line":84,"column":88}},"10":{"start":{"line":88,"column":8},"end":{"line":88,"column":3654}},"11":{"start":{"line":89,"column":12},"end":{"line":89,"column":50}},"12":{"start":{"line":91,"column":8},"end":{"line":91,"column":3756}},"13":{"start":{"line":92,"column":12},"end":{"line":92,"column":3793}},"14":{"start":{"line":93,"column":16},"end":{"line":93,"column":57}},"15":{"start":{"line":94,"column":19},"end":{"line":94,"column":3894}},"16":{"start":{"line":95,"column":16},"end":{"line":95,"column":57}},"17":{"start":{"line":96,"column":19},"end":{"line":96,"column":3995}},"18":{"start":{"line":97,"column":16},"end":{"line":97,"column":52}},"19":{"start":{"line":98,"column":19},"end":{"line":98,"column":4090}},"20":{"start":{"line":99,"column":16},"end":{"line":99,"column":59}},"21":{"start":{"line":100,"column":19},"end":{"line":100,"column":4193}},"22":{"start":{"line":101,"column":16},"end":{"line":101,"column":59}},"23":{"start":{"line":103,"column":16},"end":{"line":103,"column":24}},"24":{"start":{"line":106,"column":8},"end":{"line":106,"column":16}}},"branchMap":{"1":{"line":88,"type":"if","locations":[{"start":{"line":88,"column":8},"end":{"line":88,"column":8}},{"start":{"line":88,"column":8},"end":{"line":88,"column":8}}]},"2":{"line":91,"type":"if","locations":[{"start":{"line":91,"column":8},"end":{"line":91,"column":8}},{"start":{"line":91,"column":8},"end":{"line":91,"column":8}}]},"3":{"line":92,"type":"if","locations":[{"start":{"line":92,"column":12},"end":{"line":92,"column":12}},{"start":{"line":92,"column":12},"end":{"line":92,"column":12}}]},"4":{"line":94,"type":"if","locations":[{"start":{"line":94,"column":19},"end":{"line":94,"column":19}},{"start":{"line":94,"column":19},"end":{"line":94,"column":19}}]},"5":{"line":96,"type":"if","locations":[{"start":{"line":96,"column":19},"end":{"line":96,"column":19}},{"start":{"line":96,"column":19},"end":{"line":96,"column":19}}]},"6":{"line":98,"type":"if","locations":[{"start":{"line":98,"column":19},"end":{"line":98,"column":19}},{"start":{"line":98,"column":19},"end":{"line":98,"column":19}}]},"7":{"line":100,"type":"if","locations":[{"start":{"line":100,"column":19},"end":{"line":100,"column":19}},{"start":{"line":100,"column":19},"end":{"line":100,"column":19}}]}}},"contracts\\SwapRouter.sol":{"l":{"48":77,"62":77,"63":77,"64":77,"65":77,"67":77,"70":77,"71":41,"74":36,"75":10,"76":10,"78":26,"79":26,"80":26,"92":41,"94":41,"96":41,"98":41,"108":41,"119":8,"125":8,"136":23,"138":23,"139":33,"142":33,"153":33,"154":10,"155":10,"157":23,"158":23,"162":23,"172":0,"176":0,"178":0,"180":0,"191":0,"193":0,"203":36,"205":36,"207":36,"209":36,"219":36,"220":36,"225":36,"237":8,"244":8,"245":4,"258":18,"265":18,"266":18,"267":9},"path":"C:\\Users\\Vladislav Volosnikov\\Desktop\\Algebra\\Algebra\\src\\periphery\\contracts\\SwapRouter.sol","s":{"1":77,"2":77,"3":77,"4":77,"5":77,"6":77,"7":77,"8":41,"9":36,"10":10,"11":10,"12":26,"13":26,"14":26,"15":41,"16":6,"17":41,"18":41,"19":41,"20":41,"21":8,"22":8,"23":23,"24":23,"25":33,"26":33,"27":33,"28":10,"29":10,"30":23,"31":23,"32":0,"33":0,"34":0,"35":0,"36":0,"37":0,"38":36,"39":6,"40":36,"41":36,"42":36,"43":36,"44":36,"45":36,"46":28,"47":8,"48":8,"49":4,"50":18,"51":18,"52":18,"53":9},"b":{"1":[77,0],"2":[41,36],"3":[10,26],"4":[6,35],"5":[4,4],"6":[10,23],"7":[14,9],"8":[0,0],"9":[6,30],"10":[28,8],"11":[28,0],"12":[4,4],"13":[9,9]},"f":{"1":27,"2":77,"3":77,"4":41,"5":8,"6":23,"7":0,"8":36,"9":8,"10":18},"fnMap":{"1":{"name":"constructor","line":44,"loc":{"start":{"line":40,"column":4},"end":{"line":44,"column":71}}},"2":{"name":"getPool","line":47,"loc":{"start":{"line":47,"column":4},"end":{"line":49,"column":4}}},"3":{"name":"algebraSwapCallback","line":57,"loc":{"start":{"line":57,"column":4},"end":{"line":83,"column":4}}},"4":{"name":"exactInputInternal","line":86,"loc":{"start":{"line":86,"column":4},"end":{"line":109,"column":4}}},"5":{"name":"exactInputSingle","line":116,"loc":{"start":{"line":112,"column":4},"end":{"line":126,"column":4}}},"6":{"name":"exactInput","line":133,"loc":{"start":{"line":129,"column":4},"end":{"line":163,"column":4}}},"7":{"name":"exactInputSingleSupportingFeeOnTransferTokens","line":169,"loc":{"start":{"line":166,"column":4},"end":{"line":194,"column":4}}},"8":{"name":"exactOutputInternal","line":197,"loc":{"start":{"line":197,"column":4},"end":{"line":226,"column":4}}},"9":{"name":"exactOutputSingle","line":233,"loc":{"start":{"line":229,"column":4},"end":{"line":246,"column":4}}},"10":{"name":"exactOutput","line":253,"loc":{"start":{"line":249,"column":4},"end":{"line":268,"column":4}}}},"statementMap":{"1":{"start":{"line":48,"column":8},"end":{"line":48,"column":109}},"2":{"start":{"line":62,"column":8},"end":{"line":62,"column":52}},"3":{"start":{"line":63,"column":8},"end":{"line":63,"column":76}},"4":{"start":{"line":64,"column":8},"end":{"line":64,"column":73}},"5":{"start":{"line":65,"column":8},"end":{"line":65,"column":73}},"6":{"start":{"line":67,"column":8},"end":{"line":67,"column":2609}},"7":{"start":{"line":70,"column":8},"end":{"line":70,"column":2748}},"8":{"start":{"line":71,"column":12},"end":{"line":71,"column":60}},"9":{"start":{"line":74,"column":12},"end":{"line":74,"column":2920}},"10":{"start":{"line":75,"column":16},"end":{"line":75,"column":48}},"11":{"start":{"line":76,"column":16},"end":{"line":76,"column":68}},"12":{"start":{"line":78,"column":16},"end":{"line":78,"column":43}},"13":{"start":{"line":79,"column":16},"end":{"line":79,"column":33}},"14":{"start":{"line":80,"column":16},"end":{"line":80,"column":64}},"15":{"start":{"line":92,"column":8},"end":{"line":92,"column":62}},"16":{"start":{"line":92,"column":37},"end":{"line":92,"column":61}},"17":{"start":{"line":94,"column":8},"end":{"line":94,"column":73}},"18":{"start":{"line":96,"column":8},"end":{"line":96,"column":43}},"19":{"start":{"line":98,"column":8},"end":{"line":98,"column":3852}},"20":{"start":{"line":108,"column":8},"end":{"line":108,"column":56}},"21":{"start":{"line":119,"column":8},"end":{"line":119,"column":4522}},"22":{"start":{"line":125,"column":8},"end":{"line":125,"column":75}},"23":{"start":{"line":136,"column":8},"end":{"line":136,"column":34}},"24":{"start":{"line":138,"column":8},"end":{"line":138,"column":5171}},"25":{"start":{"line":139,"column":12},"end":{"line":139,"column":66}},"26":{"start":{"line":142,"column":12},"end":{"line":142,"column":5354}},"27":{"start":{"line":153,"column":12},"end":{"line":153,"column":5847}},"28":{"start":{"line":154,"column":16},"end":{"line":154,"column":36}},"29":{"start":{"line":155,"column":16},"end":{"line":155,"column":52}},"30":{"start":{"line":157,"column":16},"end":{"line":157,"column":42}},"31":{"start":{"line":162,"column":8},"end":{"line":162,"column":75}},"32":{"start":{"line":172,"column":8},"end":{"line":172,"column":6473}},"33":{"start":{"line":176,"column":8},"end":{"line":176,"column":93}},"34":{"start":{"line":178,"column":8},"end":{"line":178,"column":57}},"35":{"start":{"line":180,"column":8},"end":{"line":180,"column":6805}},"36":{"start":{"line":191,"column":8},"end":{"line":191,"column":60}},"37":{"start":{"line":193,"column":8},"end":{"line":193,"column":75}},"38":{"start":{"line":203,"column":8},"end":{"line":203,"column":62}},"39":{"start":{"line":203,"column":37},"end":{"line":203,"column":61}},"40":{"start":{"line":205,"column":8},"end":{"line":205,"column":73}},"41":{"start":{"line":207,"column":8},"end":{"line":207,"column":43}},"42":{"start":{"line":209,"column":8},"end":{"line":209,"column":7911}},"43":{"start":{"line":219,"column":8},"end":{"line":219,"column":33}},"44":{"start":{"line":220,"column":8},"end":{"line":220,"column":8372}},"45":{"start":{"line":225,"column":8},"end":{"line":225,"column":72}},"46":{"start":{"line":225,"column":33},"end":{"line":225,"column":71}},"47":{"start":{"line":237,"column":8},"end":{"line":237,"column":9041}},"48":{"start":{"line":244,"column":8},"end":{"line":244,"column":72}},"49":{"start":{"line":245,"column":8},"end":{"line":245,"column":48}},"50":{"start":{"line":258,"column":8},"end":{"line":258,"column":9960}},"51":{"start":{"line":265,"column":8},"end":{"line":265,"column":32}},"52":{"start":{"line":266,"column":8},"end":{"line":266,"column":72}},"53":{"start":{"line":267,"column":8},"end":{"line":267,"column":48}}},"branchMap":{"1":{"line":62,"type":"if","locations":[{"start":{"line":62,"column":8},"end":{"line":62,"column":8}},{"start":{"line":62,"column":8},"end":{"line":62,"column":8}}]},"2":{"line":70,"type":"if","locations":[{"start":{"line":70,"column":8},"end":{"line":70,"column":8}},{"start":{"line":70,"column":8},"end":{"line":70,"column":8}}]},"3":{"line":74,"type":"if","locations":[{"start":{"line":74,"column":12},"end":{"line":74,"column":12}},{"start":{"line":74,"column":12},"end":{"line":74,"column":12}}]},"4":{"line":92,"type":"if","locations":[{"start":{"line":92,"column":8},"end":{"line":92,"column":8}},{"start":{"line":92,"column":8},"end":{"line":92,"column":8}}]},"5":{"line":125,"type":"if","locations":[{"start":{"line":125,"column":8},"end":{"line":125,"column":8}},{"start":{"line":125,"column":8},"end":{"line":125,"column":8}}]},"6":{"line":153,"type":"if","locations":[{"start":{"line":153,"column":12},"end":{"line":153,"column":12}},{"start":{"line":153,"column":12},"end":{"line":153,"column":12}}]},"7":{"line":162,"type":"if","locations":[{"start":{"line":162,"column":8},"end":{"line":162,"column":8}},{"start":{"line":162,"column":8},"end":{"line":162,"column":8}}]},"8":{"line":193,"type":"if","locations":[{"start":{"line":193,"column":8},"end":{"line":193,"column":8}},{"start":{"line":193,"column":8},"end":{"line":193,"column":8}}]},"9":{"line":203,"type":"if","locations":[{"start":{"line":203,"column":8},"end":{"line":203,"column":8}},{"start":{"line":203,"column":8},"end":{"line":203,"column":8}}]},"10":{"line":225,"type":"if","locations":[{"start":{"line":225,"column":8},"end":{"line":225,"column":8}},{"start":{"line":225,"column":8},"end":{"line":225,"column":8}}]},"11":{"line":225,"type":"if","locations":[{"start":{"line":225,"column":33},"end":{"line":225,"column":33}},{"start":{"line":225,"column":33},"end":{"line":225,"column":33}}]},"12":{"line":244,"type":"if","locations":[{"start":{"line":244,"column":8},"end":{"line":244,"column":8}},{"start":{"line":244,"column":8},"end":{"line":244,"column":8}}]},"13":{"line":266,"type":"if","locations":[{"start":{"line":266,"column":8},"end":{"line":266,"column":8}},{"start":{"line":266,"column":8},"end":{"line":266,"column":8}}]}}},"contracts\\V3Migrator.sol":{"l":{"31":3,"35":2,"39":7,"40":7,"43":7,"44":7,"47":7,"48":7,"51":7,"52":7,"55":7,"71":6,"72":5,"73":4,"76":5,"77":5,"78":0,"79":0,"81":5,"85":6,"86":5,"87":4,"90":5,"91":5,"92":2,"93":2,"95":3},"path":"C:\\Users\\Vladislav Volosnikov\\Desktop\\Algebra\\Algebra\\src\\periphery\\contracts\\V3Migrator.sol","s":{"1":3,"2":7,"3":7,"4":7,"5":7,"6":7,"7":7,"8":7,"9":7,"10":7,"11":6,"12":5,"13":4,"14":5,"15":5,"16":0,"17":0,"18":5,"19":6,"20":5,"21":4,"22":5,"23":5,"24":2,"25":2,"26":3},"b":{"1":[2,0],"2":[7,0],"3":[7,0],"4":[5,1],"5":[4,1],"6":[0,5],"7":[5,1],"8":[4,1],"9":[2,3]},"f":{"1":3,"2":7},"fnMap":{"1":{"name":"constructor","line":30,"loc":{"start":{"line":25,"column":4},"end":{"line":32,"column":4}}},"2":{"name":"migrate","line":38,"loc":{"start":{"line":38,"column":4},"end":{"line":98,"column":4}}}},"statementMap":{"1":{"start":{"line":31,"column":8},"end":{"line":31,"column":63}},"2":{"start":{"line":39,"column":8},"end":{"line":39,"column":70}},"3":{"start":{"line":40,"column":8},"end":{"line":40,"column":73}},"4":{"start":{"line":43,"column":8},"end":{"line":43,"column":99}},"5":{"start":{"line":44,"column":8},"end":{"line":44,"column":96}},"6":{"start":{"line":47,"column":8},"end":{"line":47,"column":84}},"7":{"start":{"line":48,"column":8},"end":{"line":48,"column":84}},"8":{"start":{"line":51,"column":8},"end":{"line":51,"column":96}},"9":{"start":{"line":52,"column":8},"end":{"line":52,"column":96}},"10":{"start":{"line":55,"column":8},"end":{"line":55,"column":2236}},"11":{"start":{"line":71,"column":8},"end":{"line":71,"column":2956}},"12":{"start":{"line":72,"column":12},"end":{"line":72,"column":3002}},"13":{"start":{"line":73,"column":16},"end":{"line":73,"column":87}},"14":{"start":{"line":76,"column":12},"end":{"line":76,"column":51}},"15":{"start":{"line":77,"column":12},"end":{"line":77,"column":3215}},"16":{"start":{"line":78,"column":16},"end":{"line":78,"column":60}},"17":{"start":{"line":79,"column":16},"end":{"line":79,"column":69}},"18":{"start":{"line":81,"column":16},"end":{"line":81,"column":78}},"19":{"start":{"line":85,"column":8},"end":{"line":85,"column":3551}},"20":{"start":{"line":86,"column":12},"end":{"line":86,"column":3597}},"21":{"start":{"line":87,"column":16},"end":{"line":87,"column":87}},"22":{"start":{"line":90,"column":12},"end":{"line":90,"column":51}},"23":{"start":{"line":91,"column":12},"end":{"line":91,"column":3810}},"24":{"start":{"line":92,"column":16},"end":{"line":92,"column":60}},"25":{"start":{"line":93,"column":16},"end":{"line":93,"column":69}},"26":{"start":{"line":95,"column":16},"end":{"line":95,"column":78}}},"branchMap":{"1":{"line":35,"type":"if","locations":[{"start":{"line":35,"column":8},"end":{"line":35,"column":8}},{"start":{"line":35,"column":8},"end":{"line":35,"column":8}}]},"2":{"line":39,"type":"if","locations":[{"start":{"line":39,"column":8},"end":{"line":39,"column":8}},{"start":{"line":39,"column":8},"end":{"line":39,"column":8}}]},"3":{"line":40,"type":"if","locations":[{"start":{"line":40,"column":8},"end":{"line":40,"column":8}},{"start":{"line":40,"column":8},"end":{"line":40,"column":8}}]},"4":{"line":71,"type":"if","locations":[{"start":{"line":71,"column":8},"end":{"line":71,"column":8}},{"start":{"line":71,"column":8},"end":{"line":71,"column":8}}]},"5":{"line":72,"type":"if","locations":[{"start":{"line":72,"column":12},"end":{"line":72,"column":12}},{"start":{"line":72,"column":12},"end":{"line":72,"column":12}}]},"6":{"line":77,"type":"if","locations":[{"start":{"line":77,"column":12},"end":{"line":77,"column":12}},{"start":{"line":77,"column":12},"end":{"line":77,"column":12}}]},"7":{"line":85,"type":"if","locations":[{"start":{"line":85,"column":8},"end":{"line":85,"column":8}},{"start":{"line":85,"column":8},"end":{"line":85,"column":8}}]},"8":{"line":86,"type":"if","locations":[{"start":{"line":86,"column":12},"end":{"line":86,"column":12}},{"start":{"line":86,"column":12},"end":{"line":86,"column":12}}]},"9":{"line":91,"type":"if","locations":[{"start":{"line":91,"column":12},"end":{"line":91,"column":12}},{"start":{"line":91,"column":12},"end":{"line":91,"column":12}}]}}}}